<?xml version="1.0" encoding="utf-8"?><testsuites><testsuite name="pytest" errors="0" failures="43" skipped="0" tests="1682" time="46.705" timestamp="2026-09-06T22:23:35.040186-07:00" hostname="omega"><testcase classname="tests.core.langgraph.initialization.test_all_chapter_outlines_node.TestGenerateAllChapterOutlines" name="test_config_disabled_skips" time="0.009" /><testcase classname="tests.core.langgraph.initialization.test_all_chapter_outlines_node.TestGenerateAllChapterOutlines" name="test_successful_generation" time="0.002" /><testcase classname="tests.core.langgraph.initialization.test_all_chapter_outlines_node.TestGenerateAllChapterOutlines" name="test_partial_failure_continues" time="0.001" /><testcase classname="tests.core.langgraph.initialization.test_all_chapter_outlines_node.TestGenerateAllChapterOutlines" name="test_total_failure_returns_error" time="0.001" /><testcase classname="tests.core.langgraph.initialization.test_chapter_allocation.TestActRange" name="test_chapters_in_act_single_chapter" time="0.000" /><testcase classname="tests.core.langgraph.initialization.test_chapter_allocation.TestActRange" name="test_chapters_in_act_multiple_chapters" time="0.000" /><testcase classname="tests.core.langgraph.initialization.test_chapter_allocation.TestActRange" name="test_chapters_in_act_empty_range" time="0.000" /><testcase classname="tests.core.langgraph.initialization.test_chapter_allocation.TestActRange" name="test_contains_within_range" time="0.000" /><testcase classname="tests.core.langgraph.initialization.test_chapter_allocation.TestActRange" name="test_contains_at_start_boundary" time="0.000" /><testcase classname="tests.core.langgraph.initialization.test_chapter_allocation.TestActRange" name="test_contains_at_end_boundary" time="0.000" /><testcase classname="tests.core.langgraph.initialization.test_chapter_allocation.TestActRange" name="test_contains_below_range" time="0.000" /><testcase classname="tests.core.langgraph.initialization.test_chapter_allocation.TestActRange" name="test_contains_above_range" time="0.000" /><testcase classname="tests.core.langgraph.initialization.test_chapter_allocation.TestActRange" name="test_frozen_dataclass" time="0.000" /><testcase classname="tests.core.langgraph.initialization.test_chapter_allocation.TestIsInt" name="test_positive_integer" time="0.000" /><testcase classname="tests.core.langgraph.initialization.test_chapter_allocation.TestIsInt" name="test_zero" time="0.000" /><testcase classname="tests.core.langgraph.initialization.test_chapter_allocation.TestIsInt" name="test_negative_integer" time="0.000" /><testcase classname="tests.core.langgraph.initialization.test_chapter_allocation.TestIsInt" name="test_bool_true_excluded" time="0.000" /><testcase classname="tests.core.langgraph.initialization.test_chapter_allocation.TestIsInt" name="test_bool_false_excluded" time="0.000" /><testcase classname="tests.core.langgraph.initialization.test_chapter_allocation.TestIsInt" name="test_float_excluded" time="0.000" /><testcase classname="tests.core.langgraph.initialization.test_chapter_allocation.TestIsInt" name="test_string_excluded" time="0.000" /><testcase classname="tests.core.langgraph.initialization.test_chapter_allocation.TestIsInt" name="test_none_excluded" time="0.000" /><testcase classname="tests.core.langgraph.initialization.test_chapter_allocation.TestExtractExplicitActRanges" name="test_valid_acts" time="0.000" /><testcase classname="tests.core.langgraph.initialization.test_chapter_allocation.TestExtractExplicitActRanges" name="test_missing_acts_key" time="0.000" /><testcase classname="tests.core.langgraph.initialization.test_chapter_allocation.TestExtractExplicitActRanges" name="test_acts_is_not_a_list" time="0.000" /><testcase classname="tests.core.langgraph.initialization.test_chapter_allocation.TestExtractExplicitActRanges" name="test_acts_is_none" time="0.000" /><testcase classname="tests.core.langgraph.initialization.test_chapter_allocation.TestExtractExplicitActRanges" name="test_act_missing_chapters_start" time="0.000" /><testcase classname="tests.core.langgraph.initialization.test_chapter_allocation.TestExtractExplicitActRanges" name="test_act_missing_chapters_end" time="0.000" /><testcase classname="tests.core.langgraph.initialization.test_chapter_allocation.TestExtractExplicitActRanges" name="test_act_missing_act_number" time="0.000" /><testcase classname="tests.core.langgraph.initialization.test_chapter_allocation.TestExtractExplicitActRanges" name="test_act_with_bool_fields_excluded" time="0.000" /><testcase classname="tests.core.langgraph.initialization.test_chapter_allocation.TestExtractExplicitActRanges" name="test_non_dict_act_entries_skipped" time="0.000" /><testcase classname="tests.core.langgraph.initialization.test_chapter_allocation.TestExtractExplicitActRanges" name="test_partial_valid_acts" time="0.000" /><testcase classname="tests.core.langgraph.initialization.test_chapter_allocation.TestComputeBalancedActRanges" name="test_even_distribution" time="0.000" /><testcase classname="tests.core.langgraph.initialization.test_chapter_allocation.TestComputeBalancedActRanges" name="test_remainder_distributed_to_earlier_acts" time="0.000" /><testcase classname="tests.core.langgraph.initialization.test_chapter_allocation.TestComputeBalancedActRanges" name="test_remainder_of_two_with_three_acts" time="0.000" /><testcase classname="tests.core.langgraph.initialization.test_chapter_allocation.TestComputeBalancedActRanges" name="test_single_act" time="0.000" /><testcase classname="tests.core.langgraph.initialization.test_chapter_allocation.TestComputeBalancedActRanges" name="test_more_acts_than_chapters" time="0.000" /><testcase classname="tests.core.langgraph.initialization.test_chapter_allocation.TestComputeBalancedActRanges" name="test_zero_chapters" time="0.000" /><testcase classname="tests.core.langgraph.initialization.test_chapter_allocation.TestComputeBalancedActRanges" name="test_zero_act_count_returns_empty" time="0.000" /><testcase classname="tests.core.langgraph.initialization.test_chapter_allocation.TestComputeBalancedActRanges" name="test_negative_act_count_returns_empty" time="0.000" /><testcase classname="tests.core.langgraph.initialization.test_chapter_allocation.TestComputeBalancedActRanges" name="test_contiguous_ranges" time="0.000" /><testcase classname="tests.core.langgraph.initialization.test_chapter_allocation.TestComputeBalancedActRanges" name="test_one_chapter_one_act" time="0.000" /><testcase classname="tests.core.langgraph.initialization.test_chapter_allocation.TestChooseActRanges" name="test_prefers_explicit_when_complete" time="0.000" /><testcase classname="tests.core.langgraph.initialization.test_chapter_allocation.TestChooseActRanges" name="test_falls_back_to_balanced_when_explicit_incomplete" time="0.000" /><testcase classname="tests.core.langgraph.initialization.test_chapter_allocation.TestChooseActRanges" name="test_falls_back_to_balanced_when_no_acts" time="0.000" /><testcase classname="tests.core.langgraph.initialization.test_chapter_allocation.TestChooseActRanges" name="test_defaults_to_three_acts_when_act_count_missing" time="0.000" /><testcase classname="tests.core.langgraph.initialization.test_chapter_allocation.TestChooseActRanges" name="test_defaults_to_three_acts_when_act_count_invalid" time="0.000" /><testcase classname="tests.core.langgraph.initialization.test_chapter_allocation.TestChooseActRanges" name="test_defaults_to_three_acts_when_act_count_zero" time="0.000" /><testcase classname="tests.core.langgraph.initialization.test_chapter_allocation.TestChooseActRanges" name="test_defaults_to_three_acts_when_act_count_negative" time="0.000" /><testcase classname="tests.core.langgraph.initialization.test_chapter_allocation.TestChooseActRanges" name="test_defaults_to_three_acts_when_act_count_is_bool" time="0.000" /><testcase classname="tests.core.langgraph.initialization.test_chapter_allocation.TestDetermineActForChapter" name="test_chapter_in_first_act" time="0.000" /><testcase classname="tests.core.langgraph.initialization.test_chapter_allocation.TestDetermineActForChapter" name="test_chapter_in_second_act" time="0.000" /><testcase classname="tests.core.langgraph.initialization.test_chapter_allocation.TestDetermineActForChapter" name="test_chapter_in_last_act" time="0.000" /><testcase classname="tests.core.langgraph.initialization.test_chapter_allocation.TestDetermineActForChapter" name="test_chapter_beyond_range_clamps_to_last_act" time="0.000" /><testcase classname="tests.core.langgraph.initialization.test_chapter_allocation.TestDetermineActForChapter" name="test_chapter_zero_clamps_to_first_act" time="0.000" /><testcase classname="tests.core.langgraph.initialization.test_chapter_allocation.TestDetermineActForChapter" name="test_negative_chapter_clamps_to_first_act" time="0.000" /><testcase classname="tests.core.langgraph.initialization.test_chapter_allocation.TestDetermineActForChapter" name="test_with_explicit_ranges" time="0.000" /><testcase classname="tests.core.langgraph.initialization.test_chapter_allocation.TestDetermineActForChapter" name="test_with_single_act" time="0.000" /><testcase classname="tests.core.langgraph.initialization.test_outline_relationships_node.TestParseRelationshipsExtraction" name="test_valid_json_with_triples" time="0.000" /><testcase classname="tests.core.langgraph.initialization.test_outline_relationships_node.TestParseRelationshipsExtraction" name="test_code_fenced_json" time="0.000" /><testcase classname="tests.core.langgraph.initialization.test_outline_relationships_node.TestParseRelationshipsExtraction" name="test_empty_kg_triples_returns_empty_list" time="0.000" /><testcase classname="tests.core.langgraph.initialization.test_outline_relationships_node.TestParseRelationshipsExtraction" name="test_skips_incomplete_triples" time="0.000" /><testcase classname="tests.core.langgraph.initialization.test_outline_relationships_node.TestParseRelationshipsExtraction" name="test_handles_dict_subject_and_object" time="0.000" /><testcase classname="tests.core.langgraph.initialization.test_outline_relationships_node.TestParseRelationshipsExtraction" name="test_invalid_json_raises" time="0.000" /><testcase classname="tests.core.langgraph.initialization.test_outline_relationships_node.TestParseRelationshipsExtraction" name="test_non_dict_top_level_raises" time="0.000" /><testcase classname="tests.core.langgraph.initialization.test_outline_relationships_node.TestParseRelationshipsExtraction" name="test_kg_triples_not_a_list_raises" time="0.000" /><testcase classname="tests.core.langgraph.initialization.test_outline_relationships_node.TestParseRelationshipsExtraction" name="test_strips_whitespace_from_names" time="0.000" /><testcase classname="tests.core.langgraph.initialization.test_outline_relationships_node.TestParseRelationshipsExtraction" name="test_multiple_triples_preserved_in_order" time="0.000" /><testcase classname="tests.core.langgraph.initialization.test_outline_relationships_node.TestExtractOutlineRelationships" name="test_no_outlines_returns_none_ref" time="0.001" /><testcase classname="tests.core.langgraph.initialization.test_outline_relationships_node.TestExtractOutlineRelationships" name="test_successful_extraction" time="0.003" /><testcase classname="tests.core.langgraph.initialization.test_outline_relationships_node.TestExtractOutlineRelationships" name="test_parse_failure_retries_then_returns_none" time="0.001" /><testcase classname="tests.core.langgraph.initialization.test_run_parsers_node.TestRunInitializationParsers" name="test_all_parsers_succeed" time="0.001" /><testcase classname="tests.core.langgraph.initialization.test_run_parsers_node.TestRunInitializationParsers" name="test_some_parsers_fail" time="0.001" /><testcase classname="tests.core.langgraph.initialization.test_run_parsers_node.TestRunInitializationParsers" name="test_exception_in_runner" time="0.001" /><testcase classname="tests.core.langgraph.initialization.test_run_parsers_node.TestRunInitializationParsers" name="test_missing_project_dir_raises" time="0.000" /><testcase classname="tests.core.langgraph.nodes.test_assemble_chapter_node.TestAssembleChapterEmptyScenes" name="test_no_scene_drafts_ref" time="0.001" /><testcase classname="tests.core.langgraph.nodes.test_assemble_chapter_node.TestAssembleChapterEmptyScenes" name="test_empty_scene_list" time="0.001" /><testcase classname="tests.core.langgraph.nodes.test_assemble_chapter_node.TestAssembleChapterSingleScene" name="test_single_scene_content" time="0.001" /><testcase classname="tests.core.langgraph.nodes.test_assemble_chapter_node.TestAssembleChapterSingleScene" name="test_single_scene_word_count" time="0.001" /><testcase classname="tests.core.langgraph.nodes.test_assemble_chapter_node.TestAssembleChapterMultipleScenes" name="test_two_scenes_joined_with_separator" time="0.001" /><testcase classname="tests.core.langgraph.nodes.test_assemble_chapter_node.TestAssembleChapterMultipleScenes" name="test_three_scenes_joined_with_separator" time="0.001" /><testcase classname="tests.core.langgraph.nodes.test_assemble_chapter_node.TestAssembleChapterMultipleScenes" name="test_multi_scene_word_count" time="0.001" /><testcase classname="tests.core.langgraph.nodes.test_assemble_chapter_node.TestAssembleChapterExternalization" name="test_draft_and_scenes_externalized" time="0.001" /><testcase classname="tests.core.langgraph.nodes.test_assemble_chapter_node.TestAssembleChapterExternalization" name="test_draft_ref_metadata" time="0.001" /><testcase classname="tests.core.langgraph.nodes.test_commit_node.TestCommitNodeEntityPersistence" name="test_commit_to_graph_creates_entity_ids" time="0.002"><failure message="core.exceptions.DatabaseError: Database error during connection (Details: {'operation': 'connection', 'original_error': 'AUDIT_OFFLINE_BLOCK: socket.getaddrinfo', 'error_type': 'RuntimeError', 'uri': 'bolt://localhost:7687'})">core/db_manager.py:87: in connect
    await asyncio.to_thread(sync_driver.verify_connectivity)
/home/dlewis3/.local/share/uv/python/cpython-3.12.13-linux-x86_64-gnu/lib/python3.12/asyncio/threads.py:25: in to_thread
    return await loop.run_in_executor(None, func_call)
/home/dlewis3/.local/share/uv/python/cpython-3.12.13-linux-x86_64-gnu/lib/python3.12/concurrent/futures/thread.py:59: in run
    result = self.fn(*self.args, **self.kwargs)
../venv/lib/python3.12/site-packages/neo4j/_sync/driver.py:1090: in verify_connectivity
    self._get_server_info(session_config)
../venv/lib/python3.12/site-packages/neo4j/_sync/driver.py:1305: in _get_server_info
    return session._get_server_info()
../venv/lib/python3.12/site-packages/neo4j/_sync/work/session.py:183: in _get_server_info
    self._connect(
../venv/lib/python3.12/site-packages/neo4j/_sync/work/session.py:136: in _connect
    super()._connect(
../venv/lib/python3.12/site-packages/neo4j/_sync/work/workspace.py:199: in _connect
    self._connection = self._pool.acquire(**acquire_kwargs_)
../venv/lib/python3.12/site-packages/neo4j/_sync/io/_pool.py:676: in acquire
    return self._acquire(
../venv/lib/python3.12/site-packages/neo4j/_sync/io/_pool.py:417: in _acquire
    return connection_creator()
../venv/lib/python3.12/site-packages/neo4j/_sync/io/_pool.py:230: in connection_creator
    connection = self.opener(
../venv/lib/python3.12/site-packages/neo4j/_sync/io/_pool.py:637: in opener
    return Bolt.open(
../venv/lib/python3.12/site-packages/neo4j/_sync/io/_bolt.py:368: in open
    s, protocol_version, handshake, data = BoltSocket.connect(
../venv/lib/python3.12/site-packages/neo4j/_sync/io/_bolt_socket.py:319: in connect
    for resolved_address in resolved_addresses:
../venv/lib/python3.12/site-packages/neo4j/_async_compat/network/_util.py:196: in resolve_address
    for address_dns_resolved in NetworkUtil._dns_resolver(
../venv/lib/python3.12/site-packages/neo4j/_async_compat/network/_util.py:144: in _dns_resolver
    info = NetworkUtil.get_address_info(
../venv/lib/python3.12/site-packages/neo4j/_async_compat/network/_util.py:130: in get_address_info
    return socket.getaddrinfo(host, port, family, type, proto, flags)
/home/dlewis3/.local/share/uv/python/cpython-3.12.13-linux-x86_64-gnu/lib/python3.12/socket.py:978: in getaddrinfo
    for res in _socket.getaddrinfo(host, port, family, type, proto, flags):
/home/dlewis3/Desktop/AI/saga/docs/audits/2026-09-06/offline_runner.py:20: in deny_external
    raise RuntimeError(f'AUDIT_OFFLINE_BLOCK: {event}')
E   RuntimeError: AUDIT_OFFLINE_BLOCK: socket.getaddrinfo

The above exception was the direct cause of the following exception:
tests/core/langgraph/nodes/test_commit_node.py:48: in test_commit_to_graph_creates_entity_ids
    await commit_to_graph(mock_state)  # type: ignore[arg-type]
core/langgraph/nodes/commit_node.py:373: in commit_to_graph
    existing_names = await _get_existing_entity_names()
core/langgraph/nodes/commit_node.py:283: in _get_existing_entity_names
    results = await neo4j_manager.execute_read_query(query, {})
core/db_manager.py:361: in execute_read_query
    await self._ensure_connected()
core/db_manager.py:233: in _ensure_connected
    await self.connect()
core/db_manager.py:159: in connect
    raise handle_database_error("connection", e, uri=config.NEO4J_URI) from e
E   core.exceptions.DatabaseError: Database error during connection (Details: {'operation': 'connection', 'original_error': 'AUDIT_OFFLINE_BLOCK: socket.getaddrinfo', 'error_type': 'RuntimeError', 'uri': 'bolt://localhost:7687'})</failure></testcase><testcase classname="tests.core.langgraph.nodes.test_commit_node.TestCommitNodeEntityPersistence" name="test_commit_to_graph_handles_empty_extractions" time="0.002"><failure message="core.exceptions.DatabaseError: Database error during connection (Details: {'operation': 'connection', 'original_error': 'AUDIT_OFFLINE_BLOCK: socket.getaddrinfo', 'error_type': 'RuntimeError', 'uri': 'bolt://localhost:7687'})">core/db_manager.py:87: in connect
    await asyncio.to_thread(sync_driver.verify_connectivity)
/home/dlewis3/.local/share/uv/python/cpython-3.12.13-linux-x86_64-gnu/lib/python3.12/asyncio/threads.py:25: in to_thread
    return await loop.run_in_executor(None, func_call)
/home/dlewis3/.local/share/uv/python/cpython-3.12.13-linux-x86_64-gnu/lib/python3.12/concurrent/futures/thread.py:59: in run
    result = self.fn(*self.args, **self.kwargs)
../venv/lib/python3.12/site-packages/neo4j/_sync/driver.py:1090: in verify_connectivity
    self._get_server_info(session_config)
../venv/lib/python3.12/site-packages/neo4j/_sync/driver.py:1305: in _get_server_info
    return session._get_server_info()
../venv/lib/python3.12/site-packages/neo4j/_sync/work/session.py:183: in _get_server_info
    self._connect(
../venv/lib/python3.12/site-packages/neo4j/_sync/work/session.py:136: in _connect
    super()._connect(
../venv/lib/python3.12/site-packages/neo4j/_sync/work/workspace.py:199: in _connect
    self._connection = self._pool.acquire(**acquire_kwargs_)
../venv/lib/python3.12/site-packages/neo4j/_sync/io/_pool.py:676: in acquire
    return self._acquire(
../venv/lib/python3.12/site-packages/neo4j/_sync/io/_pool.py:417: in _acquire
    return connection_creator()
../venv/lib/python3.12/site-packages/neo4j/_sync/io/_pool.py:230: in connection_creator
    connection = self.opener(
../venv/lib/python3.12/site-packages/neo4j/_sync/io/_pool.py:637: in opener
    return Bolt.open(
../venv/lib/python3.12/site-packages/neo4j/_sync/io/_bolt.py:368: in open
    s, protocol_version, handshake, data = BoltSocket.connect(
../venv/lib/python3.12/site-packages/neo4j/_sync/io/_bolt_socket.py:319: in connect
    for resolved_address in resolved_addresses:
../venv/lib/python3.12/site-packages/neo4j/_async_compat/network/_util.py:196: in resolve_address
    for address_dns_resolved in NetworkUtil._dns_resolver(
../venv/lib/python3.12/site-packages/neo4j/_async_compat/network/_util.py:144: in _dns_resolver
    info = NetworkUtil.get_address_info(
../venv/lib/python3.12/site-packages/neo4j/_async_compat/network/_util.py:130: in get_address_info
    return socket.getaddrinfo(host, port, family, type, proto, flags)
/home/dlewis3/.local/share/uv/python/cpython-3.12.13-linux-x86_64-gnu/lib/python3.12/socket.py:978: in getaddrinfo
    for res in _socket.getaddrinfo(host, port, family, type, proto, flags):
/home/dlewis3/Desktop/AI/saga/docs/audits/2026-09-06/offline_runner.py:20: in deny_external
    raise RuntimeError(f'AUDIT_OFFLINE_BLOCK: {event}')
E   RuntimeError: AUDIT_OFFLINE_BLOCK: socket.getaddrinfo

The above exception was the direct cause of the following exception:
tests/core/langgraph/nodes/test_commit_node.py:88: in test_commit_to_graph_handles_empty_extractions
    await commit_to_graph(mock_state)  # type: ignore[arg-type]
core/langgraph/nodes/commit_node.py:373: in commit_to_graph
    existing_names = await _get_existing_entity_names()
core/langgraph/nodes/commit_node.py:283: in _get_existing_entity_names
    results = await neo4j_manager.execute_read_query(query, {})
core/db_manager.py:361: in execute_read_query
    await self._ensure_connected()
core/db_manager.py:233: in _ensure_connected
    await self.connect()
core/db_manager.py:159: in connect
    raise handle_database_error("connection", e, uri=config.NEO4J_URI) from e
E   core.exceptions.DatabaseError: Database error during connection (Details: {'operation': 'connection', 'original_error': 'AUDIT_OFFLINE_BLOCK: socket.getaddrinfo', 'error_type': 'RuntimeError', 'uri': 'bolt://localhost:7687'})</failure></testcase><testcase classname="tests.core.langgraph.nodes.test_commit_node.TestCommitNodeEntityPersistence" name="test_commit_to_graph_deduplicates_entities" time="0.002"><failure message="core.exceptions.DatabaseError: Database error during connection (Details: {'operation': 'connection', 'original_error': 'AUDIT_OFFLINE_BLOCK: socket.getaddrinfo', 'error_type': 'RuntimeError', 'uri': 'bolt://localhost:7687'})">core/db_manager.py:87: in connect
    await asyncio.to_thread(sync_driver.verify_connectivity)
/home/dlewis3/.local/share/uv/python/cpython-3.12.13-linux-x86_64-gnu/lib/python3.12/asyncio/threads.py:25: in to_thread
    return await loop.run_in_executor(None, func_call)
/home/dlewis3/.local/share/uv/python/cpython-3.12.13-linux-x86_64-gnu/lib/python3.12/concurrent/futures/thread.py:59: in run
    result = self.fn(*self.args, **self.kwargs)
../venv/lib/python3.12/site-packages/neo4j/_sync/driver.py:1090: in verify_connectivity
    self._get_server_info(session_config)
../venv/lib/python3.12/site-packages/neo4j/_sync/driver.py:1305: in _get_server_info
    return session._get_server_info()
../venv/lib/python3.12/site-packages/neo4j/_sync/work/session.py:183: in _get_server_info
    self._connect(
../venv/lib/python3.12/site-packages/neo4j/_sync/work/session.py:136: in _connect
    super()._connect(
../venv/lib/python3.12/site-packages/neo4j/_sync/work/workspace.py:199: in _connect
    self._connection = self._pool.acquire(**acquire_kwargs_)
../venv/lib/python3.12/site-packages/neo4j/_sync/io/_pool.py:676: in acquire
    return self._acquire(
../venv/lib/python3.12/site-packages/neo4j/_sync/io/_pool.py:417: in _acquire
    return connection_creator()
../venv/lib/python3.12/site-packages/neo4j/_sync/io/_pool.py:230: in connection_creator
    connection = self.opener(
../venv/lib/python3.12/site-packages/neo4j/_sync/io/_pool.py:637: in opener
    return Bolt.open(
../venv/lib/python3.12/site-packages/neo4j/_sync/io/_bolt.py:368: in open
    s, protocol_version, handshake, data = BoltSocket.connect(
../venv/lib/python3.12/site-packages/neo4j/_sync/io/_bolt_socket.py:319: in connect
    for resolved_address in resolved_addresses:
../venv/lib/python3.12/site-packages/neo4j/_async_compat/network/_util.py:196: in resolve_address
    for address_dns_resolved in NetworkUtil._dns_resolver(
../venv/lib/python3.12/site-packages/neo4j/_async_compat/network/_util.py:144: in _dns_resolver
    info = NetworkUtil.get_address_info(
../venv/lib/python3.12/site-packages/neo4j/_async_compat/network/_util.py:130: in get_address_info
    return socket.getaddrinfo(host, port, family, type, proto, flags)
/home/dlewis3/.local/share/uv/python/cpython-3.12.13-linux-x86_64-gnu/lib/python3.12/socket.py:978: in getaddrinfo
    for res in _socket.getaddrinfo(host, port, family, type, proto, flags):
/home/dlewis3/Desktop/AI/saga/docs/audits/2026-09-06/offline_runner.py:20: in deny_external
    raise RuntimeError(f'AUDIT_OFFLINE_BLOCK: {event}')
E   RuntimeError: AUDIT_OFFLINE_BLOCK: socket.getaddrinfo

The above exception was the direct cause of the following exception:
tests/core/langgraph/nodes/test_commit_node.py:120: in test_commit_to_graph_deduplicates_entities
    await commit_to_graph(mock_state)  # type: ignore[arg-type]
core/langgraph/nodes/commit_node.py:373: in commit_to_graph
    existing_names = await _get_existing_entity_names()
core/langgraph/nodes/commit_node.py:283: in _get_existing_entity_names
    results = await neo4j_manager.execute_read_query(query, {})
core/db_manager.py:361: in execute_read_query
    await self._ensure_connected()
core/db_manager.py:233: in _ensure_connected
    await self.connect()
core/db_manager.py:159: in connect
    raise handle_database_error("connection", e, uri=config.NEO4J_URI) from e
E   core.exceptions.DatabaseError: Database error during connection (Details: {'operation': 'connection', 'original_error': 'AUDIT_OFFLINE_BLOCK: socket.getaddrinfo', 'error_type': 'RuntimeError', 'uri': 'bolt://localhost:7687'})</failure></testcase><testcase classname="tests.core.langgraph.nodes.test_commit_node.TestCommitNodeRelationshipPersistence" name="test_commit_to_graph_creates_relationships" time="0.002"><failure message="core.exceptions.DatabaseError: Database error during connection (Details: {'operation': 'connection', 'original_error': 'AUDIT_OFFLINE_BLOCK: socket.getaddrinfo', 'error_type': 'RuntimeError', 'uri': 'bolt://localhost:7687'})">core/db_manager.py:87: in connect
    await asyncio.to_thread(sync_driver.verify_connectivity)
/home/dlewis3/.local/share/uv/python/cpython-3.12.13-linux-x86_64-gnu/lib/python3.12/asyncio/threads.py:25: in to_thread
    return await loop.run_in_executor(None, func_call)
/home/dlewis3/.local/share/uv/python/cpython-3.12.13-linux-x86_64-gnu/lib/python3.12/concurrent/futures/thread.py:59: in run
    result = self.fn(*self.args, **self.kwargs)
../venv/lib/python3.12/site-packages/neo4j/_sync/driver.py:1090: in verify_connectivity
    self._get_server_info(session_config)
../venv/lib/python3.12/site-packages/neo4j/_sync/driver.py:1305: in _get_server_info
    return session._get_server_info()
../venv/lib/python3.12/site-packages/neo4j/_sync/work/session.py:183: in _get_server_info
    self._connect(
../venv/lib/python3.12/site-packages/neo4j/_sync/work/session.py:136: in _connect
    super()._connect(
../venv/lib/python3.12/site-packages/neo4j/_sync/work/workspace.py:199: in _connect
    self._connection = self._pool.acquire(**acquire_kwargs_)
../venv/lib/python3.12/site-packages/neo4j/_sync/io/_pool.py:676: in acquire
    return self._acquire(
../venv/lib/python3.12/site-packages/neo4j/_sync/io/_pool.py:417: in _acquire
    return connection_creator()
../venv/lib/python3.12/site-packages/neo4j/_sync/io/_pool.py:230: in connection_creator
    connection = self.opener(
../venv/lib/python3.12/site-packages/neo4j/_sync/io/_pool.py:637: in opener
    return Bolt.open(
../venv/lib/python3.12/site-packages/neo4j/_sync/io/_bolt.py:368: in open
    s, protocol_version, handshake, data = BoltSocket.connect(
../venv/lib/python3.12/site-packages/neo4j/_sync/io/_bolt_socket.py:319: in connect
    for resolved_address in resolved_addresses:
../venv/lib/python3.12/site-packages/neo4j/_async_compat/network/_util.py:196: in resolve_address
    for address_dns_resolved in NetworkUtil._dns_resolver(
../venv/lib/python3.12/site-packages/neo4j/_async_compat/network/_util.py:144: in _dns_resolver
    info = NetworkUtil.get_address_info(
../venv/lib/python3.12/site-packages/neo4j/_async_compat/network/_util.py:130: in get_address_info
    return socket.getaddrinfo(host, port, family, type, proto, flags)
/home/dlewis3/.local/share/uv/python/cpython-3.12.13-linux-x86_64-gnu/lib/python3.12/socket.py:978: in getaddrinfo
    for res in _socket.getaddrinfo(host, port, family, type, proto, flags):
/home/dlewis3/Desktop/AI/saga/docs/audits/2026-09-06/offline_runner.py:20: in deny_external
    raise RuntimeError(f'AUDIT_OFFLINE_BLOCK: {event}')
E   RuntimeError: AUDIT_OFFLINE_BLOCK: socket.getaddrinfo

The above exception was the direct cause of the following exception:
tests/core/langgraph/nodes/test_commit_node.py:180: in test_commit_to_graph_creates_relationships
    await commit_to_graph(mock_state)  # type: ignore[arg-type]
core/langgraph/nodes/commit_node.py:373: in commit_to_graph
    existing_names = await _get_existing_entity_names()
core/langgraph/nodes/commit_node.py:283: in _get_existing_entity_names
    results = await neo4j_manager.execute_read_query(query, {})
core/db_manager.py:361: in execute_read_query
    await self._ensure_connected()
core/db_manager.py:233: in _ensure_connected
    await self.connect()
core/db_manager.py:159: in connect
    raise handle_database_error("connection", e, uri=config.NEO4J_URI) from e
E   core.exceptions.DatabaseError: Database error during connection (Details: {'operation': 'connection', 'original_error': 'AUDIT_OFFLINE_BLOCK: socket.getaddrinfo', 'error_type': 'RuntimeError', 'uri': 'bolt://localhost:7687'})</failure></testcase><testcase classname="tests.core.langgraph.nodes.test_commit_node.TestCommitNodeRelationshipPersistence" name="test_commit_to_graph_handles_missing_relationships" time="0.002"><failure message="core.exceptions.DatabaseError: Database error during connection (Details: {'operation': 'connection', 'original_error': 'AUDIT_OFFLINE_BLOCK: socket.getaddrinfo', 'error_type': 'RuntimeError', 'uri': 'bolt://localhost:7687'})">core/db_manager.py:87: in connect
    await asyncio.to_thread(sync_driver.verify_connectivity)
/home/dlewis3/.local/share/uv/python/cpython-3.12.13-linux-x86_64-gnu/lib/python3.12/asyncio/threads.py:25: in to_thread
    return await loop.run_in_executor(None, func_call)
/home/dlewis3/.local/share/uv/python/cpython-3.12.13-linux-x86_64-gnu/lib/python3.12/concurrent/futures/thread.py:59: in run
    result = self.fn(*self.args, **self.kwargs)
../venv/lib/python3.12/site-packages/neo4j/_sync/driver.py:1090: in verify_connectivity
    self._get_server_info(session_config)
../venv/lib/python3.12/site-packages/neo4j/_sync/driver.py:1305: in _get_server_info
    return session._get_server_info()
../venv/lib/python3.12/site-packages/neo4j/_sync/work/session.py:183: in _get_server_info
    self._connect(
../venv/lib/python3.12/site-packages/neo4j/_sync/work/session.py:136: in _connect
    super()._connect(
../venv/lib/python3.12/site-packages/neo4j/_sync/work/workspace.py:199: in _connect
    self._connection = self._pool.acquire(**acquire_kwargs_)
../venv/lib/python3.12/site-packages/neo4j/_sync/io/_pool.py:676: in acquire
    return self._acquire(
../venv/lib/python3.12/site-packages/neo4j/_sync/io/_pool.py:417: in _acquire
    return connection_creator()
../venv/lib/python3.12/site-packages/neo4j/_sync/io/_pool.py:230: in connection_creator
    connection = self.opener(
../venv/lib/python3.12/site-packages/neo4j/_sync/io/_pool.py:637: in opener
    return Bolt.open(
../venv/lib/python3.12/site-packages/neo4j/_sync/io/_bolt.py:368: in open
    s, protocol_version, handshake, data = BoltSocket.connect(
../venv/lib/python3.12/site-packages/neo4j/_sync/io/_bolt_socket.py:319: in connect
    for resolved_address in resolved_addresses:
../venv/lib/python3.12/site-packages/neo4j/_async_compat/network/_util.py:196: in resolve_address
    for address_dns_resolved in NetworkUtil._dns_resolver(
../venv/lib/python3.12/site-packages/neo4j/_async_compat/network/_util.py:144: in _dns_resolver
    info = NetworkUtil.get_address_info(
../venv/lib/python3.12/site-packages/neo4j/_async_compat/network/_util.py:130: in get_address_info
    return socket.getaddrinfo(host, port, family, type, proto, flags)
/home/dlewis3/.local/share/uv/python/cpython-3.12.13-linux-x86_64-gnu/lib/python3.12/socket.py:978: in getaddrinfo
    for res in _socket.getaddrinfo(host, port, family, type, proto, flags):
/home/dlewis3/Desktop/AI/saga/docs/audits/2026-09-06/offline_runner.py:20: in deny_external
    raise RuntimeError(f'AUDIT_OFFLINE_BLOCK: {event}')
E   RuntimeError: AUDIT_OFFLINE_BLOCK: socket.getaddrinfo

The above exception was the direct cause of the following exception:
tests/core/langgraph/nodes/test_commit_node.py:220: in test_commit_to_graph_handles_missing_relationships
    await commit_to_graph(mock_state)  # type: ignore[arg-type]
core/langgraph/nodes/commit_node.py:373: in commit_to_graph
    existing_names = await _get_existing_entity_names()
core/langgraph/nodes/commit_node.py:283: in _get_existing_entity_names
    results = await neo4j_manager.execute_read_query(query, {})
core/db_manager.py:361: in execute_read_query
    await self._ensure_connected()
core/db_manager.py:233: in _ensure_connected
    await self.connect()
core/db_manager.py:159: in connect
    raise handle_database_error("connection", e, uri=config.NEO4J_URI) from e
E   core.exceptions.DatabaseError: Database error during connection (Details: {'operation': 'connection', 'original_error': 'AUDIT_OFFLINE_BLOCK: socket.getaddrinfo', 'error_type': 'RuntimeError', 'uri': 'bolt://localhost:7687'})</failure></testcase><testcase classname="tests.core.langgraph.nodes.test_commit_node.TestCommitNodeChapterPersistence" name="test_commit_to_graph_creates_chapter_node" time="0.002"><failure message="core.exceptions.DatabaseError: Database error during connection (Details: {'operation': 'connection', 'original_error': 'AUDIT_OFFLINE_BLOCK: socket.getaddrinfo', 'error_type': 'RuntimeError', 'uri': 'bolt://localhost:7687'})">core/db_manager.py:87: in connect
    await asyncio.to_thread(sync_driver.verify_connectivity)
/home/dlewis3/.local/share/uv/python/cpython-3.12.13-linux-x86_64-gnu/lib/python3.12/asyncio/threads.py:25: in to_thread
    return await loop.run_in_executor(None, func_call)
/home/dlewis3/.local/share/uv/python/cpython-3.12.13-linux-x86_64-gnu/lib/python3.12/concurrent/futures/thread.py:59: in run
    result = self.fn(*self.args, **self.kwargs)
../venv/lib/python3.12/site-packages/neo4j/_sync/driver.py:1090: in verify_connectivity
    self._get_server_info(session_config)
../venv/lib/python3.12/site-packages/neo4j/_sync/driver.py:1305: in _get_server_info
    return session._get_server_info()
../venv/lib/python3.12/site-packages/neo4j/_sync/work/session.py:183: in _get_server_info
    self._connect(
../venv/lib/python3.12/site-packages/neo4j/_sync/work/session.py:136: in _connect
    super()._connect(
../venv/lib/python3.12/site-packages/neo4j/_sync/work/workspace.py:199: in _connect
    self._connection = self._pool.acquire(**acquire_kwargs_)
../venv/lib/python3.12/site-packages/neo4j/_sync/io/_pool.py:676: in acquire
    return self._acquire(
../venv/lib/python3.12/site-packages/neo4j/_sync/io/_pool.py:417: in _acquire
    return connection_creator()
../venv/lib/python3.12/site-packages/neo4j/_sync/io/_pool.py:230: in connection_creator
    connection = self.opener(
../venv/lib/python3.12/site-packages/neo4j/_sync/io/_pool.py:637: in opener
    return Bolt.open(
../venv/lib/python3.12/site-packages/neo4j/_sync/io/_bolt.py:368: in open
    s, protocol_version, handshake, data = BoltSocket.connect(
../venv/lib/python3.12/site-packages/neo4j/_sync/io/_bolt_socket.py:319: in connect
    for resolved_address in resolved_addresses:
../venv/lib/python3.12/site-packages/neo4j/_async_compat/network/_util.py:196: in resolve_address
    for address_dns_resolved in NetworkUtil._dns_resolver(
../venv/lib/python3.12/site-packages/neo4j/_async_compat/network/_util.py:144: in _dns_resolver
    info = NetworkUtil.get_address_info(
../venv/lib/python3.12/site-packages/neo4j/_async_compat/network/_util.py:130: in get_address_info
    return socket.getaddrinfo(host, port, family, type, proto, flags)
/home/dlewis3/.local/share/uv/python/cpython-3.12.13-linux-x86_64-gnu/lib/python3.12/socket.py:978: in getaddrinfo
    for res in _socket.getaddrinfo(host, port, family, type, proto, flags):
/home/dlewis3/Desktop/AI/saga/docs/audits/2026-09-06/offline_runner.py:20: in deny_external
    raise RuntimeError(f'AUDIT_OFFLINE_BLOCK: {event}')
E   RuntimeError: AUDIT_OFFLINE_BLOCK: socket.getaddrinfo

The above exception was the direct cause of the following exception:
tests/core/langgraph/nodes/test_commit_node.py:263: in test_commit_to_graph_creates_chapter_node
    await commit_to_graph(mock_state)  # type: ignore[arg-type]
core/langgraph/nodes/commit_node.py:373: in commit_to_graph
    existing_names = await _get_existing_entity_names()
core/langgraph/nodes/commit_node.py:283: in _get_existing_entity_names
    results = await neo4j_manager.execute_read_query(query, {})
core/db_manager.py:361: in execute_read_query
    await self._ensure_connected()
core/db_manager.py:233: in _ensure_connected
    await self.connect()
core/db_manager.py:159: in connect
    raise handle_database_error("connection", e, uri=config.NEO4J_URI) from e
E   core.exceptions.DatabaseError: Database error during connection (Details: {'operation': 'connection', 'original_error': 'AUDIT_OFFLINE_BLOCK: socket.getaddrinfo', 'error_type': 'RuntimeError', 'uri': 'bolt://localhost:7687'})</failure></testcase><testcase classname="tests.core.langgraph.nodes.test_commit_node.TestCommitNodeChapterPersistence" name="test_commit_to_graph_links_chapter_to_entities" time="0.002"><failure message="core.exceptions.DatabaseError: Database error during connection (Details: {'operation': 'connection', 'original_error': 'AUDIT_OFFLINE_BLOCK: socket.getaddrinfo', 'error_type': 'RuntimeError', 'uri': 'bolt://localhost:7687'})">core/db_manager.py:87: in connect
    await asyncio.to_thread(sync_driver.verify_connectivity)
/home/dlewis3/.local/share/uv/python/cpython-3.12.13-linux-x86_64-gnu/lib/python3.12/asyncio/threads.py:25: in to_thread
    return await loop.run_in_executor(None, func_call)
/home/dlewis3/.local/share/uv/python/cpython-3.12.13-linux-x86_64-gnu/lib/python3.12/concurrent/futures/thread.py:59: in run
    result = self.fn(*self.args, **self.kwargs)
../venv/lib/python3.12/site-packages/neo4j/_sync/driver.py:1090: in verify_connectivity
    self._get_server_info(session_config)
../venv/lib/python3.12/site-packages/neo4j/_sync/driver.py:1305: in _get_server_info
    return session._get_server_info()
../venv/lib/python3.12/site-packages/neo4j/_sync/work/session.py:183: in _get_server_info
    self._connect(
../venv/lib/python3.12/site-packages/neo4j/_sync/work/session.py:136: in _connect
    super()._connect(
../venv/lib/python3.12/site-packages/neo4j/_sync/work/workspace.py:199: in _connect
    self._connection = self._pool.acquire(**acquire_kwargs_)
../venv/lib/python3.12/site-packages/neo4j/_sync/io/_pool.py:676: in acquire
    return self._acquire(
../venv/lib/python3.12/site-packages/neo4j/_sync/io/_pool.py:417: in _acquire
    return connection_creator()
../venv/lib/python3.12/site-packages/neo4j/_sync/io/_pool.py:230: in connection_creator
    connection = self.opener(
../venv/lib/python3.12/site-packages/neo4j/_sync/io/_pool.py:637: in opener
    return Bolt.open(
../venv/lib/python3.12/site-packages/neo4j/_sync/io/_bolt.py:368: in open
    s, protocol_version, handshake, data = BoltSocket.connect(
../venv/lib/python3.12/site-packages/neo4j/_sync/io/_bolt_socket.py:319: in connect
    for resolved_address in resolved_addresses:
../venv/lib/python3.12/site-packages/neo4j/_async_compat/network/_util.py:196: in resolve_address
    for address_dns_resolved in NetworkUtil._dns_resolver(
../venv/lib/python3.12/site-packages/neo4j/_async_compat/network/_util.py:144: in _dns_resolver
    info = NetworkUtil.get_address_info(
../venv/lib/python3.12/site-packages/neo4j/_async_compat/network/_util.py:130: in get_address_info
    return socket.getaddrinfo(host, port, family, type, proto, flags)
/home/dlewis3/.local/share/uv/python/cpython-3.12.13-linux-x86_64-gnu/lib/python3.12/socket.py:978: in getaddrinfo
    for res in _socket.getaddrinfo(host, port, family, type, proto, flags):
/home/dlewis3/Desktop/AI/saga/docs/audits/2026-09-06/offline_runner.py:20: in deny_external
    raise RuntimeError(f'AUDIT_OFFLINE_BLOCK: {event}')
E   RuntimeError: AUDIT_OFFLINE_BLOCK: socket.getaddrinfo

The above exception was the direct cause of the following exception:
tests/core/langgraph/nodes/test_commit_node.py:302: in test_commit_to_graph_links_chapter_to_entities
    await commit_to_graph(mock_state)  # type: ignore[arg-type]
core/langgraph/nodes/commit_node.py:373: in commit_to_graph
    existing_names = await _get_existing_entity_names()
core/langgraph/nodes/commit_node.py:283: in _get_existing_entity_names
    results = await neo4j_manager.execute_read_query(query, {})
core/db_manager.py:361: in execute_read_query
    await self._ensure_connected()
core/db_manager.py:233: in _ensure_connected
    await self.connect()
core/db_manager.py:159: in connect
    raise handle_database_error("connection", e, uri=config.NEO4J_URI) from e
E   core.exceptions.DatabaseError: Database error during connection (Details: {'operation': 'connection', 'original_error': 'AUDIT_OFFLINE_BLOCK: socket.getaddrinfo', 'error_type': 'RuntimeError', 'uri': 'bolt://localhost:7687'})</failure></testcase><testcase classname="tests.core.langgraph.nodes.test_commit_node.TestCommitNodeErrorHandling" name="test_commit_to_graph_handles_database_errors" time="0.002"><failure message="core.exceptions.DatabaseError: Database error during connection (Details: {'operation': 'connection', 'original_error': 'AUDIT_OFFLINE_BLOCK: socket.getaddrinfo', 'error_type': 'RuntimeError', 'uri': 'bolt://localhost:7687'})">core/db_manager.py:87: in connect
    await asyncio.to_thread(sync_driver.verify_connectivity)
/home/dlewis3/.local/share/uv/python/cpython-3.12.13-linux-x86_64-gnu/lib/python3.12/asyncio/threads.py:25: in to_thread
    return await loop.run_in_executor(None, func_call)
/home/dlewis3/.local/share/uv/python/cpython-3.12.13-linux-x86_64-gnu/lib/python3.12/concurrent/futures/thread.py:59: in run
    result = self.fn(*self.args, **self.kwargs)
../venv/lib/python3.12/site-packages/neo4j/_sync/driver.py:1090: in verify_connectivity
    self._get_server_info(session_config)
../venv/lib/python3.12/site-packages/neo4j/_sync/driver.py:1305: in _get_server_info
    return session._get_server_info()
../venv/lib/python3.12/site-packages/neo4j/_sync/work/session.py:183: in _get_server_info
    self._connect(
../venv/lib/python3.12/site-packages/neo4j/_sync/work/session.py:136: in _connect
    super()._connect(
../venv/lib/python3.12/site-packages/neo4j/_sync/work/workspace.py:199: in _connect
    self._connection = self._pool.acquire(**acquire_kwargs_)
../venv/lib/python3.12/site-packages/neo4j/_sync/io/_pool.py:676: in acquire
    return self._acquire(
../venv/lib/python3.12/site-packages/neo4j/_sync/io/_pool.py:417: in _acquire
    return connection_creator()
../venv/lib/python3.12/site-packages/neo4j/_sync/io/_pool.py:230: in connection_creator
    connection = self.opener(
../venv/lib/python3.12/site-packages/neo4j/_sync/io/_pool.py:637: in opener
    return Bolt.open(
../venv/lib/python3.12/site-packages/neo4j/_sync/io/_bolt.py:368: in open
    s, protocol_version, handshake, data = BoltSocket.connect(
../venv/lib/python3.12/site-packages/neo4j/_sync/io/_bolt_socket.py:319: in connect
    for resolved_address in resolved_addresses:
../venv/lib/python3.12/site-packages/neo4j/_async_compat/network/_util.py:196: in resolve_address
    for address_dns_resolved in NetworkUtil._dns_resolver(
../venv/lib/python3.12/site-packages/neo4j/_async_compat/network/_util.py:144: in _dns_resolver
    info = NetworkUtil.get_address_info(
../venv/lib/python3.12/site-packages/neo4j/_async_compat/network/_util.py:130: in get_address_info
    return socket.getaddrinfo(host, port, family, type, proto, flags)
/home/dlewis3/.local/share/uv/python/cpython-3.12.13-linux-x86_64-gnu/lib/python3.12/socket.py:978: in getaddrinfo
    for res in _socket.getaddrinfo(host, port, family, type, proto, flags):
/home/dlewis3/Desktop/AI/saga/docs/audits/2026-09-06/offline_runner.py:20: in deny_external
    raise RuntimeError(f'AUDIT_OFFLINE_BLOCK: {event}')
E   RuntimeError: AUDIT_OFFLINE_BLOCK: socket.getaddrinfo

The above exception was the direct cause of the following exception:
tests/core/langgraph/nodes/test_commit_node.py:337: in test_commit_to_graph_handles_database_errors
    result = await commit_to_graph(mock_state)  # type: ignore[arg-type]
core/langgraph/nodes/commit_node.py:373: in commit_to_graph
    existing_names = await _get_existing_entity_names()
core/langgraph/nodes/commit_node.py:283: in _get_existing_entity_names
    results = await neo4j_manager.execute_read_query(query, {})
core/db_manager.py:361: in execute_read_query
    await self._ensure_connected()
core/db_manager.py:233: in _ensure_connected
    await self.connect()
core/db_manager.py:159: in connect
    raise handle_database_error("connection", e, uri=config.NEO4J_URI) from e
E   core.exceptions.DatabaseError: Database error during connection (Details: {'operation': 'connection', 'original_error': 'AUDIT_OFFLINE_BLOCK: socket.getaddrinfo', 'error_type': 'RuntimeError', 'uri': 'bolt://localhost:7687'})</failure></testcase><testcase classname="tests.core.langgraph.nodes.test_commit_node.TestCommitNodeErrorHandling" name="test_commit_to_graph_handles_missing_content" time="0.001"><failure message="core.exceptions.DatabaseError: Database error during connection (Details: {'operation': 'connection', 'original_error': 'AUDIT_OFFLINE_BLOCK: socket.getaddrinfo', 'error_type': 'RuntimeError', 'uri': 'bolt://localhost:7687'})">core/db_manager.py:87: in connect
    await asyncio.to_thread(sync_driver.verify_connectivity)
/home/dlewis3/.local/share/uv/python/cpython-3.12.13-linux-x86_64-gnu/lib/python3.12/asyncio/threads.py:25: in to_thread
    return await loop.run_in_executor(None, func_call)
/home/dlewis3/.local/share/uv/python/cpython-3.12.13-linux-x86_64-gnu/lib/python3.12/concurrent/futures/thread.py:59: in run
    result = self.fn(*self.args, **self.kwargs)
../venv/lib/python3.12/site-packages/neo4j/_sync/driver.py:1090: in verify_connectivity
    self._get_server_info(session_config)
../venv/lib/python3.12/site-packages/neo4j/_sync/driver.py:1305: in _get_server_info
    return session._get_server_info()
../venv/lib/python3.12/site-packages/neo4j/_sync/work/session.py:183: in _get_server_info
    self._connect(
../venv/lib/python3.12/site-packages/neo4j/_sync/work/session.py:136: in _connect
    super()._connect(
../venv/lib/python3.12/site-packages/neo4j/_sync/work/workspace.py:199: in _connect
    self._connection = self._pool.acquire(**acquire_kwargs_)
../venv/lib/python3.12/site-packages/neo4j/_sync/io/_pool.py:676: in acquire
    return self._acquire(
../venv/lib/python3.12/site-packages/neo4j/_sync/io/_pool.py:417: in _acquire
    return connection_creator()
../venv/lib/python3.12/site-packages/neo4j/_sync/io/_pool.py:230: in connection_creator
    connection = self.opener(
../venv/lib/python3.12/site-packages/neo4j/_sync/io/_pool.py:637: in opener
    return Bolt.open(
../venv/lib/python3.12/site-packages/neo4j/_sync/io/_bolt.py:368: in open
    s, protocol_version, handshake, data = BoltSocket.connect(
../venv/lib/python3.12/site-packages/neo4j/_sync/io/_bolt_socket.py:319: in connect
    for resolved_address in resolved_addresses:
../venv/lib/python3.12/site-packages/neo4j/_async_compat/network/_util.py:196: in resolve_address
    for address_dns_resolved in NetworkUtil._dns_resolver(
../venv/lib/python3.12/site-packages/neo4j/_async_compat/network/_util.py:144: in _dns_resolver
    info = NetworkUtil.get_address_info(
../venv/lib/python3.12/site-packages/neo4j/_async_compat/network/_util.py:130: in get_address_info
    return socket.getaddrinfo(host, port, family, type, proto, flags)
/home/dlewis3/.local/share/uv/python/cpython-3.12.13-linux-x86_64-gnu/lib/python3.12/socket.py:978: in getaddrinfo
    for res in _socket.getaddrinfo(host, port, family, type, proto, flags):
/home/dlewis3/Desktop/AI/saga/docs/audits/2026-09-06/offline_runner.py:20: in deny_external
    raise RuntimeError(f'AUDIT_OFFLINE_BLOCK: {event}')
E   RuntimeError: AUDIT_OFFLINE_BLOCK: socket.getaddrinfo

The above exception was the direct cause of the following exception:
tests/core/langgraph/nodes/test_commit_node.py:352: in test_commit_to_graph_handles_missing_content
    result = await commit_to_graph(mock_state)  # type: ignore[arg-type]
core/langgraph/nodes/commit_node.py:373: in commit_to_graph
    existing_names = await _get_existing_entity_names()
core/langgraph/nodes/commit_node.py:283: in _get_existing_entity_names
    results = await neo4j_manager.execute_read_query(query, {})
core/db_manager.py:361: in execute_read_query
    await self._ensure_connected()
core/db_manager.py:233: in _ensure_connected
    await self.connect()
core/db_manager.py:159: in connect
    raise handle_database_error("connection", e, uri=config.NEO4J_URI) from e
E   core.exceptions.DatabaseError: Database error during connection (Details: {'operation': 'connection', 'original_error': 'AUDIT_OFFLINE_BLOCK: socket.getaddrinfo', 'error_type': 'RuntimeError', 'uri': 'bolt://localhost:7687'})</failure></testcase><testcase classname="tests.core.langgraph.nodes.test_commit_node.TestCommitNodeStateManagement" name="test_commit_to_graph_updates_state" time="0.002"><failure message="core.exceptions.DatabaseError: Database error during connection (Details: {'operation': 'connection', 'original_error': 'AUDIT_OFFLINE_BLOCK: socket.getaddrinfo', 'error_type': 'RuntimeError', 'uri': 'bolt://localhost:7687'})">core/db_manager.py:87: in connect
    await asyncio.to_thread(sync_driver.verify_connectivity)
/home/dlewis3/.local/share/uv/python/cpython-3.12.13-linux-x86_64-gnu/lib/python3.12/asyncio/threads.py:25: in to_thread
    return await loop.run_in_executor(None, func_call)
/home/dlewis3/.local/share/uv/python/cpython-3.12.13-linux-x86_64-gnu/lib/python3.12/concurrent/futures/thread.py:59: in run
    result = self.fn(*self.args, **self.kwargs)
../venv/lib/python3.12/site-packages/neo4j/_sync/driver.py:1090: in verify_connectivity
    self._get_server_info(session_config)
../venv/lib/python3.12/site-packages/neo4j/_sync/driver.py:1305: in _get_server_info
    return session._get_server_info()
../venv/lib/python3.12/site-packages/neo4j/_sync/work/session.py:183: in _get_server_info
    self._connect(
../venv/lib/python3.12/site-packages/neo4j/_sync/work/session.py:136: in _connect
    super()._connect(
../venv/lib/python3.12/site-packages/neo4j/_sync/work/workspace.py:199: in _connect
    self._connection = self._pool.acquire(**acquire_kwargs_)
../venv/lib/python3.12/site-packages/neo4j/_sync/io/_pool.py:676: in acquire
    return self._acquire(
../venv/lib/python3.12/site-packages/neo4j/_sync/io/_pool.py:417: in _acquire
    return connection_creator()
../venv/lib/python3.12/site-packages/neo4j/_sync/io/_pool.py:230: in connection_creator
    connection = self.opener(
../venv/lib/python3.12/site-packages/neo4j/_sync/io/_pool.py:637: in opener
    return Bolt.open(
../venv/lib/python3.12/site-packages/neo4j/_sync/io/_bolt.py:368: in open
    s, protocol_version, handshake, data = BoltSocket.connect(
../venv/lib/python3.12/site-packages/neo4j/_sync/io/_bolt_socket.py:319: in connect
    for resolved_address in resolved_addresses:
../venv/lib/python3.12/site-packages/neo4j/_async_compat/network/_util.py:196: in resolve_address
    for address_dns_resolved in NetworkUtil._dns_resolver(
../venv/lib/python3.12/site-packages/neo4j/_async_compat/network/_util.py:144: in _dns_resolver
    info = NetworkUtil.get_address_info(
../venv/lib/python3.12/site-packages/neo4j/_async_compat/network/_util.py:130: in get_address_info
    return socket.getaddrinfo(host, port, family, type, proto, flags)
/home/dlewis3/.local/share/uv/python/cpython-3.12.13-linux-x86_64-gnu/lib/python3.12/socket.py:978: in getaddrinfo
    for res in _socket.getaddrinfo(host, port, family, type, proto, flags):
/home/dlewis3/Desktop/AI/saga/docs/audits/2026-09-06/offline_runner.py:20: in deny_external
    raise RuntimeError(f'AUDIT_OFFLINE_BLOCK: {event}')
E   RuntimeError: AUDIT_OFFLINE_BLOCK: socket.getaddrinfo

The above exception was the direct cause of the following exception:
tests/core/langgraph/nodes/test_commit_node.py:386: in test_commit_to_graph_updates_state
    result = await commit_to_graph(mock_state)  # type: ignore[arg-type]
core/langgraph/nodes/commit_node.py:373: in commit_to_graph
    existing_names = await _get_existing_entity_names()
core/langgraph/nodes/commit_node.py:283: in _get_existing_entity_names
    results = await neo4j_manager.execute_read_query(query, {})
core/db_manager.py:361: in execute_read_query
    await self._ensure_connected()
core/db_manager.py:233: in _ensure_connected
    await self.connect()
core/db_manager.py:159: in connect
    raise handle_database_error("connection", e, uri=config.NEO4J_URI) from e
E   core.exceptions.DatabaseError: Database error during connection (Details: {'operation': 'connection', 'original_error': 'AUDIT_OFFLINE_BLOCK: socket.getaddrinfo', 'error_type': 'RuntimeError', 'uri': 'bolt://localhost:7687'})</failure></testcase><testcase classname="tests.core.langgraph.nodes.test_commit_node.TestCommitNodeStateManagement" name="test_commit_to_graph_preserves_existing_state" time="0.002"><failure message="core.exceptions.DatabaseError: Database error during connection (Details: {'operation': 'connection', 'original_error': 'AUDIT_OFFLINE_BLOCK: socket.getaddrinfo', 'error_type': 'RuntimeError', 'uri': 'bolt://localhost:7687'})">core/db_manager.py:87: in connect
    await asyncio.to_thread(sync_driver.verify_connectivity)
/home/dlewis3/.local/share/uv/python/cpython-3.12.13-linux-x86_64-gnu/lib/python3.12/asyncio/threads.py:25: in to_thread
    return await loop.run_in_executor(None, func_call)
/home/dlewis3/.local/share/uv/python/cpython-3.12.13-linux-x86_64-gnu/lib/python3.12/concurrent/futures/thread.py:59: in run
    result = self.fn(*self.args, **self.kwargs)
../venv/lib/python3.12/site-packages/neo4j/_sync/driver.py:1090: in verify_connectivity
    self._get_server_info(session_config)
../venv/lib/python3.12/site-packages/neo4j/_sync/driver.py:1305: in _get_server_info
    return session._get_server_info()
../venv/lib/python3.12/site-packages/neo4j/_sync/work/session.py:183: in _get_server_info
    self._connect(
../venv/lib/python3.12/site-packages/neo4j/_sync/work/session.py:136: in _connect
    super()._connect(
../venv/lib/python3.12/site-packages/neo4j/_sync/work/workspace.py:199: in _connect
    self._connection = self._pool.acquire(**acquire_kwargs_)
../venv/lib/python3.12/site-packages/neo4j/_sync/io/_pool.py:676: in acquire
    return self._acquire(
../venv/lib/python3.12/site-packages/neo4j/_sync/io/_pool.py:417: in _acquire
    return connection_creator()
../venv/lib/python3.12/site-packages/neo4j/_sync/io/_pool.py:230: in connection_creator
    connection = self.opener(
../venv/lib/python3.12/site-packages/neo4j/_sync/io/_pool.py:637: in opener
    return Bolt.open(
../venv/lib/python3.12/site-packages/neo4j/_sync/io/_bolt.py:368: in open
    s, protocol_version, handshake, data = BoltSocket.connect(
../venv/lib/python3.12/site-packages/neo4j/_sync/io/_bolt_socket.py:319: in connect
    for resolved_address in resolved_addresses:
../venv/lib/python3.12/site-packages/neo4j/_async_compat/network/_util.py:196: in resolve_address
    for address_dns_resolved in NetworkUtil._dns_resolver(
../venv/lib/python3.12/site-packages/neo4j/_async_compat/network/_util.py:144: in _dns_resolver
    info = NetworkUtil.get_address_info(
../venv/lib/python3.12/site-packages/neo4j/_async_compat/network/_util.py:130: in get_address_info
    return socket.getaddrinfo(host, port, family, type, proto, flags)
/home/dlewis3/.local/share/uv/python/cpython-3.12.13-linux-x86_64-gnu/lib/python3.12/socket.py:978: in getaddrinfo
    for res in _socket.getaddrinfo(host, port, family, type, proto, flags):
/home/dlewis3/Desktop/AI/saga/docs/audits/2026-09-06/offline_runner.py:20: in deny_external
    raise RuntimeError(f'AUDIT_OFFLINE_BLOCK: {event}')
E   RuntimeError: AUDIT_OFFLINE_BLOCK: socket.getaddrinfo

The above exception was the direct cause of the following exception:
tests/core/langgraph/nodes/test_commit_node.py:426: in test_commit_to_graph_preserves_existing_state
    result = await commit_to_graph(mock_state)  # type: ignore[arg-type]
core/langgraph/nodes/commit_node.py:373: in commit_to_graph
    existing_names = await _get_existing_entity_names()
core/langgraph/nodes/commit_node.py:283: in _get_existing_entity_names
    results = await neo4j_manager.execute_read_query(query, {})
core/db_manager.py:361: in execute_read_query
    await self._ensure_connected()
core/db_manager.py:233: in _ensure_connected
    await self.connect()
core/db_manager.py:159: in connect
    raise handle_database_error("connection", e, uri=config.NEO4J_URI) from e
E   core.exceptions.DatabaseError: Database error during connection (Details: {'operation': 'connection', 'original_error': 'AUDIT_OFFLINE_BLOCK: socket.getaddrinfo', 'error_type': 'RuntimeError', 'uri': 'bolt://localhost:7687'})</failure></testcase><testcase classname="tests.core.langgraph.nodes.test_commit_node_simple.TestCommitNodeIntegration" name="test_commit_to_graph_with_valid_state" time="0.002"><failure message="core.exceptions.DatabaseError: Database error during connection (Details: {'operation': 'connection', 'original_error': 'AUDIT_OFFLINE_BLOCK: socket.getaddrinfo', 'error_type': 'RuntimeError', 'uri': 'bolt://localhost:7687'})">core/db_manager.py:87: in connect
    await asyncio.to_thread(sync_driver.verify_connectivity)
/home/dlewis3/.local/share/uv/python/cpython-3.12.13-linux-x86_64-gnu/lib/python3.12/asyncio/threads.py:25: in to_thread
    return await loop.run_in_executor(None, func_call)
/home/dlewis3/.local/share/uv/python/cpython-3.12.13-linux-x86_64-gnu/lib/python3.12/concurrent/futures/thread.py:59: in run
    result = self.fn(*self.args, **self.kwargs)
../venv/lib/python3.12/site-packages/neo4j/_sync/driver.py:1090: in verify_connectivity
    self._get_server_info(session_config)
../venv/lib/python3.12/site-packages/neo4j/_sync/driver.py:1305: in _get_server_info
    return session._get_server_info()
../venv/lib/python3.12/site-packages/neo4j/_sync/work/session.py:183: in _get_server_info
    self._connect(
../venv/lib/python3.12/site-packages/neo4j/_sync/work/session.py:136: in _connect
    super()._connect(
../venv/lib/python3.12/site-packages/neo4j/_sync/work/workspace.py:199: in _connect
    self._connection = self._pool.acquire(**acquire_kwargs_)
../venv/lib/python3.12/site-packages/neo4j/_sync/io/_pool.py:676: in acquire
    return self._acquire(
../venv/lib/python3.12/site-packages/neo4j/_sync/io/_pool.py:417: in _acquire
    return connection_creator()
../venv/lib/python3.12/site-packages/neo4j/_sync/io/_pool.py:230: in connection_creator
    connection = self.opener(
../venv/lib/python3.12/site-packages/neo4j/_sync/io/_pool.py:637: in opener
    return Bolt.open(
../venv/lib/python3.12/site-packages/neo4j/_sync/io/_bolt.py:368: in open
    s, protocol_version, handshake, data = BoltSocket.connect(
../venv/lib/python3.12/site-packages/neo4j/_sync/io/_bolt_socket.py:319: in connect
    for resolved_address in resolved_addresses:
../venv/lib/python3.12/site-packages/neo4j/_async_compat/network/_util.py:196: in resolve_address
    for address_dns_resolved in NetworkUtil._dns_resolver(
../venv/lib/python3.12/site-packages/neo4j/_async_compat/network/_util.py:144: in _dns_resolver
    info = NetworkUtil.get_address_info(
../venv/lib/python3.12/site-packages/neo4j/_async_compat/network/_util.py:130: in get_address_info
    return socket.getaddrinfo(host, port, family, type, proto, flags)
/home/dlewis3/.local/share/uv/python/cpython-3.12.13-linux-x86_64-gnu/lib/python3.12/socket.py:978: in getaddrinfo
    for res in _socket.getaddrinfo(host, port, family, type, proto, flags):
/home/dlewis3/Desktop/AI/saga/docs/audits/2026-09-06/offline_runner.py:20: in deny_external
    raise RuntimeError(f'AUDIT_OFFLINE_BLOCK: {event}')
E   RuntimeError: AUDIT_OFFLINE_BLOCK: socket.getaddrinfo

The above exception was the direct cause of the following exception:
tests/core/langgraph/nodes/test_commit_node_simple.py:37: in test_commit_to_graph_with_valid_state
    result = await commit_to_graph(mock_state)  # type: ignore[arg-type]
core/langgraph/nodes/commit_node.py:373: in commit_to_graph
    existing_names = await _get_existing_entity_names()
core/langgraph/nodes/commit_node.py:283: in _get_existing_entity_names
    results = await neo4j_manager.execute_read_query(query, {})
core/db_manager.py:361: in execute_read_query
    await self._ensure_connected()
core/db_manager.py:233: in _ensure_connected
    await self.connect()
core/db_manager.py:159: in connect
    raise handle_database_error("connection", e, uri=config.NEO4J_URI) from e
E   core.exceptions.DatabaseError: Database error during connection (Details: {'operation': 'connection', 'original_error': 'AUDIT_OFFLINE_BLOCK: socket.getaddrinfo', 'error_type': 'RuntimeError', 'uri': 'bolt://localhost:7687'})</failure></testcase><testcase classname="tests.core.langgraph.nodes.test_commit_node_simple.TestCommitNodeIntegration" name="test_commit_to_graph_with_empty_extractions" time="0.002"><failure message="core.exceptions.DatabaseError: Database error during connection (Details: {'operation': 'connection', 'original_error': 'AUDIT_OFFLINE_BLOCK: socket.getaddrinfo', 'error_type': 'RuntimeError', 'uri': 'bolt://localhost:7687'})">core/db_manager.py:87: in connect
    await asyncio.to_thread(sync_driver.verify_connectivity)
/home/dlewis3/.local/share/uv/python/cpython-3.12.13-linux-x86_64-gnu/lib/python3.12/asyncio/threads.py:25: in to_thread
    return await loop.run_in_executor(None, func_call)
/home/dlewis3/.local/share/uv/python/cpython-3.12.13-linux-x86_64-gnu/lib/python3.12/concurrent/futures/thread.py:59: in run
    result = self.fn(*self.args, **self.kwargs)
../venv/lib/python3.12/site-packages/neo4j/_sync/driver.py:1090: in verify_connectivity
    self._get_server_info(session_config)
../venv/lib/python3.12/site-packages/neo4j/_sync/driver.py:1305: in _get_server_info
    return session._get_server_info()
../venv/lib/python3.12/site-packages/neo4j/_sync/work/session.py:183: in _get_server_info
    self._connect(
../venv/lib/python3.12/site-packages/neo4j/_sync/work/session.py:136: in _connect
    super()._connect(
../venv/lib/python3.12/site-packages/neo4j/_sync/work/workspace.py:199: in _connect
    self._connection = self._pool.acquire(**acquire_kwargs_)
../venv/lib/python3.12/site-packages/neo4j/_sync/io/_pool.py:676: in acquire
    return self._acquire(
../venv/lib/python3.12/site-packages/neo4j/_sync/io/_pool.py:417: in _acquire
    return connection_creator()
../venv/lib/python3.12/site-packages/neo4j/_sync/io/_pool.py:230: in connection_creator
    connection = self.opener(
../venv/lib/python3.12/site-packages/neo4j/_sync/io/_pool.py:637: in opener
    return Bolt.open(
../venv/lib/python3.12/site-packages/neo4j/_sync/io/_bolt.py:368: in open
    s, protocol_version, handshake, data = BoltSocket.connect(
../venv/lib/python3.12/site-packages/neo4j/_sync/io/_bolt_socket.py:319: in connect
    for resolved_address in resolved_addresses:
../venv/lib/python3.12/site-packages/neo4j/_async_compat/network/_util.py:196: in resolve_address
    for address_dns_resolved in NetworkUtil._dns_resolver(
../venv/lib/python3.12/site-packages/neo4j/_async_compat/network/_util.py:144: in _dns_resolver
    info = NetworkUtil.get_address_info(
../venv/lib/python3.12/site-packages/neo4j/_async_compat/network/_util.py:130: in get_address_info
    return socket.getaddrinfo(host, port, family, type, proto, flags)
/home/dlewis3/.local/share/uv/python/cpython-3.12.13-linux-x86_64-gnu/lib/python3.12/socket.py:978: in getaddrinfo
    for res in _socket.getaddrinfo(host, port, family, type, proto, flags):
/home/dlewis3/Desktop/AI/saga/docs/audits/2026-09-06/offline_runner.py:20: in deny_external
    raise RuntimeError(f'AUDIT_OFFLINE_BLOCK: {event}')
E   RuntimeError: AUDIT_OFFLINE_BLOCK: socket.getaddrinfo

The above exception was the direct cause of the following exception:
tests/core/langgraph/nodes/test_commit_node_simple.py:68: in test_commit_to_graph_with_empty_extractions
    result = await commit_to_graph(mock_state)  # type: ignore[arg-type]
core/langgraph/nodes/commit_node.py:373: in commit_to_graph
    existing_names = await _get_existing_entity_names()
core/langgraph/nodes/commit_node.py:283: in _get_existing_entity_names
    results = await neo4j_manager.execute_read_query(query, {})
core/db_manager.py:361: in execute_read_query
    await self._ensure_connected()
core/db_manager.py:233: in _ensure_connected
    await self.connect()
core/db_manager.py:159: in connect
    raise handle_database_error("connection", e, uri=config.NEO4J_URI) from e
E   core.exceptions.DatabaseError: Database error during connection (Details: {'operation': 'connection', 'original_error': 'AUDIT_OFFLINE_BLOCK: socket.getaddrinfo', 'error_type': 'RuntimeError', 'uri': 'bolt://localhost:7687'})</failure></testcase><testcase classname="tests.core.langgraph.nodes.test_commit_node_simple.TestCommitNodeIntegration" name="test_commit_to_graph_with_relationships" time="0.002"><failure message="core.exceptions.DatabaseError: Database error during connection (Details: {'operation': 'connection', 'original_error': 'AUDIT_OFFLINE_BLOCK: socket.getaddrinfo', 'error_type': 'RuntimeError', 'uri': 'bolt://localhost:7687'})">core/db_manager.py:87: in connect
    await asyncio.to_thread(sync_driver.verify_connectivity)
/home/dlewis3/.local/share/uv/python/cpython-3.12.13-linux-x86_64-gnu/lib/python3.12/asyncio/threads.py:25: in to_thread
    return await loop.run_in_executor(None, func_call)
/home/dlewis3/.local/share/uv/python/cpython-3.12.13-linux-x86_64-gnu/lib/python3.12/concurrent/futures/thread.py:59: in run
    result = self.fn(*self.args, **self.kwargs)
../venv/lib/python3.12/site-packages/neo4j/_sync/driver.py:1090: in verify_connectivity
    self._get_server_info(session_config)
../venv/lib/python3.12/site-packages/neo4j/_sync/driver.py:1305: in _get_server_info
    return session._get_server_info()
../venv/lib/python3.12/site-packages/neo4j/_sync/work/session.py:183: in _get_server_info
    self._connect(
../venv/lib/python3.12/site-packages/neo4j/_sync/work/session.py:136: in _connect
    super()._connect(
../venv/lib/python3.12/site-packages/neo4j/_sync/work/workspace.py:199: in _connect
    self._connection = self._pool.acquire(**acquire_kwargs_)
../venv/lib/python3.12/site-packages/neo4j/_sync/io/_pool.py:676: in acquire
    return self._acquire(
../venv/lib/python3.12/site-packages/neo4j/_sync/io/_pool.py:417: in _acquire
    return connection_creator()
../venv/lib/python3.12/site-packages/neo4j/_sync/io/_pool.py:230: in connection_creator
    connection = self.opener(
../venv/lib/python3.12/site-packages/neo4j/_sync/io/_pool.py:637: in opener
    return Bolt.open(
../venv/lib/python3.12/site-packages/neo4j/_sync/io/_bolt.py:368: in open
    s, protocol_version, handshake, data = BoltSocket.connect(
../venv/lib/python3.12/site-packages/neo4j/_sync/io/_bolt_socket.py:319: in connect
    for resolved_address in resolved_addresses:
../venv/lib/python3.12/site-packages/neo4j/_async_compat/network/_util.py:196: in resolve_address
    for address_dns_resolved in NetworkUtil._dns_resolver(
../venv/lib/python3.12/site-packages/neo4j/_async_compat/network/_util.py:144: in _dns_resolver
    info = NetworkUtil.get_address_info(
../venv/lib/python3.12/site-packages/neo4j/_async_compat/network/_util.py:130: in get_address_info
    return socket.getaddrinfo(host, port, family, type, proto, flags)
/home/dlewis3/.local/share/uv/python/cpython-3.12.13-linux-x86_64-gnu/lib/python3.12/socket.py:978: in getaddrinfo
    for res in _socket.getaddrinfo(host, port, family, type, proto, flags):
/home/dlewis3/Desktop/AI/saga/docs/audits/2026-09-06/offline_runner.py:20: in deny_external
    raise RuntimeError(f'AUDIT_OFFLINE_BLOCK: {event}')
E   RuntimeError: AUDIT_OFFLINE_BLOCK: socket.getaddrinfo

The above exception was the direct cause of the following exception:
tests/core/langgraph/nodes/test_commit_node_simple.py:113: in test_commit_to_graph_with_relationships
    result = await commit_to_graph(mock_state)  # type: ignore[arg-type]
core/langgraph/nodes/commit_node.py:373: in commit_to_graph
    existing_names = await _get_existing_entity_names()
core/langgraph/nodes/commit_node.py:283: in _get_existing_entity_names
    results = await neo4j_manager.execute_read_query(query, {})
core/db_manager.py:361: in execute_read_query
    await self._ensure_connected()
core/db_manager.py:233: in _ensure_connected
    await self.connect()
core/db_manager.py:159: in connect
    raise handle_database_error("connection", e, uri=config.NEO4J_URI) from e
E   core.exceptions.DatabaseError: Database error during connection (Details: {'operation': 'connection', 'original_error': 'AUDIT_OFFLINE_BLOCK: socket.getaddrinfo', 'error_type': 'RuntimeError', 'uri': 'bolt://localhost:7687'})</failure></testcase><testcase classname="tests.core.langgraph.nodes.test_commit_node_simple.TestCommitNodeIntegration" name="test_commit_to_graph_handles_database_error" time="0.002"><failure message="core.exceptions.DatabaseError: Database error during connection (Details: {'operation': 'connection', 'original_error': 'AUDIT_OFFLINE_BLOCK: socket.getaddrinfo', 'error_type': 'RuntimeError', 'uri': 'bolt://localhost:7687'})">core/db_manager.py:87: in connect
    await asyncio.to_thread(sync_driver.verify_connectivity)
/home/dlewis3/.local/share/uv/python/cpython-3.12.13-linux-x86_64-gnu/lib/python3.12/asyncio/threads.py:25: in to_thread
    return await loop.run_in_executor(None, func_call)
/home/dlewis3/.local/share/uv/python/cpython-3.12.13-linux-x86_64-gnu/lib/python3.12/concurrent/futures/thread.py:59: in run
    result = self.fn(*self.args, **self.kwargs)
../venv/lib/python3.12/site-packages/neo4j/_sync/driver.py:1090: in verify_connectivity
    self._get_server_info(session_config)
../venv/lib/python3.12/site-packages/neo4j/_sync/driver.py:1305: in _get_server_info
    return session._get_server_info()
../venv/lib/python3.12/site-packages/neo4j/_sync/work/session.py:183: in _get_server_info
    self._connect(
../venv/lib/python3.12/site-packages/neo4j/_sync/work/session.py:136: in _connect
    super()._connect(
../venv/lib/python3.12/site-packages/neo4j/_sync/work/workspace.py:199: in _connect
    self._connection = self._pool.acquire(**acquire_kwargs_)
../venv/lib/python3.12/site-packages/neo4j/_sync/io/_pool.py:676: in acquire
    return self._acquire(
../venv/lib/python3.12/site-packages/neo4j/_sync/io/_pool.py:417: in _acquire
    return connection_creator()
../venv/lib/python3.12/site-packages/neo4j/_sync/io/_pool.py:230: in connection_creator
    connection = self.opener(
../venv/lib/python3.12/site-packages/neo4j/_sync/io/_pool.py:637: in opener
    return Bolt.open(
../venv/lib/python3.12/site-packages/neo4j/_sync/io/_bolt.py:368: in open
    s, protocol_version, handshake, data = BoltSocket.connect(
../venv/lib/python3.12/site-packages/neo4j/_sync/io/_bolt_socket.py:319: in connect
    for resolved_address in resolved_addresses:
../venv/lib/python3.12/site-packages/neo4j/_async_compat/network/_util.py:196: in resolve_address
    for address_dns_resolved in NetworkUtil._dns_resolver(
../venv/lib/python3.12/site-packages/neo4j/_async_compat/network/_util.py:144: in _dns_resolver
    info = NetworkUtil.get_address_info(
../venv/lib/python3.12/site-packages/neo4j/_async_compat/network/_util.py:130: in get_address_info
    return socket.getaddrinfo(host, port, family, type, proto, flags)
/home/dlewis3/.local/share/uv/python/cpython-3.12.13-linux-x86_64-gnu/lib/python3.12/socket.py:978: in getaddrinfo
    for res in _socket.getaddrinfo(host, port, family, type, proto, flags):
/home/dlewis3/Desktop/AI/saga/docs/audits/2026-09-06/offline_runner.py:20: in deny_external
    raise RuntimeError(f'AUDIT_OFFLINE_BLOCK: {event}')
E   RuntimeError: AUDIT_OFFLINE_BLOCK: socket.getaddrinfo

The above exception was the direct cause of the following exception:
tests/core/langgraph/nodes/test_commit_node_simple.py:144: in test_commit_to_graph_handles_database_error
    result = await commit_to_graph(mock_state)  # type: ignore[arg-type]
core/langgraph/nodes/commit_node.py:373: in commit_to_graph
    existing_names = await _get_existing_entity_names()
core/langgraph/nodes/commit_node.py:283: in _get_existing_entity_names
    results = await neo4j_manager.execute_read_query(query, {})
core/db_manager.py:361: in execute_read_query
    await self._ensure_connected()
core/db_manager.py:233: in _ensure_connected
    await self.connect()
core/db_manager.py:159: in connect
    raise handle_database_error("connection", e, uri=config.NEO4J_URI) from e
E   core.exceptions.DatabaseError: Database error during connection (Details: {'operation': 'connection', 'original_error': 'AUDIT_OFFLINE_BLOCK: socket.getaddrinfo', 'error_type': 'RuntimeError', 'uri': 'bolt://localhost:7687'})</failure></testcase><testcase classname="tests.core.langgraph.nodes.test_commit_node_simple.TestCommitNodeIntegration" name="test_commit_to_graph_handles_missing_content" time="0.001"><failure message="core.exceptions.DatabaseError: Database error during connection (Details: {'operation': 'connection', 'original_error': 'AUDIT_OFFLINE_BLOCK: socket.getaddrinfo', 'error_type': 'RuntimeError', 'uri': 'bolt://localhost:7687'})">core/db_manager.py:87: in connect
    await asyncio.to_thread(sync_driver.verify_connectivity)
/home/dlewis3/.local/share/uv/python/cpython-3.12.13-linux-x86_64-gnu/lib/python3.12/asyncio/threads.py:25: in to_thread
    return await loop.run_in_executor(None, func_call)
/home/dlewis3/.local/share/uv/python/cpython-3.12.13-linux-x86_64-gnu/lib/python3.12/concurrent/futures/thread.py:59: in run
    result = self.fn(*self.args, **self.kwargs)
../venv/lib/python3.12/site-packages/neo4j/_sync/driver.py:1090: in verify_connectivity
    self._get_server_info(session_config)
../venv/lib/python3.12/site-packages/neo4j/_sync/driver.py:1305: in _get_server_info
    return session._get_server_info()
../venv/lib/python3.12/site-packages/neo4j/_sync/work/session.py:183: in _get_server_info
    self._connect(
../venv/lib/python3.12/site-packages/neo4j/_sync/work/session.py:136: in _connect
    super()._connect(
../venv/lib/python3.12/site-packages/neo4j/_sync/work/workspace.py:199: in _connect
    self._connection = self._pool.acquire(**acquire_kwargs_)
../venv/lib/python3.12/site-packages/neo4j/_sync/io/_pool.py:676: in acquire
    return self._acquire(
../venv/lib/python3.12/site-packages/neo4j/_sync/io/_pool.py:417: in _acquire
    return connection_creator()
../venv/lib/python3.12/site-packages/neo4j/_sync/io/_pool.py:230: in connection_creator
    connection = self.opener(
../venv/lib/python3.12/site-packages/neo4j/_sync/io/_pool.py:637: in opener
    return Bolt.open(
../venv/lib/python3.12/site-packages/neo4j/_sync/io/_bolt.py:368: in open
    s, protocol_version, handshake, data = BoltSocket.connect(
../venv/lib/python3.12/site-packages/neo4j/_sync/io/_bolt_socket.py:319: in connect
    for resolved_address in resolved_addresses:
../venv/lib/python3.12/site-packages/neo4j/_async_compat/network/_util.py:196: in resolve_address
    for address_dns_resolved in NetworkUtil._dns_resolver(
../venv/lib/python3.12/site-packages/neo4j/_async_compat/network/_util.py:144: in _dns_resolver
    info = NetworkUtil.get_address_info(
../venv/lib/python3.12/site-packages/neo4j/_async_compat/network/_util.py:130: in get_address_info
    return socket.getaddrinfo(host, port, family, type, proto, flags)
/home/dlewis3/.local/share/uv/python/cpython-3.12.13-linux-x86_64-gnu/lib/python3.12/socket.py:978: in getaddrinfo
    for res in _socket.getaddrinfo(host, port, family, type, proto, flags):
/home/dlewis3/Desktop/AI/saga/docs/audits/2026-09-06/offline_runner.py:20: in deny_external
    raise RuntimeError(f'AUDIT_OFFLINE_BLOCK: {event}')
E   RuntimeError: AUDIT_OFFLINE_BLOCK: socket.getaddrinfo

The above exception was the direct cause of the following exception:
tests/core/langgraph/nodes/test_commit_node_simple.py:159: in test_commit_to_graph_handles_missing_content
    result = await commit_to_graph(mock_state)  # type: ignore[arg-type]
core/langgraph/nodes/commit_node.py:373: in commit_to_graph
    existing_names = await _get_existing_entity_names()
core/langgraph/nodes/commit_node.py:283: in _get_existing_entity_names
    results = await neo4j_manager.execute_read_query(query, {})
core/db_manager.py:361: in execute_read_query
    await self._ensure_connected()
core/db_manager.py:233: in _ensure_connected
    await self.connect()
core/db_manager.py:159: in connect
    raise handle_database_error("connection", e, uri=config.NEO4J_URI) from e
E   core.exceptions.DatabaseError: Database error during connection (Details: {'operation': 'connection', 'original_error': 'AUDIT_OFFLINE_BLOCK: socket.getaddrinfo', 'error_type': 'RuntimeError', 'uri': 'bolt://localhost:7687'})</failure></testcase><testcase classname="tests.core.langgraph.nodes.test_commit_node_simple.TestCommitNodeIntegration" name="test_commit_to_graph_preserves_state" time="0.002"><failure message="core.exceptions.DatabaseError: Database error during connection (Details: {'operation': 'connection', 'original_error': 'AUDIT_OFFLINE_BLOCK: socket.getaddrinfo', 'error_type': 'RuntimeError', 'uri': 'bolt://localhost:7687'})">core/db_manager.py:87: in connect
    await asyncio.to_thread(sync_driver.verify_connectivity)
/home/dlewis3/.local/share/uv/python/cpython-3.12.13-linux-x86_64-gnu/lib/python3.12/asyncio/threads.py:25: in to_thread
    return await loop.run_in_executor(None, func_call)
/home/dlewis3/.local/share/uv/python/cpython-3.12.13-linux-x86_64-gnu/lib/python3.12/concurrent/futures/thread.py:59: in run
    result = self.fn(*self.args, **self.kwargs)
../venv/lib/python3.12/site-packages/neo4j/_sync/driver.py:1090: in verify_connectivity
    self._get_server_info(session_config)
../venv/lib/python3.12/site-packages/neo4j/_sync/driver.py:1305: in _get_server_info
    return session._get_server_info()
../venv/lib/python3.12/site-packages/neo4j/_sync/work/session.py:183: in _get_server_info
    self._connect(
../venv/lib/python3.12/site-packages/neo4j/_sync/work/session.py:136: in _connect
    super()._connect(
../venv/lib/python3.12/site-packages/neo4j/_sync/work/workspace.py:199: in _connect
    self._connection = self._pool.acquire(**acquire_kwargs_)
../venv/lib/python3.12/site-packages/neo4j/_sync/io/_pool.py:676: in acquire
    return self._acquire(
../venv/lib/python3.12/site-packages/neo4j/_sync/io/_pool.py:417: in _acquire
    return connection_creator()
../venv/lib/python3.12/site-packages/neo4j/_sync/io/_pool.py:230: in connection_creator
    connection = self.opener(
../venv/lib/python3.12/site-packages/neo4j/_sync/io/_pool.py:637: in opener
    return Bolt.open(
../venv/lib/python3.12/site-packages/neo4j/_sync/io/_bolt.py:368: in open
    s, protocol_version, handshake, data = BoltSocket.connect(
[...]
    assert result is True
E   assert False is True</failure></testcase><testcase classname="tests.test_spacy_service" name="test_load_model_idempotent" time="0.004"><failure message="assert False is True">tests/test_spacy_service.py:66: in test_load_model_idempotent
    assert result is True
E   assert False is True</failure></testcase><testcase classname="tests.test_spacy_service" name="test_extract_entities_success" time="0.000" /><testcase classname="tests.test_spacy_service" name="test_extract_entities_no_model" time="0.002" /><testcase classname="tests.test_spacy_service" name="test_verify_entity_presence_exact_match" time="0.000" /><testcase classname="tests.test_spacy_service" name="test_verify_entity_presence_case_insensitive" time="0.000" /><testcase classname="tests.test_spacy_service" name="test_verify_entity_presence_not_found" time="0.000" /><testcase classname="tests.test_spacy_service" name="test_normalize_entity_name_success" time="0.000" /><testcase classname="tests.test_spacy_service" name="test_normalize_entity_name_fallback" time="0.003"><failure message="AssertionError: assert 'the dark tower' == 'dark tower'&#10;  &#10;  - dark tower&#10;  + the dark tower&#10;  ? ++++">tests/test_spacy_service.py:179: in test_normalize_entity_name_fallback
    assert result == "dark tower"
E   AssertionError: assert 'the dark tower' == 'dark tower'
E     
E     - dark tower
E     + the dark tower
E     ? ++++</failure></testcase><testcase classname="tests.test_spacy_service" name="test_normalize_entity_name_empty" time="0.000" /><testcase classname="tests.test_spacy_service" name="test_verify_entity_presence_fallback" time="0.002" /><testcase classname="tests.test_spacy_service" name="test_verify_entity_presence_fallback_not_found" time="0.002" /><testcase classname="tests.test_spacy_service" name="test_extract_entities_empty_text" time="0.000" /><testcase classname="tests.test_spacy_service" name="test_extract_entities_invalid_input" time="0.000" /><testcase classname="tests.test_spacy_service" name="test_normalize_entity_name_with_punctuation" time="0.000" /><testcase classname="tests.test_spacy_service" name="test_verify_entity_presence_with_threshold" time="0.000" /><testcase classname="tests.test_spacy_service" name="test_verify_entity_presence_partial_match" time="0.000" /><testcase classname="tests.test_spacy_service" name="test_verify_entity_presence_common_title_exclusion" time="0.000" /><testcase classname="tests.test_text_cleanup_with_spacy" name="test_clean_text_conservative_with_spacy" time="0.000" /><testcase classname="tests.test_text_cleanup_with_spacy" name="test_clean_text_aggressive_with_spacy" time="0.000" /><testcase classname="tests.test_text_cleanup_with_spacy" name="test_clean_text_fallback" time="0.002" /><testcase classname="tests.test_text_cleanup_with_spacy" name="test_clean_text_empty_input" time="0.000" /><testcase classname="tests.test_text_cleanup_with_spacy" name="test_clean_text_invalid_input" time="0.000" /><testcase classname="tests.test_text_cleanup_with_spacy" name="test_extract_sentences_with_spacy" time="0.000" /><testcase classname="tests.test_text_cleanup_with_spacy" name="test_extract_sentences_fallback" time="0.002" /><testcase classname="tests.test_text_cleanup_with_spacy" name="test_extract_sentences_empty_input" time="0.000" /><testcase classname="tests.test_text_cleanup_with_spacy" name="test_extract_sentences_invalid_input" time="0.000" /><testcase classname="tests.test_text_cleanup_with_spacy" name="test_text_processing_service_clean_text" time="0.000" /><testcase classname="tests.test_text_cleanup_with_spacy" name="test_text_processing_service_extract_sentences" time="0.000" /><testcase classname="tests.test_text_cleanup_with_spacy" name="test_module_level_clean_text" time="0.000" /><testcase classname="tests.test_text_cleanup_with_spacy" name="test_module_level_extract_sentences" time="0.000" /><testcase classname="tests.test_text_cleanup_with_spacy" name="test_clean_text_with_special_characters" time="0.000" /><testcase classname="tests.test_text_cleanup_with_spacy" name="test_clean_text_aggressive_with_punctuation" time="0.000" /><testcase classname="tests.test_text_deduplicator.TestEmptyAndWhitespaceInput" name="test_empty_string_returns_unchanged_with_zero_removed" time="0.000" /><testcase classname="tests.test_text_deduplicator.TestEmptyAndWhitespaceInput" name="test_whitespace_only_returns_unchanged_with_zero_removed" time="0.000" /><testcase classname="tests.test_text_deduplicator.TestNoDuplicates" name="test_unique_segments_returns_original_with_zero_removed" time="0.001" /><testcase classname="tests.test_text_deduplicator.TestNoDuplicates" name="test_multiple_different_segments_all_preserved" time="0.000" /><testcase classname="tests.test_text_deduplicator.TestExactDuplicateRemoval" name="test_prefer_newer_false_keeps_first_occurrence" time="0.001" /><testcase classname="tests.test_text_deduplicator.TestExactDuplicateRemoval" name="test_prefer_newer_true_removes_later_occurrence_in_backward_pass" time="0.000" /><testcase classname="tests.test_text_deduplicator.TestMinSegmentLength" name="test_short_segments_skip_fingerprinting" time="0.001" /><testcase classname="tests.test_text_deduplicator.TestSemanticComparisonDisabled" name="test_no_embedding_calls_when_semantic_disabled" time="0.001" /><testcase classname="tests.test_text_deduplicator.TestTextReconstruction" name="test_duplicate_span_spliced_out_correctly" time="0.001" /><testcase classname="tests.test_text_processing_misc" name="test_normalize_for_id" time="0.000" /><testcase classname="tests.test_text_processing_misc" name="test_normalize_trait_name" time="0.000" /><testcase classname="tests.test_text_processing_misc" name="test_normalize_text_for_matching" time="0.000" /><testcase classname="tests.test_text_processing_misc" name="test_is_fill_in_and_normalization_helpers" time="0.000" /><testcase classname="tests.test_text_processing_misc" name="test_get_text_segments_paragraph" time="0.000" /><testcase classname="tests.test_text_processing_misc" name="test_get_text_segments_sentence_without_spacy" time="0.000" /><testcase classname="tests.test_text_processing_misc" name="test_response_cleaning_think_boundary_only_closing_tag" time="0.000" /><testcase classname="tests.test_text_processing_misc" name="test_response_cleaning_think_boundary_with_think_block" time="0.000" /><testcase classname="tests.test_text_processing_misc" name="test_response_cleaning_without_think_tags_unchanged" time="0.000" /><testcase classname="tests.test_text_processing_offsets" name="test_find_quote_offsets_no_model" time="8.000"><failure message="Failed: Timeout (&gt;8.0s) from pytest-timeout.">../venv/lib/python3.12/site-packages/pytest_asyncio/plugin.py:508: in runtest
    super().runtest()
../venv/lib/python3.12/site-packages/pytest_asyncio/plugin.py:773: in inner
    _loop.run_until_complete(task)
/home/dlewis3/.local/share/uv/python/cpython-3.12.13-linux-x86_64-gnu/lib/python3.12/asyncio/base_events.py:678: in run_until_complete
    self.run_forever()
/home/dlewis3/.local/share/uv/python/cpython-3.12.13-linux-x86_64-gnu/lib/python3.12/asyncio/base_events.py:645: in run_forever
    self._run_once()
/home/dlewis3/.local/share/uv/python/cpython-3.12.13-linux-x86_64-gnu/lib/python3.12/asyncio/base_events.py:1961: in _run_once
    event_list = self._selector.select(timeout)
/home/dlewis3/.local/share/uv/python/cpython-3.12.13-linux-x86_64-gnu/lib/python3.12/selectors.py:468: in select
    fd_event_list = self._selector.poll(timeout, max_ev)
E   Failed: Timeout (&gt;8.0s) from pytest-timeout.</failure></testcase><testcase classname="tests.test_text_processing_offsets" name="test_find_quote_offsets_direct" time="0.000" /><testcase classname="tests.test_text_processing_offsets" name="test_find_quote_offsets_fuzzy_punctuation" time="0.000" /><testcase classname="tests.test_text_processing_offsets" name="test_find_quote_offsets_fuzzy_extra_word" time="0.000" /><testcase classname="tests.test_text_processing_offsets" name="test_find_quote_offsets_token_similarity" time="0.000" /><testcase classname="tests.test_user_input_models.TestNovelConceptModel" name="test_title_is_required" time="0.000" /><testcase classname="tests.test_user_input_models.TestNovelConceptModel" name="test_empty_title_rejected" time="0.000" /><testcase classname="tests.test_user_input_models.TestNovelConceptModel" name="test_valid_title_only" time="0.000" /><testcase classname="tests.test_user_input_models.TestNovelConceptModel" name="test_all_fields_populated" time="0.000" /><testcase classname="tests.test_user_input_models.TestProtagonistModel" name="test_name_is_required" time="0.000" /><testcase classname="tests.test_user_input_models.TestProtagonistModel" name="test_name_only" time="0.000" /><testcase classname="tests.test_user_input_models.TestProtagonistModel" name="test_all_fields_populated" time="0.000" /><testcase classname="tests.test_user_input_models.TestUserStoryInputModel" name="test_allows_extra_fields" time="0.000" /><testcase classname="tests.test_user_input_models.TestUserStoryInputModel" name="test_all_known_fields_default_to_none" time="0.000" /><testcase classname="tests.test_user_input_models.TestUserStoryToObjectsPlotOutline" name="test_novel_concept_fields_in_plot_outline" time="0.000" /><testcase classname="tests.test_user_input_models.TestUserStoryToObjectsPlotOutline" name="test_protagonist_name_in_plot_outline" time="0.000" /><testcase classname="tests.test_user_input_models.TestUserStoryToObjectsPlotOutline" name="test_plot_elements_in_plot_outline" time="0.000" /><testcase classname="tests.test_user_input_models.TestUserStoryToObjectsPlotOutline" name="test_style_and_tone_in_plot_outline" time="0.000" /><testcase classname="tests.test_user_input_models.TestUserStoryToObjectsProtagonist" name="test_protagonist_role_in_updates" time="0.000" /><testcase classname="tests.test_user_input_models.TestUserStoryToObjectsProtagonist" name="test_protagonist_defaults_to_protagonist_role" time="0.000" /><testcase classname="tests.test_user_input_models.TestUserStoryToObjectsProtagonist" name="test_protagonist_description_and_traits" time="0.000" /><testcase classname="tests.test_user_input_models.TestUserStoryToObjectsProtagonist" name="test_protagonist_motivation_in_updates" time="0.000" /><testcase classname="tests.test_user_input_models.TestUserStoryToObjectsProtagonist" name="test_protagonist_relationships_converted" time="0.000" /><testcase classname="tests.test_user_input_models.TestUserStoryToObjectsAntagonist" name="test_antagonist_role_in_updates" time="0.000" /><testcase classname="tests.test_user_input_models.TestUserStoryToObjectsAntagonist" name="test_antagonist_description_and_traits" time="0.000" /><testcase classname="tests.test_user_input_models.TestUserStoryToObjectsAntagonist" name="test_antagonist_with_explicit_role" time="0.000" /><testcase classname="tests.test_user_input_models.TestUserStoryToObjectsSupportingCharacters" name="test_supporting_characters_with_explicit_role" time="0.000" /><testcase classname="tests.test_user_input_models.TestUserStoryToObjectsSupportingCharacters" name="test_supporting_characters_default_role" time="0.000" /><testcase classname="tests.test_user_input_models.TestUserStoryToObjectsSupportingCharacters" name="test_supporting_characters_description_and_traits" time="0.000" /><testcase classname="tests.test_user_input_models.TestUserStoryToObjectsSetting" name="test_setting_creates_overview_world_item" time="0.000" /><testcase classname="tests.test_user_input_models.TestUserStoryToObjectsSetting" name="test_setting_creates_location_world_items" time="0.000" /><testcase classname="tests.test_user_input_models.TestUserStoryToObjectsSetting" name="test_no_setting_returns_empty_world_items" time="0.000" /><testcase classname="tests.test_user_input_models.TestUserStoryToObjectsWorldDetails" name="test_world_details_creates_world_items" time="0.000" /><testcase classname="tests.test_user_input_models.TestUserStoryToObjectsCharactersFallback" name="test_protagonist_from_characters_group" time="0.000" /><testcase classname="tests.test_user_input_models.TestUserStoryToObjectsCharactersFallback" name="test_antagonist_from_characters_group" time="0.000" /><testcase classname="tests.test_user_input_models.TestUserStoryToObjectsCharactersFallback" name="test_top_level_protagonist_takes_precedence" time="0.000" /><testcase classname="tests.test_user_input_models.TestUserStoryToObjectsEmpty" name="test_empty_model_returns_empty_outputs" time="0.000" /><testcase classname="tests.test_validation_query_optimization" name="test_fetch_validation_data_combined_query" time="0.001" /><testcase classname="tests.test_validation_query_optimization" name="test_check_relationship_evolution_uses_prefetched_data" time="0.001" /><testcase classname="tests.test_validation_query_optimization" name="test_validation_subgraph_reduces_queries" time="0.001" /><testcase classname="tests.test_validation_utils.TestConfigurationValidationError" name="test_stores_all_attributes" time="0.000" /><testcase classname="tests.test_validation_utils.TestPlotOutlineConsistency" name="test_all_fields_match" time="0.000" /><testcase classname="tests.test_validation_utils.TestPlotOutlineConsistency" name="test_genre_mismatch" time="0.000" /><testcase classname="tests.test_validation_utils.TestPlotOutlineConsistency" name="test_theme_mismatch" time="0.000" /><testcase classname="tests.test_validation_utils.TestPlotOutlineConsistency" name="test_setting_mismatch" time="0.000" /><testcase classname="tests.test_validation_utils.TestPlotOutlineConsistency" name="test_protagonist_name_mismatch" time="0.000" /><testcase classname="tests.test_validation_utils.TestPlotOutlineConsistency" name="test_missing_fields_do_not_trigger_errors" time="0.000" /><testcase classname="tests.test_validation_utils.TestCharacterProfilesConsistency" name="test_protagonist_exists_and_matches" time="0.000" /><testcase classname="tests.test_validation_utils.TestCharacterProfilesConsistency" name="test_protagonist_missing" time="0.000" /><testcase classname="tests.test_validation_utils.TestCharacterProfilesConsistency" name="test_protagonist_name_mismatch_in_profile" time="0.000" /><testcase classname="tests.test_validation_utils.TestWorldBuildingConsistency" name="test_overview_matches" time="0.000" /><testcase classname="tests.test_validation_utils.TestWorldBuildingConsistency" name="test_overview_mismatch" time="0.000" /><testcase classname="tests.test_validation_utils.TestWorldBuildingConsistency" name="test_no_overview_section" time="0.000" /><testcase classname="tests.test_validation_utils.TestValidateAllComponents" name="test_returns_true_when_all_valid" time="0.000" /><testcase classname="tests.test_validation_utils.TestValidateAllComponents" name="test_aggregates_errors_from_all_validators" time="0.000" /><testcase classname="tests.test_validation_utils.TestSuggestCorrections" name="test_maps_field_errors_to_config_values" time="0.000" /><testcase classname="tests.test_world_queries.TestWorldNameResolution" name="test_resolve_world_name_exists" time="0.000" /><testcase classname="tests.test_world_queries.TestWorldNameResolution" name="test_resolve_world_name_missing" time="0.000" /><testcase classname="tests.test_world_queries.TestWorldNameResolution" name="test_resolve_world_name_empty" time="0.000" /><testcase classname="tests.test_world_queries.TestWorldItemByName" name="test_get_world_item_by_name_found" time="0.000" /><testcase classname="tests.test_world_queries.TestWorldItemByName" name="test_get_world_item_by_name_not_found" time="0.000" /><testcase classname="tests.test_world_queries.TestWorldItemByName" name="test_get_world_item_by_name_case_insensitive" time="0.000" /><testcase classname="tests.test_world_queries.TestSyncWorldItems" name="test_sync_world_items_empty" time="0.001" /><testcase classname="tests.test_world_queries.TestSyncWorldItems" name="test_sync_world_items_single_item" time="0.001" /><testcase classname="tests.test_world_queries.TestSyncWorldItems" name="test_sync_world_items_multiple" time="0.001" /><testcase classname="tests.test_world_queries.TestGetWorldItemById" name="test_get_world_item_by_id_found" time="0.000" /><testcase classname="tests.test_world_queries.TestGetWorldItemById" name="test_get_world_item_by_id_label_predicate_unified" time="0.000" /><testcase classname="tests.test_world_queries.TestGetWorldItemById" name="test_get_world_item_by_id_not_found" time="0.000" /><testcase classname="tests.test_world_queries.TestGetWorldItemById" name="test_get_world_item_by_id_with_fallback" time="0.001" /><testcase classname="tests.test_world_queries.TestGetWorldItemById" name="test_get_world_item_by_id_raises_on_validation_error" time="0.001" /><testcase classname="tests.test_world_queries.TestGetWorldBuilding" name="test_get_world_building_empty" time="0.001" /><testcase classname="tests.test_world_queries.TestGetWorldBuilding" name="test_get_world_building_with_items" time="0.001" /><testcase classname="tests.test_world_queries.TestGetWorldElementsForSnippet" name="test_get_world_elements_for_snippet_empty" time="0.000" /><testcase classname="tests.test_world_queries.TestGetWorldElementsForSnippet" name="test_get_world_elements_for_snippet_found" time="0.000" /><testcase classname="tests.test_world_queries.TestGetWorldElementsForSnippet" name="test_get_world_elements_for_snippet_raises_database_error_on_db_failure" time="0.000" /><testcase classname="tests.test_world_queries.TestFindThinWorldElements" name="test_find_thin_world_elements_empty" time="0.000" /><testcase classname="tests.test_world_queries.TestFindThinWorldElements" name="test_find_thin_world_elements_found" time="0.000" /><testcase classname="tests.test_world_queries.TestGetWorldItemsForChapterContext" name="test_get_world_items_for_chapter_context_empty" time="0.000" /><testcase classname="tests.test_world_queries.TestGetWorldItemsForChapterContext" name="test_get_world_items_for_chapter_context_found" time="0.000" /><testcase classname="tests.test_world_queries.TestGetBootstrapWorldElements" name="test_get_bootstrap_world_elements_empty" time="0.000" /><testcase classname="tests.test_world_queries.TestGetBootstrapWorldElements" name="test_get_bootstrap_world_elements_found" time="0.000" /><testcase classname="tests.test_world_queries" name="test_world_queries_catch_specific_exceptions" time="0.000" /><testcase classname="tests.test_world_queries_extended.TestGetWorldItemByIdExtended" name="test_get_world_item_by_id_missing_fields_raises" time="0.001" /><testcase classname="tests.test_world_queries_extended.TestGetWorldItemByIdExtended" name="test_get_world_item_by_id_with_complex_props" time="0.000" /><testcase classname="tests.test_world_queries_extended.TestGetBootstrapWorldElementsExtended" name="test_get_bootstrap_elements_filtering" time="0.000" /><testcase classname="tests.test_yaml_parser.TestYamlParsing" name="test_load_valid_yaml_normalized_keys" time="0.001" /><testcase classname="tests.test_yaml_parser.TestYamlParsing" name="test_load_valid_yaml_raw_keys" time="0.001" /><testcase classname="tests.test_yaml_parser.TestYamlParsing" name="test_load_non_existent_file_raises" time="0.000" /><testcase classname="tests.test_yaml_parser.TestYamlParsing" name="test_load_malformed_yaml_raises" time="0.001" /><testcase classname="tests.test_yaml_parser.TestYamlParsing" name="test_load_empty_yaml" time="0.001" /><testcase classname="tests.test_yaml_parser.TestYamlParsing" name="test_load_non_dict_root_yaml_raises" time="0.001" /><testcase classname="tests.test_yaml_parser.TestYamlParsing" name="test_load_non_yaml_extension_raises" time="0.000" /><testcase classname="tests.test_yaml_parser.TestYamlParsing" name="test_normalize_keys_recursive" time="0.004" /></testsuite></testsuites>