2025-05-22 07:04:54 - INFO - [root:32] - File logging enabled. Log file: novel_output/saga_run.log
2025-05-22 07:04:54 - INFO - [root:37] - Logging setup complete. Level: INFO
2025-05-22 07:04:54 - INFO - [__main__:131] - --- Starting Saga Novel Generation (Execution Mode: Async, Neo4j Decomposed) ---
2025-05-22 07:04:54 - INFO - [state_manager:40] - Successfully connected to Neo4j at bolt://localhost:7687
2025-05-22 07:04:54 - INFO - [state_manager:97] - Creating/verifying Neo4j indexes and constraints...
2025-05-22 07:04:54 - INFO - [neo4j.notifications:337] - Received notification from DBMS server: {severity: INFORMATION} {code: Neo.ClientNotification.Schema.IndexOrConstraintAlreadyExists} {category: SCHEMA} {title: `CREATE CONSTRAINT IF NOT EXISTS FOR (e:NovelInfo) REQUIRE (e.id) IS UNIQUE` has no effect.} {description: `CONSTRAINT constraint_388d9938 FOR (e:NovelInfo) REQUIRE (e.id) IS UNIQUE` already exists.} {position: None} for query: 'CREATE CONSTRAINT IF NOT EXISTS FOR (n:NovelInfo) REQUIRE n.id IS UNIQUE'
2025-05-22 07:04:54 - INFO - [neo4j.notifications:337] - Received notification from DBMS server: {severity: INFORMATION} {code: Neo.ClientNotification.Schema.IndexOrConstraintAlreadyExists} {category: SCHEMA} {title: `CREATE CONSTRAINT IF NOT EXISTS FOR (e:Chapter) REQUIRE (e.number) IS UNIQUE` has no effect.} {description: `CONSTRAINT constraint_3b7ce0f3 FOR (e:Chapter) REQUIRE (e.number) IS UNIQUE` already exists.} {position: None} for query: 'CREATE CONSTRAINT IF NOT EXISTS FOR (c:Chapter) REQUIRE c.number IS UNIQUE'
2025-05-22 07:04:54 - INFO - [neo4j.notifications:337] - Received notification from DBMS server: {severity: INFORMATION} {code: Neo.ClientNotification.Schema.IndexOrConstraintAlreadyExists} {category: SCHEMA} {title: `CREATE CONSTRAINT IF NOT EXISTS FOR (e:Entity) REQUIRE (e.name) IS UNIQUE` has no effect.} {description: `CONSTRAINT constraint_5adcbbfe FOR (e:Entity) REQUIRE (e.name) IS UNIQUE` already exists.} {position: None} for query: 'CREATE CONSTRAINT IF NOT EXISTS FOR (e:Entity) REQUIRE e.name IS UNIQUE'
2025-05-22 07:04:54 - INFO - [neo4j.notifications:337] - Received notification from DBMS server: {severity: INFORMATION} {code: Neo.ClientNotification.Schema.IndexOrConstraintAlreadyExists} {category: SCHEMA} {title: `CREATE CONSTRAINT IF NOT EXISTS FOR (e:Character) REQUIRE (e.name) IS UNIQUE` has no effect.} {description: `CONSTRAINT constraint_2f4f04ef FOR (e:Character) REQUIRE (e.name) IS UNIQUE` already exists.} {position: None} for query: 'CREATE CONSTRAINT IF NOT EXISTS FOR (char:Character) REQUIRE char.name IS UNIQUE'
2025-05-22 07:04:54 - INFO - [neo4j.notifications:337] - Received notification from DBMS server: {severity: INFORMATION} {code: Neo.ClientNotification.Schema.IndexOrConstraintAlreadyExists} {category: SCHEMA} {title: `CREATE CONSTRAINT IF NOT EXISTS FOR (e:WorldElement) REQUIRE (e.id) IS UNIQUE` has no effect.} {description: `CONSTRAINT constraint_c7b8eec8 FOR (e:WorldElement) REQUIRE (e.id) IS UNIQUE` already exists.} {position: None} for query: 'CREATE CONSTRAINT IF NOT EXISTS FOR (we:WorldElement) REQUIRE we.id IS UNIQUE'
2025-05-22 07:04:54 - INFO - [neo4j.notifications:337] - Received notification from DBMS server: {severity: INFORMATION} {code: Neo.ClientNotification.Schema.IndexOrConstraintAlreadyExists} {category: SCHEMA} {title: `CREATE CONSTRAINT IF NOT EXISTS FOR (e:WorldContainer) REQUIRE (e.id) IS UNIQUE` has no effect.} {description: `CONSTRAINT constraint_308c80de FOR (e:WorldContainer) REQUIRE (e.id) IS UNIQUE` already exists.} {position: None} for query: 'CREATE CONSTRAINT IF NOT EXISTS FOR (wc:WorldContainer) REQUIRE wc.id IS UNIQUE'
2025-05-22 07:04:54 - INFO - [neo4j.notifications:337] - Received notification from DBMS server: {severity: INFORMATION} {code: Neo.ClientNotification.Schema.IndexOrConstraintAlreadyExists} {category: SCHEMA} {title: `CREATE CONSTRAINT IF NOT EXISTS FOR (e:Trait) REQUIRE (e.name) IS UNIQUE` has no effect.} {description: `CONSTRAINT constraint_73efdf82 FOR (e:Trait) REQUIRE (e.name) IS UNIQUE` already exists.} {position: None} for query: 'CREATE CONSTRAINT IF NOT EXISTS FOR (t:Trait) REQUIRE t.name IS UNIQUE'
2025-05-22 07:04:54 - INFO - [neo4j.notifications:337] - Received notification from DBMS server: {severity: INFORMATION} {code: Neo.ClientNotification.Schema.IndexOrConstraintAlreadyExists} {category: SCHEMA} {title: `CREATE CONSTRAINT IF NOT EXISTS FOR (e:PlotPoint) REQUIRE (e.id) IS UNIQUE` has no effect.} {description: `CONSTRAINT constraint_30ed8a5 FOR (e:PlotPoint) REQUIRE (e.id) IS UNIQUE` already exists.} {position: None} for query: 'CREATE CONSTRAINT IF NOT EXISTS FOR (pp:PlotPoint) REQUIRE pp.id IS UNIQUE'
2025-05-22 07:04:54 - INFO - [neo4j.notifications:337] - Received notification from DBMS server: {severity: INFORMATION} {code: Neo.ClientNotification.Schema.IndexOrConstraintAlreadyExists} {category: SCHEMA} {title: `CREATE CONSTRAINT IF NOT EXISTS FOR (e:ValueNode) REQUIRE (e.value) IS UNIQUE` has no effect.} {description: `CONSTRAINT constraint_48cfe1d2 FOR (e:ValueNode) REQUIRE (e.value) IS UNIQUE` already exists.} {position: None} for query: 'CREATE CONSTRAINT IF NOT EXISTS FOR (vn:ValueNode) REQUIRE vn.value IS UNIQUE'
2025-05-22 07:04:54 - INFO - [neo4j.notifications:337] - Received notification from DBMS server: {severity: INFORMATION} {code: Neo.ClientNotification.Schema.IndexOrConstraintAlreadyExists} {category: SCHEMA} {title: `CREATE RANGE INDEX IF NOT EXISTS FOR (e:PlotPoint) ON (e.sequence)` has no effect.} {description: `RANGE INDEX index_3962cb06 FOR (e:PlotPoint) ON (e.sequence)` already exists.} {position: None} for query: 'CREATE INDEX IF NOT EXISTS FOR (pp:PlotPoint) ON (pp.sequence)'
2025-05-22 07:04:54 - INFO - [neo4j.notifications:337] - Received notification from DBMS server: {severity: INFORMATION} {code: Neo.ClientNotification.Schema.IndexOrConstraintAlreadyExists} {category: SCHEMA} {title: `CREATE RANGE INDEX IF NOT EXISTS FOR (e:StatusEvent) ON (e.chapter_updated)` has no effect.} {description: `RANGE INDEX index_950ece8a FOR (e:StatusEvent) ON (e.chapter_updated)` already exists.} {position: None} for query: 'CREATE INDEX IF NOT EXISTS FOR (s:StatusEvent) ON (s.chapter_updated)'
2025-05-22 07:04:54 - INFO - [neo4j.notifications:337] - Received notification from DBMS server: {severity: INFORMATION} {code: Neo.ClientNotification.Schema.IndexOrConstraintAlreadyExists} {category: SCHEMA} {title: `CREATE RANGE INDEX IF NOT EXISTS FOR (e:DevelopmentEvent) ON (e.chapter_updated)` has no effect.} {description: `RANGE INDEX index_e1a98a8e FOR (e:DevelopmentEvent) ON (e.chapter_updated)` already exists.} {position: None} for query: 'CREATE INDEX IF NOT EXISTS FOR (d:DevelopmentEvent) ON (d.chapter_updated)'
2025-05-22 07:04:54 - INFO - [neo4j.notifications:337] - Received notification from DBMS server: {severity: INFORMATION} {code: Neo.ClientNotification.Schema.IndexOrConstraintAlreadyExists} {category: SCHEMA} {title: `CREATE RANGE INDEX IF NOT EXISTS FOR (e:WorldElaborationEvent) ON (e.chapter_updated)` has no effect.} {description: `RANGE INDEX index_a8fd279 FOR (e:WorldElaborationEvent) ON (e.chapter_updated)` already exists.} {position: None} for query: 'CREATE INDEX IF NOT EXISTS FOR (we:WorldElaborationEvent) ON (we.chapter_updated)'
2025-05-22 07:04:54 - INFO - [neo4j.notifications:337] - Received notification from DBMS server: {severity: INFORMATION} {code: Neo.ClientNotification.Schema.IndexOrConstraintAlreadyExists} {category: SCHEMA} {title: `CREATE RANGE INDEX IF NOT EXISTS FOR ()-[e:DYNAMIC_REL]-() ON (e.chapter_added)` has no effect.} {description: `RANGE INDEX index_308c2baa FOR ()-[e:DYNAMIC_REL]-() ON (e.chapter_added)` already exists.} {position: None} for query: 'CREATE INDEX IF NOT EXISTS FOR ()-[r:DYNAMIC_REL]-() ON (r.chapter_added)'
2025-05-22 07:04:54 - INFO - [neo4j.notifications:337] - Received notification from DBMS server: {severity: INFORMATION} {code: Neo.ClientNotification.Schema.IndexOrConstraintAlreadyExists} {category: SCHEMA} {title: `CREATE RANGE INDEX IF NOT EXISTS FOR ()-[e:DYNAMIC_REL]-() ON (e.type)` has no effect.} {description: `RANGE INDEX index_90849398 FOR ()-[e:DYNAMIC_REL]-() ON (e.type)` already exists.} {position: None} for query: 'CREATE INDEX IF NOT EXISTS FOR ()-[r:DYNAMIC_REL]-() ON (r.type)'
2025-05-22 07:04:54 - INFO - [neo4j.notifications:337] - Received notification from DBMS server: {severity: INFORMATION} {code: Neo.ClientNotification.Schema.IndexOrConstraintAlreadyExists} {category: SCHEMA} {title: `CREATE RANGE INDEX IF NOT EXISTS FOR ()-[e:HAS_TRAIT]-() ON (e.name)` has no effect.} {description: `RANGE INDEX index_6936346d FOR ()-[e:HAS_TRAIT]-() ON (e.name)` already exists.} {position: None} for query: 'CREATE INDEX IF NOT EXISTS FOR ()-[r:HAS_TRAIT]-() ON (r.name)'
2025-05-22 07:04:54 - INFO - [neo4j.notifications:337] - Received notification from DBMS server: {severity: INFORMATION} {code: Neo.ClientNotification.Schema.IndexOrConstraintAlreadyExists} {category: SCHEMA} {title: `CREATE RANGE INDEX IF NOT EXISTS FOR (e:WorldElement) ON (e.category)` has no effect.} {description: `RANGE INDEX index_c46fc864 FOR (e:WorldElement) ON (e.category)` already exists.} {position: None} for query: 'CREATE INDEX IF NOT EXISTS FOR (we:WorldElement) ON (we.category)'
2025-05-22 07:04:54 - INFO - [neo4j.notifications:337] - Received notification from DBMS server: {severity: INFORMATION} {code: Neo.ClientNotification.Schema.IndexOrConstraintAlreadyExists} {category: SCHEMA} {title: `CREATE RANGE INDEX IF NOT EXISTS FOR (e:WorldElement) ON (e.name)` has no effect.} {description: `RANGE INDEX index_3dd109cb FOR (e:WorldElement) ON (e.name)` already exists.} {position: None} for query: 'CREATE INDEX IF NOT EXISTS FOR (we:WorldElement) ON (we.name)'
2025-05-22 07:04:54 - INFO - [state_manager:129] - Neo4j indexes and constraints verification process complete.
2025-05-22 07:04:54 - INFO - [__main__:136] - state_manager initialized and Neo4j connection/schema verified.
2025-05-22 07:04:54 - INFO - [novel_agent:30] - Initializing NovelWriterAgent instance...
2025-05-22 07:04:54 - INFO - [novel_agent:35] - NovelWriterAgent instance created. Call async_init() to load/prepare state.
2025-05-22 07:04:54 - INFO - [novel_agent:38] - NovelWriterAgent async_init started...
2025-05-22 07:04:54 - INFO - [state_manager:579] - Neo4j loaded chapter count: 0
2025-05-22 07:04:54 - INFO - [novel_agent:41] - Loaded chapter count from Neo4j: 0
2025-05-22 07:04:54 - INFO - [state_manager:218] - Loading decomposed plot outline from Neo4j...
2025-05-22 07:04:54 - INFO - [state_manager:338] - Loading decomposed character profiles from Neo4j...
2025-05-22 07:04:54 - INFO - [state_manager:508] - Loading decomposed world building data from Neo4j...
2025-05-22 07:04:54 - WARNING - [state_manager:225] - No NovelInfo node found with id 'saga_main_novel_info'. Returning empty plot outline.
2025-05-22 07:04:54 - WARNING - [novel_agent:63] - Plot outline is empty after Neo4j load. Expected during initial setup or if save failed previously.
2025-05-22 07:04:54 - WARNING - [novel_agent:65] - Character profiles are empty after Neo4j load. Expected during initial setup or if save failed previously.
2025-05-22 07:04:54 - INFO - [novel_agent:69] - NovelWriterAgent async_init complete.
2025-05-22 07:04:54 - INFO - [__main__:140] - NovelWriterAgent initialized and state loaded (Python dicts from Neo4j).
2025-05-22 07:04:54 - INFO - [__main__:42] - Performing initial setup (populating agent's Python dicts)...
2025-05-22 07:04:54 - INFO - [initial_setup_logic:267] - Generating plot outline Python dict. Unhinged mode: False
2025-05-22 07:04:54 - INFO - [initial_setup_logic:275] - No valid user-supplied file. Proceeding with LLM/default generation for Python dicts.
2025-05-22 07:04:54 - INFO - [initial_setup_logic:364] - Calling LLM for plot outline generation (to plain text)...
2025-05-22 07:04:54 - WARNING - [llm_interface:66] - No direct tiktoken encoding found for model 'Qwen3-8B'. Attempting default encoding 'cl100k_base'.
2025-05-22 07:04:54 - INFO - [llm_interface:73] - Using default tiktoken encoding 'cl100k_base' for model 'Qwen3-8B' and cached.
2025-05-22 07:04:59 - INFO - [httpx:1740] - HTTP Request: POST http://127.0.0.1:8080/v1/chat/completions "HTTP/1.1 200 OK"
2025-05-22 07:05:10 - INFO - [llm_interface:239] - Async: Streamed LLM ('Qwen3-8B') Usage - Prompt: 520 tk, Comp: 503 tk, Total: 1023 tk
2025-05-22 07:05:10 - WARNING - [initial_setup_logic:400] - LLM plot outline (plain text parsing) failed validation. Missing/invalid keys: ['title']. Parsed: {'protagonist_name': 'Sága', 'protagonist_description': "A disillusioned historian who secretly longs for a way to escape the city's oppressive rule and reclaim her lost memories.", 'setting_description': 'A walled city called Noctis, where time is controlled by a central authority that offers citizens the chance to surrender their most precious memories in exchange for extended lifespan.', 'conflict_summary': 'Sága must confront the moral decay of Noctis and the price of immortality, as she uncovers a conspiracy to control the population through memory manipulation and discovers her own past has been stolen.', 'plot_points': ["Sága stumbles upon forbidden records that reveal the city's true purpose: to hoard memories and prolong life at the cost of individuality.", 'She begins secretly collecting fragments of lost memories, risking exile from the city for her defiance.', "A mysterious figure offers her a way to reclaim her stolen past, but only by trading it for another person's memory.", "Sága uncovers a hidden chamber where memories are stored and discovers the city's leader is using them to maintain power over the citizens.", 'She confronts the leader in a memory-arena, forcing a choice between saving herself or destroying the system that controls Noctis.'], 'character_arc': "Sága evolves from a passive observer of the city's corruption to an active rebel who sacrifices her own memories to free others.", 'logline': 'In a walled city where memories are currency for immortality, a historian discovers the truth behind its power and must decide whether to reclaim her past or end the cycle of control.', 'inciting_incident': 'Sága finds a memory fragment that belongs to her younger self, sparking her quest to uncover what was taken from her.', 'climax_event_preview': 'Sága enters the Memory Core, a sacred chamber where all memories are stored, and must destroy it to free the city, even if it means losing her own identity forever.', 'antagonist_name': 'Lord Virek', 'antagonist_description': 'The immortal ruler of Noctis who has controlled the memory trade for centuries, believing that the loss of memories is necessary for societal order.', 'antagonist_motivations': 'Virek seeks to maintain his power and prevent the city from collapsing, even if it means erasing the past and enforcing conformity through memory suppression.'}. Cleaned text for parsing: '</think>

Protagonist Name: Sága
Protagonist Description: A disillusioned historian who secretly longs for a way to escape the city's oppressive rule and reclaim her lost memories.
Setting Description: A walled city called Noctis, where time is controlled by a central authority that offers citizens ...'
2025-05-22 07:05:10 - ERROR - [initial_setup_logic:409] - Failed to generate a valid plot outline dict from plain text. Applying default.
2025-05-22 07:05:10 - INFO - [initial_setup_logic:432] - Created initial profile for protagonist 'Sága' in agent.character_profiles.
2025-05-22 07:05:10 - INFO - [initial_setup_logic:715] - Generating initial world-building data (to plain text) via LLM...
2025-05-22 07:05:10 - INFO - [httpx:1740] - HTTP Request: POST http://127.0.0.1:8080/v1/chat/completions "HTTP/1.1 200 OK"
2025-05-22 07:05:50 - INFO - [llm_interface:239] - Async: Streamed LLM ('Qwen3-8B') Usage - Prompt: 832 tk, Comp: 1790 tk, Total: 2622 tk
2025-05-22 07:05:50 - INFO - [initial_setup_logic:745] - Successfully generated initial world-building dict via LLM (from plain text).
2025-05-22 07:05:50 - INFO - [novel_agent:72] - Saving agent state (plot, characters, world) to Neo4j (decomposed)...
2025-05-22 07:05:50 - INFO - [state_manager:152] - Saving decomposed plot outline to Neo4j using MERGE...
2025-05-22 07:05:50 - INFO - [state_manager:251] - Saving decomposed character profiles to Neo4j using MERGE...
2025-05-22 07:05:50 - INFO - [state_manager:399] - Saving decomposed world building data to Neo4j using MERGE...
2025-05-22 07:05:50 - WARNING - [state_manager:433] - Skipping world category 'source' because its value is not a dictionary (type: <class 'str'>). Value: llm_generated
2025-05-22 07:05:50 - INFO - [state_manager:88] - Successfully executed batch of 6 Cypher statements.
2025-05-22 07:05:50 - INFO - [state_manager:331] - Successfully saved decomposed character profiles to Neo4j using MERGE.
2025-05-22 07:05:50 - INFO - [state_manager:88] - Successfully executed batch of 17 Cypher statements.
2025-05-22 07:05:50 - INFO - [state_manager:211] - Successfully saved decomposed plot outline to Neo4j using MERGE.
2025-05-22 07:05:50 - INFO - [state_manager:88] - Successfully executed batch of 73 Cypher statements.
2025-05-22 07:05:50 - INFO - [state_manager:499] - Successfully saved decomposed world building data to Neo4j using MERGE.
2025-05-22 07:05:50 - INFO - [novel_agent:88] - Successfully saved plot_outline to Neo4j (decomposed).
2025-05-22 07:05:50 - INFO - [novel_agent:88] - Successfully saved character_profiles to Neo4j (decomposed).
2025-05-22 07:05:50 - INFO - [novel_agent:88] - Successfully saved world_building to Neo4j (decomposed).
2025-05-22 07:05:50 - INFO - [novel_agent:93] - All (3) state objects saved to Neo4j (decomposed) successfully.
2025-05-22 07:05:50 - WARNING - [__main__:83] - Initial setup resulted in a default or empty plot outline dict. This might impact generation quality.
2025-05-22 07:05:50 - INFO - [__main__:94] - Skipping KG pre-population: Plot outline is default or source is unclear ('default_fallback'). Pre-population relies on detailed initial data.
2025-05-22 07:05:50 - INFO - [novel_agent:135] - === Starting Chapter 1 Generation ===
2025-05-22 07:05:50 - INFO - [chapter_planning_logic:163] - Planning Chapter 1 with detailed scenes...
2025-05-22 07:05:50 - WARNING - [neo4j.notifications:337] - Received notification from DBMS server: {severity: WARNING} {code: Neo.ClientNotification.Statement.UnknownPropertyKeyWarning} {category: UNRECOGNIZED} {title: The provided property key is not in the database} {description: One of the property names in your query is not available in the database, make sure you didn't misspell it or that the label is available when you run this statement in your application (the missing property name is: provisional_source)} {position: line: 20, column: 118, offset: 1164} for query: '\n        MATCH (c_match:Character {name: $char_name})\n\n        // Part 1: Get recent development summary\n        OPTIONAL MATCH (c_match)-[:DEVELOPED_IN_CHAPTER]->(dev_event:DevelopmentEvent)\n        WHERE dev_event.chapter <= $chapter_limit OR dev_event IS NULL\n        WITH c_match, dev_event ORDER BY dev_event.chapter DESC\n        WITH c_match, COLLECT(CASE WHEN dev_event IS NOT NULL THEN dev_event.summary ELSE NULL END)[0] AS recent_dev_summary_val\n\n        // Part 2: Check for provisional relationships and specific dev event\n        WITH c_match, recent_dev_summary_val\n        OPTIONAL MATCH (c_match)-[rel_s:DYNAMIC_REL {is_provisional: true}]->()\n        WHERE rel_s.chapter_added <= $chapter_limit\n        WITH c_match, recent_dev_summary_val, COLLECT(DISTINCT rel_s) AS rels_s_collection\n\n        OPTIONAL MATCH ()-[rel_o:DYNAMIC_REL {is_provisional: true}]->(c_match)\n        WHERE rel_o.chapter_added <= $chapter_limit\n        WITH c_match, recent_dev_summary_val, rels_s_collection, COLLECT(DISTINCT rel_o) AS rels_o_collection\n\n        OPTIONAL MATCH (c_match)-[:DEVELOPED_IN_CHAPTER]->(prov_dev_check:DevelopmentEvent {chapter: $chapter_limit, provisional_source: true})\n\n        RETURN c_match.description AS description,\n               c_match.status AS current_status,\n               recent_dev_summary_val AS most_recent_development_note,\n               (SIZE(rels_s_collection) > 0 OR SIZE(rels_o_collection) > 0 OR prov_dev_check IS NOT NULL) AS is_provisional_overall\n        LIMIT 1\n        '
2025-05-22 07:05:50 - WARNING - [neo4j.notifications:337] - Received notification from DBMS server: {severity: WARNING} {code: Neo.ClientNotification.Statement.UnknownPropertyKeyWarning} {category: UNRECOGNIZED} {title: The provided property key is not in the database} {description: One of the property names in your query is not available in the database, make sure you didn't misspell it or that the label is available when you run this statement in your application (the missing property name is: provisional_source)} {position: line: 15, column: 120, offset: 686} for query: '\n        MATCH (we_match:WorldElement {category: $category})\n        WITH we_match\n        LIMIT $item_limit\n        \n        WITH we_match AS we // Rename for clarity\n        OPTIONAL MATCH (we)-[rel_s:DYNAMIC_REL {is_provisional: true}]->()\n        WHERE rel_s.chapter_added <= $chapter_limit\n        WITH we, COLLECT(DISTINCT rel_s) AS rels_s_collection\n\n        OPTIONAL MATCH ()-[rel_o:DYNAMIC_REL {is_provisional: true}]->(we)\n        WHERE rel_o.chapter_added <= $chapter_limit\n        WITH we, rels_s_collection, COLLECT(DISTINCT rel_o) AS rels_o_collection\n\n        OPTIONAL MATCH (we)-[:ELABORATED_IN_CHAPTER]->(prov_elab_check:WorldElaborationEvent {chapter: $chapter_limit, provisional_source: true})\n\n        RETURN we.name AS name,\n               we.description AS description,\n               (SIZE(rels_s_collection) > 0 OR SIZE(rels_o_collection) > 0 OR prov_elab_check IS NOT NULL) AS is_provisional\n        ORDER BY name\n        '
2025-05-22 07:05:50 - WARNING - [neo4j.notifications:337] - Received notification from DBMS server: {severity: WARNING} {code: Neo.ClientNotification.Statement.UnknownPropertyKeyWarning} {category: UNRECOGNIZED} {title: The provided property key is not in the database} {description: One of the property names in your query is not available in the database, make sure you didn't misspell it or that the label is available when you run this statement in your application (the missing property name is: provisional_source)} {position: line: 15, column: 120, offset: 686} for query: '\n        MATCH (we_match:WorldElement {category: $category})\n        WITH we_match\n        LIMIT $item_limit\n        \n        WITH we_match AS we // Rename for clarity\n        OPTIONAL MATCH (we)-[rel_s:DYNAMIC_REL {is_provisional: true}]->()\n        WHERE rel_s.chapter_added <= $chapter_limit\n        WITH we, COLLECT(DISTINCT rel_s) AS rels_s_collection\n\n        OPTIONAL MATCH ()-[rel_o:DYNAMIC_REL {is_provisional: true}]->(we)\n        WHERE rel_o.chapter_added <= $chapter_limit\n        WITH we, rels_s_collection, COLLECT(DISTINCT rel_o) AS rels_o_collection\n\n        OPTIONAL MATCH (we)-[:ELABORATED_IN_CHAPTER]->(prov_elab_check:WorldElaborationEvent {chapter: $chapter_limit, provisional_source: true})\n\n        RETURN we.name AS name,\n               we.description AS description,\n               (SIZE(rels_s_collection) > 0 OR SIZE(rels_o_collection) > 0 OR prov_elab_check IS NOT NULL) AS is_provisional\n        ORDER BY name\n        '
2025-05-22 07:05:50 - WARNING - [neo4j.notifications:337] - Received notification from DBMS server: {severity: WARNING} {code: Neo.ClientNotification.Statement.UnknownPropertyKeyWarning} {category: UNRECOGNIZED} {title: The provided property key is not in the database} {description: One of the property names in your query is not available in the database, make sure you didn't misspell it or that the label is available when you run this statement in your application (the missing property name is: provisional_source)} {position: line: 15, column: 120, offset: 686} for query: '\n        MATCH (we_match:WorldElement {category: $category})\n        WITH we_match\n        LIMIT $item_limit\n        \n        WITH we_match AS we // Rename for clarity\n        OPTIONAL MATCH (we)-[rel_s:DYNAMIC_REL {is_provisional: true}]->()\n        WHERE rel_s.chapter_added <= $chapter_limit\n        WITH we, COLLECT(DISTINCT rel_s) AS rels_s_collection\n\n        OPTIONAL MATCH ()-[rel_o:DYNAMIC_REL {is_provisional: true}]->(we)\n        WHERE rel_o.chapter_added <= $chapter_limit\n        WITH we, rels_s_collection, COLLECT(DISTINCT rel_o) AS rels_o_collection\n\n        OPTIONAL MATCH (we)-[:ELABORATED_IN_CHAPTER]->(prov_elab_check:WorldElaborationEvent {chapter: $chapter_limit, provisional_source: true})\n\n        RETURN we.name AS name,\n               we.description AS description,\n               (SIZE(rels_s_collection) > 0 OR SIZE(rels_o_collection) > 0 OR prov_elab_check IS NOT NULL) AS is_provisional\n        ORDER BY name\n        '
2025-05-22 07:05:50 - INFO - [chapter_planning_logic:249] - Calling LLM (Qwen3-14B) for detailed scene plan for chapter 1 (target scenes: 10-18)...
2025-05-22 07:05:50 - WARNING - [llm_interface:66] - No direct tiktoken encoding found for model 'Qwen3-14B'. Attempting default encoding 'cl100k_base'.
2025-05-22 07:05:50 - INFO - [llm_interface:73] - Using default tiktoken encoding 'cl100k_base' for model 'Qwen3-14B' and cached.
2025-05-22 07:05:57 - INFO - [httpx:1740] - HTTP Request: POST http://127.0.0.1:8080/v1/chat/completions "HTTP/1.1 200 OK"
2025-05-22 07:07:58 - INFO - [llm_interface:239] - Async: Streamed LLM ('Qwen3-14B') Usage - Prompt: 811 tk, Comp: 3235 tk, Total: 4046 tk
2025-05-22 07:07:58 - INFO - [chapter_planning_logic:294] - Generated valid detailed scene plan for chapter 1 with 18 scenes from plain text.
2025-05-22 07:07:58 - INFO - [context_generation_logic:173] - Generating HYBRID context for Chapter 1...
2025-05-22 07:07:58 - INFO - [context_generation_logic:227] - Generated HYBRID context for Chapter 1, Tokens (est.): 98.
2025-05-22 07:07:58 - INFO - [chapter_drafting_logic:83] - Using detailed scene plan (plain text) for Ch 1 draft generation.
2025-05-22 07:07:58 - INFO - [prompt_data_getters:298] - Fetching and formatting filtered character profiles as PLAIN TEXT up to chapter 0.
2025-05-22 07:07:58 - INFO - [prompt_data_getters:379] - Fetching and formatting filtered world data as PLAIN TEXT up to chapter 0.
2025-05-22 07:07:58 - INFO - [chapter_drafting_logic:133] - Calling LLM (Qwen3-14B) for Ch 1 draft. Target minimum length: 15000 chars.
2025-05-22 07:08:00 - INFO - [httpx:1740] - HTTP Request: POST http://127.0.0.1:8080/v1/chat/completions "HTTP/1.1 200 OK"
2025-05-22 07:11:56 - INFO - [llm_interface:239] - Async: Streamed LLM ('Qwen3-14B') Usage - Prompt: 5585 tk, Comp: 5118 tk, Total: 10703 tk
2025-05-22 07:11:56 - INFO - [chapter_drafting_logic:158] - Generated initial draft for ch 1 (Length: 22843 chars).
2025-05-22 07:11:56 - INFO - [chapter_evaluation_logic:281] - Evaluating chapter 1 draft (length: 22843 chars)...
2025-05-22 07:11:56 - INFO - [chapter_evaluation_logic:330] - Skipping coherence check for Chapter 1.
2025-05-22 07:11:58 - INFO - [httpx:1740] - HTTP Request: POST http://127.0.0.1:11434/api/embeddings "HTTP/1.1 200 OK"
2025-05-22 07:11:58 - INFO - [prompt_data_getters:298] - Fetching and formatting filtered character profiles as PLAIN TEXT up to chapter 0.
2025-05-22 07:11:58 - INFO - [prompt_data_getters:379] - Fetching and formatting filtered world data as PLAIN TEXT up to chapter 0.
2025-05-22 07:11:58 - INFO - [chapter_evaluation_logic:196] - Calling LLM (Qwen3-14B) for comprehensive (plain text) evaluation of chapter 1...
2025-05-22 07:12:47 - INFO - [httpx:1740] - HTTP Request: POST http://127.0.0.1:8080/v1/chat/completions "HTTP/1.1 200 OK"
2025-05-22 07:12:47 - INFO - [llm_interface:239] - Async: LLM ('Qwen3-14B') Usage - Prompt: 7857 tk, Comp: 813 tk, Total: 8670 tk
2025-05-22 07:12:47 - INFO - [chapter_evaluation_logic:266] - Comprehensive (plain text) evaluation for Ch 1 complete. LLM output: '</think>

ISSUE CATEGORY: consistency
PROBLEM DESCRIPTION: The chapter introduces Sága's awareness of the Grid failing, but it contradicts the Key Reliable KG Fact that "the main conflict is: Default ...'
2025-05-22 07:12:47 - WARNING - [chapter_evaluation_logic:60] - Parsed unknown issue category 'thematic_alignment' in block 3 for Ch 1. Defaulting to 'meta'. Block: ISSUE CATEGORY: thematic_alignment
PROBLEM DESCRIPTION: The theme of "the cost of power" is only loo
2025-05-22 07:12:47 - WARNING - [chapter_evaluation_logic:60] - Parsed unknown issue category 'narrative_depth_and_length' in block 4 for Ch 1. Defaulting to 'meta'. Block: ISSUE CATEGORY: narrative_depth_and_length
PROBLEM DESCRIPTION: The chapter is underdeveloped in ter
2025-05-22 07:12:47 - WARNING - [chapter_evaluation_logic:60] - Parsed unknown issue category 'narrative_depth_and_length' in block 5 for Ch 1. Defaulting to 'meta'. Block: ISSUE CATEGORY: narrative_depth_and_length
PROBLEM DESCRIPTION: The chapter is too short in terms of
2025-05-22 07:12:47 - WARNING - [chapter_evaluation_logic:60] - Parsed unknown issue category 'narrative_depth_and_length' in block 6 for Ch 1. Defaulting to 'meta'. Block: ISSUE CATEGORY: narrative_depth_and_length
PROBLEM DESCRIPTION: The chapter does not meet the target
2025-05-22 07:12:47 - WARNING - [chapter_evaluation_logic:386] - Problem quote for Ch 1 NOT FOUND VERBATIM in chapter text: '"The Grid wasn’t just failing—it was being drained...'. This may fail patching. Problem: The chapter introduces Sága's awareness of the Grid failing, but it contradicts the Key Reliable KG Fact that "the main conflict is: Default conflict: The protagonist must overcome a significant obstacle." This chapter does not yet establish what the specific obstacle is or how it ties into the broader conflict.
2025-05-22 07:12:47 - WARNING - [chapter_evaluation_logic:386] - Problem quote for Ch 1 NOT FOUND VERBATIM in chapter text: '"The dream had been a warning."...'. This may fail patching. Problem: The intended Plot Point #1 ("An event occurs") is somewhat addressed through Sága's dream and their growing awareness of the Grid's instability. However, the event lacks a clear catalyst or turning point that propels the narrative forward. It feels more like an internal realization than a concrete external event.
2025-05-22 07:12:47 - WARNING - [chapter_evaluation_logic:386] - Problem quote for Ch 1 NOT FOUND VERBATIM in chapter text: '"The Grid wasn’t just failing—it was being drained...'. This may fail patching. Problem: The theme of "the cost of power" is only loosely touched on. While the Grid's instability and the idea of people being used as fuel are present, the chapter lacks deeper exploration of how this reflects on Sága’s internal conflict or the broader societal cost of the Dominion’s rule.
2025-05-22 07:12:47 - WARNING - [chapter_evaluation_logic:386] - Problem quote for Ch 1 NOT FOUND VERBATIM in chapter text: '"Sága awoke to the scent of rust and damp stone, t...'. This may fail patching. Problem: The chapter is underdeveloped in terms of descriptive detail, character introspection, and dialogue. While the setting and some emotional beats are present, they lack depth and immersion. The pacing is uneven, with long stretches of internal monologue that could be more tightly woven into action or dialogue.
2025-05-22 07:12:47 - WARNING - [chapter_evaluation_logic:386] - Problem quote for Ch 1 NOT FOUND VERBATIM in chapter text: '"The next day, Sága found themselves at the commun...'. This may fail patching. Problem: The chapter is too short in terms of character development and world-building. It introduces key elements (the Grid, the Hollow Expanse, the Free Scribes) but does not fully explore them or connect them to Sága’s arc or the overarching theme.
2025-05-22 07:12:47 - INFO - [chapter_evaluation_logic:390] - Evaluation for Ch 1 complete. Needs revision: True. Summary reasons: Consistency issues identified by LLM.; Meta/Uncategorized issues identified by LLM.; Plot Arc deviation identified by LLM.. Detailed problems: 6
2025-05-22 07:12:47 - WARNING - [novel_agent:173] - Ch 1 initial draft (22843 chars) flagged for revision. Reasons: Consistency issues identified by LLM.; Meta/Uncategorized issues identified by LLM.; Plot Arc deviation identified by LLM.
2025-05-22 07:12:47 - WARNING - [chapter_revision_logic:262] - Attempting revision for chapter 1. Reason(s) summary:
- Consistency issues identified by LLM.
- Meta/Uncategorized issues identified by LLM.
- Plot Arc deviation identified by LLM.
2025-05-22 07:12:47 - INFO - [chapter_revision_logic:270] - Patch-based revision enabled. Attempting to generate and apply patches for Ch 1 (5 actionable problems identified).
2025-05-22 07:12:47 - WARNING - [chapter_revision_logic:35] - Quote for context window not found in text: '"The Grid wasn’t just failing—it was being drained...' Returning full text snippet as fallback.
2025-05-22 07:12:47 - WARNING - [chapter_revision_logic:35] - Quote for context window not found in text: '"The dream had been a warning."...' Returning full text snippet as fallback.
2025-05-22 07:12:47 - WARNING - [chapter_revision_logic:35] - Quote for context window not found in text: '"The Grid wasn’t just failing—it was being drained...' Returning full text snippet as fallback.
2025-05-22 07:12:47 - WARNING - [chapter_revision_logic:35] - Quote for context window not found in text: '"Sága awoke to the scent of rust and damp stone, t...' Returning full text snippet as fallback.
2025-05-22 07:12:47 - WARNING - [chapter_revision_logic:35] - Quote for context window not found in text: '"The next day, Sága found themselves at the commun...' Returning full text snippet as fallback.
2025-05-22 07:12:47 - INFO - [chapter_revision_logic:108] - Calling LLM (Qwen3-8B) for single patch in Ch 1. Problem: The chapter introduces Sága's awareness of the Grid failing,... Quote: "The Grid wasn’t just failing—it was being drained."...
2025-05-22 07:12:47 - INFO - [chapter_revision_logic:108] - Calling LLM (Qwen3-8B) for single patch in Ch 1. Problem: The intended Plot Point #1 ("An event occurs") is somewhat a... Quote: "The dream had been a warning."...
2025-05-22 07:12:47 - INFO - [chapter_revision_logic:108] - Calling LLM (Qwen3-8B) for single patch in Ch 1. Problem: The theme of "the cost of power" is only loosely touched on.... Quote: "The Grid wasn’t just failing—it was being drained."...
2025-05-22 07:12:47 - INFO - [chapter_revision_logic:108] - Calling LLM (Qwen3-8B) for single patch in Ch 1. Problem: The chapter is underdeveloped in terms of descriptive detail... Quote: "Sága awoke to the scent of rust and damp stone, the air thi...
2025-05-22 07:12:47 - INFO - [chapter_revision_logic:108] - Calling LLM (Qwen3-8B) for single patch in Ch 1. Problem: The chapter is too short in terms of character development a... Quote: "The next day, Sága found themselves at the communal kitchen...
2025-05-22 07:13:11 - INFO - [httpx:1740] - HTTP Request: POST http://127.0.0.1:8080/v1/chat/completions "HTTP/1.1 200 OK"
2025-05-22 07:13:11 - INFO - [llm_interface:239] - Async: LLM ('Qwen3-8B') Usage - Prompt: 5502 tk, Comp: 571 tk, Total: 6073 tk
2025-05-22 07:13:15 - INFO - [httpx:1740] - HTTP Request: POST http://127.0.0.1:8080/v1/chat/completions "HTTP/1.1 200 OK"
2025-05-22 07:13:15 - INFO - [llm_interface:239] - Async: LLM ('Qwen3-8B') Usage - Prompt: 5517 tk, Comp: 671 tk, Total: 6188 tk
2025-05-22 07:13:26 - INFO - [httpx:1740] - HTTP Request: POST http://127.0.0.1:8080/v1/chat/completions "HTTP/1.1 200 OK"
2025-05-22 07:13:26 - INFO - [llm_interface:239] - Async: LLM ('Qwen3-8B') Usage - Prompt: 5508 tk, Comp: 453 tk, Total: 5961 tk
2025-05-22 07:13:28 - INFO - [httpx:1740] - HTTP Request: POST http://127.0.0.1:8080/v1/chat/completions "HTTP/1.1 200 OK"
2025-05-22 07:13:28 - INFO - [llm_interface:239] - Async: LLM ('Qwen3-8B') Usage - Prompt: 5507 tk, Comp: 432 tk, Total: 5939 tk
2025-05-22 07:13:43 - INFO - [httpx:1740] - HTTP Request: POST http://127.0.0.1:8080/v1/chat/completions "HTTP/1.1 200 OK"
2025-05-22 07:13:43 - INFO - [llm_interface:239] - Async: LLM ('Qwen3-8B') Usage - Prompt: 5552 tk, Comp: 592 tk, Total: 6144 tk
2025-05-22 07:13:43 - INFO - [chapter_revision_logic:185] - Generated 5 patch instructions for Ch 1.
2025-05-22 07:13:43 - WARNING - [chapter_revision_logic:207] - Patching: `search_text` not found in original text. Skipping patch. Search: '"The Grid wasn’t just failing—it was being drained."...'
2025-05-22 07:13:43 - WARNING - [chapter_revision_logic:207] - Patching: `search_text` not found in original text. Skipping patch. Search: '"The dream had been a warning."...'
2025-05-22 07:13:43 - WARNING - [chapter_revision_logic:207] - Patching: `search_text` not found in original text. Skipping patch. Search: '"The Grid wasn’t just failing—it was being drained."...'
2025-05-22 07:13:43 - WARNING - [chapter_revision_logic:207] - Patching: `search_text` not found in original text. Skipping patch. Search: '"Sága awoke to the scent of rust and damp stone, the air thick with the metallic tang of decay."...'
2025-05-22 07:13:43 - WARNING - [chapter_revision_logic:207] - Patching: `search_text` not found in original text. Skipping patch. Search: '"The next day, Sága found themselves at the communal kitchen..."...'
2025-05-22 07:13:43 - WARNING - [chapter_revision_logic:221] - 5/5 applicable patches could not be applied because their search_text was not found in the original chapter.
2025-05-22 07:13:43 - INFO - [chapter_revision_logic:279] - Successfully applied 5 patches to Ch 1. Original len: 22843, Patched len: 22843.
2025-05-22 07:13:43 - INFO - [chapter_revision_logic:296] - Patched text similarity score with original draft: 1.0000
2025-05-22 07:13:43 - WARNING - [chapter_revision_logic:298] - Patched text for ch 1 is too similar to original (Score: 1.0000 >= Threshold: 0.985). Patches may have been ineffective.
2025-05-22 07:13:43 - INFO - [chapter_revision_logic:421] - Revision process for ch 1 produced a candidate text (Length: 22843 chars).
2025-05-22 07:13:43 - INFO - [novel_agent:186] - Revision attempted for ch 1. Re-evaluating revised draft (22843 chars)...
2025-05-22 07:13:43 - INFO - [chapter_evaluation_logic:281] - Evaluating chapter 1 draft (length: 22843 chars)...
2025-05-22 07:13:43 - INFO - [chapter_evaluation_logic:330] - Skipping coherence check for Chapter 1.
2025-05-22 07:13:43 - INFO - [prompt_data_getters:298] - Fetching and formatting filtered character profiles as PLAIN TEXT up to chapter 0.
2025-05-22 07:13:43 - INFO - [prompt_data_getters:379] - Fetching and formatting filtered world data as PLAIN TEXT up to chapter 0.
2025-05-22 07:13:43 - INFO - [chapter_evaluation_logic:196] - Calling LLM (Qwen3-14B) for comprehensive (plain text) evaluation of chapter 1...
2025-05-22 07:15:17 - INFO - [httpx:1740] - HTTP Request: POST http://127.0.0.1:8080/v1/chat/completions "HTTP/1.1 200 OK"
2025-05-22 07:15:17 - INFO - [llm_interface:239] - Async: LLM ('Qwen3-14B') Usage - Prompt: 7857 tk, Comp: 1961 tk, Total: 9818 tk
2025-05-22 07:15:17 - INFO - [chapter_evaluation_logic:266] - Comprehensive (plain text) evaluation for Ch 1 complete. LLM output: '</think>

ISSUE CATEGORY: consistency
PROBLEM DESCRIPTION: The protagonist, Sága, is introduced with a "Default character arc" of learning something important, but their motivations and emotional stat...'
2025-05-22 07:15:17 - INFO - [chapter_evaluation_logic:390] - Evaluation for Ch 1 complete. Needs revision: False. Summary reasons: None. Detailed problems: 0
2025-05-22 07:15:17 - INFO - [novel_agent:204] - Revised draft for ch 1 passed re-evaluation.
2025-05-22 07:15:17 - INFO - [novel_agent:232] - Finalizing chapter 1 (From flawed draft: False). Text length: 22843.
2025-05-22 07:15:17 - WARNING - [llm_interface:66] - No direct tiktoken encoding found for model 'Qwen3-4B'. Attempting default encoding 'cl100k_base'.
2025-05-22 07:15:17 - INFO - [llm_interface:73] - Using default tiktoken encoding 'cl100k_base' for model 'Qwen3-4B' and cached.
2025-05-22 07:15:25 - INFO - [httpx:1740] - HTTP Request: POST http://127.0.0.1:8080/v1/chat/completions "HTTP/1.1 200 OK"
2025-05-22 07:15:25 - INFO - [llm_interface:239] - Async: LLM ('Qwen3-4B') Usage - Prompt: 5208 tk, Comp: 117 tk, Total: 5325 tk
2025-05-22 07:15:25 - INFO - [knowledge_management_logic:60] - Generated summary for ch 1: '</think>

Sága awakens from a vivid nightmare revealing the Grid's impending collapse and its connec...'
2025-05-22 07:15:25 - INFO - [state_manager:616] - Neo4j: Successfully saved chapter data (including embedding) for chapter 1.
2025-05-22 07:15:25 - INFO - [novel_agent:259] - Saved chapter text and raw LLM log files for ch 1.
2025-05-22 07:15:25 - INFO - [novel_agent:263] - Core finalization complete for ch 1.
2025-05-22 07:15:25 - INFO - [knowledge_management_logic:883] - Updating all knowledge bases for ch 1 (Source from flawed draft: False)...
2025-05-22 07:15:25 - INFO - [knowledge_management_logic:581] - Performing unified knowledge extraction (plain text) for Chapter 1...
2025-05-22 07:15:25 - INFO - [prompt_data_getters:298] - Fetching and formatting filtered character profiles as PLAIN TEXT up to chapter 0.
2025-05-22 07:15:25 - INFO - [prompt_data_getters:379] - Fetching and formatting filtered world data as PLAIN TEXT up to chapter 0.
2025-05-22 07:15:25 - INFO - [knowledge_management_logic:701] - Calling LLM (Qwen3-8B) for unified knowledge extraction (Ch 1).
2025-05-22 07:15:32 - INFO - [httpx:1740] - HTTP Request: POST http://127.0.0.1:8080/v1/chat/completions "HTTP/1.1 200 OK"
2025-05-22 07:15:53 - INFO - [llm_interface:239] - Async: Streamed LLM ('Qwen3-8B') Usage - Prompt: 8251 tk, Comp: 839 tk, Total: 9090 tk
2025-05-22 07:15:53 - INFO - [knowledge_management_logic:740] - Unified knowledge extraction (plain text parsing) for Ch 1 complete. Char updates: 2, World updates categories: 3, KG Triples: 26.
2025-05-22 07:15:53 - INFO - [knowledge_management_logic:168] - Merging character profile updates for ch 1. Characters in update: ['Sága', 'Jorin']
2025-05-22 07:15:53 - INFO - [knowledge_management_logic:109] - Applied trait modifications for 'Sága'. New traits: ['Inquisitive']
2025-05-22 07:15:53 - INFO - [knowledge_management_logic:136] - Prepared new character profile for 'Jorin'.
2025-05-22 07:15:53 - INFO - [knowledge_management_logic:109] - Applied trait modifications for 'Jorin'. New traits: ['Determined', 'Knowledgeable', 'Loyal', 'Secretive', 'Wary']
2025-05-22 07:15:53 - INFO - [knowledge_management_logic:199] - Character profile Python dict merge complete for ch 1. Updated: 1, New: 1.
2025-05-22 07:15:53 - INFO - [knowledge_management_logic:265] - Merging world-building updates for ch 1. Categories in update: ['systems', 'locations', 'lore']
2025-05-22 07:15:53 - INFO - [knowledge_management_logic:305] - World-building Python dict merge complete for ch 1. Approx 3 items affected/added.
2025-05-22 07:15:53 - INFO - [knowledge_management_logic:921] - KG update from unified_extraction for ch 1: Added 26 triples, skipped 0.
2025-05-22 07:15:53 - INFO - [knowledge_management_logic:924] - Unified knowledge extraction processing complete for ch 1. In-memory dicts updated, KG triples sent to Neo4j.
2025-05-22 07:15:53 - INFO - [novel_agent:72] - Saving agent state (plot, characters, world) to Neo4j (decomposed)...
2025-05-22 07:15:53 - INFO - [state_manager:152] - Saving decomposed plot outline to Neo4j using MERGE...
2025-05-22 07:15:53 - INFO - [state_manager:251] - Saving decomposed character profiles to Neo4j using MERGE...
2025-05-22 07:15:53 - INFO - [state_manager:399] - Saving decomposed world building data to Neo4j using MERGE...
2025-05-22 07:15:53 - WARNING - [state_manager:444] - Skipping item 'category_updated_in_chapter_1' in world category 'locations' because its details_dict is not a dictionary (type: <class 'bool'>). Value: True
2025-05-22 07:15:53 - WARNING - [state_manager:444] - Skipping item 'category_updated_in_chapter_1' in world category 'systems' because its details_dict is not a dictionary (type: <class 'bool'>). Value: True
2025-05-22 07:15:53 - WARNING - [state_manager:444] - Skipping item 'category_updated_in_chapter_1' in world category 'lore' because its details_dict is not a dictionary (type: <class 'bool'>). Value: True
2025-05-22 07:15:53 - WARNING - [state_manager:433] - Skipping world category 'source' because its value is not a dictionary (type: <class 'str'>). Value: llm_generated
2025-05-22 07:15:53 - INFO - [state_manager:88] - Successfully executed batch of 17 Cypher statements.
2025-05-22 07:15:53 - INFO - [state_manager:211] - Successfully saved decomposed plot outline to Neo4j using MERGE.
2025-05-22 07:15:53 - ERROR - [state_manager:90] - Error in Cypher batch execution: {code: Neo.ClientError.Statement.SyntaxError} {message: Invalid input '{': expected an identifier or '}' (line 2, column 57 (offset: 57))
"                                MATCH (we:WorldElement {{id: $we_id_val}})"
                                                         ^}. Rolling back.
neo4j.exceptions.GqlError: {gql_status: 42I06} {gql_status_description: error: syntax error or access rule violation - invalid input. Invalid input '{', expected: an identifier or '}'.} {message: 42I06: Invalid input '{', expected: an identifier or '}'.} {diagnostic_record: {'_classification': 'CLIENT_ERROR', '_position': {'column': 57, 'offset': 57, 'line': 2}, 'OPERATION': '', 'OPERATION_CODE': '0', 'CURRENT_SCHEMA': '/'}} {raw_classification: CLIENT_ERROR}

The above exception was the direct cause of the following exception:

Traceback (most recent call last):
  File "/home/dlewis3/Desktop/AI/saga/state_manager.py", line 86, in execute_cypher_batch
    await tx.run(query, params)
  File "/home/dlewis3/Desktop/AI/saga/.venv/lib/python3.13/site-packages/neo4j/_async/work/transaction.py", line 206, in run
    await result._tx_ready_run(query, parameters)
  File "/home/dlewis3/Desktop/AI/saga/.venv/lib/python3.13/site-packages/neo4j/_async/work/result.py", line 177, in _tx_ready_run
    await self._run(query, parameters, None, None, None, None, None, None)
  File "/home/dlewis3/Desktop/AI/saga/.venv/lib/python3.13/site-packages/neo4j/_async/work/result.py", line 236, in _run
    await self._attach()
  File "/home/dlewis3/Desktop/AI/saga/.venv/lib/python3.13/site-packages/neo4j/_async/work/result.py", line 430, in _attach
    await self._connection.fetch_message()
  File "/home/dlewis3/Desktop/AI/saga/.venv/lib/python3.13/site-packages/neo4j/_async/io/_common.py", line 195, in inner
    await coroutine_func(*args, **kwargs)
  File "/home/dlewis3/Desktop/AI/saga/.venv/lib/python3.13/site-packages/neo4j/_async/io/_bolt.py", line 864, in fetch_message
    res = await self._process_message(tag, fields)
          ^^^^^^^^^^^^^^^^^^^^^^^^^^^^^^^^^^^^^^^^
  File "/home/dlewis3/Desktop/AI/saga/.venv/lib/python3.13/site-packages/neo4j/_async/io/_bolt5.py", line 1208, in _process_message
    await response.on_failure(summary_metadata or {})
  File "/home/dlewis3/Desktop/AI/saga/.venv/lib/python3.13/site-packages/neo4j/_async/io/_common.py", line 254, in on_failure
    raise self._hydrate_error(metadata)
neo4j.exceptions.CypherSyntaxError: {code: Neo.ClientError.Statement.SyntaxError} {message: Invalid input '{': expected an identifier or '}' (line 2, column 57 (offset: 57))
"                                MATCH (we:WorldElement {{id: $we_id_val}})"
                                                         ^}
2025-05-22 07:15:53 - ERROR - [state_manager:504] - Error saving decomposed world building data with MERGE: {code: Neo.ClientError.Statement.SyntaxError} {message: Invalid input '{': expected an identifier or '}' (line 2, column 57 (offset: 57))
"                                MATCH (we:WorldElement {{id: $we_id_val}})"
                                                         ^}
neo4j.exceptions.GqlError: {gql_status: 42I06} {gql_status_description: error: syntax error or access rule violation - invalid input. Invalid input '{', expected: an identifier or '}'.} {message: 42I06: Invalid input '{', expected: an identifier or '}'.} {diagnostic_record: {'_classification': 'CLIENT_ERROR', '_position': {'column': 57, 'offset': 57, 'line': 2}, 'OPERATION': '', 'OPERATION_CODE': '0', 'CURRENT_SCHEMA': '/'}} {raw_classification: CLIENT_ERROR}

The above exception was the direct cause of the following exception:

Traceback (most recent call last):
  File "/home/dlewis3/Desktop/AI/saga/state_manager.py", line 498, in save_world_building
    await self.execute_cypher_batch(statements)
  File "/home/dlewis3/Desktop/AI/saga/state_manager.py", line 86, in execute_cypher_batch
    await tx.run(query, params)
  File "/home/dlewis3/Desktop/AI/saga/.venv/lib/python3.13/site-packages/neo4j/_async/work/transaction.py", line 206, in run
    await result._tx_ready_run(query, parameters)
  File "/home/dlewis3/Desktop/AI/saga/.venv/lib/python3.13/site-packages/neo4j/_async/work/result.py", line 177, in _tx_ready_run
    await self._run(query, parameters, None, None, None, None, None, None)
  File "/home/dlewis3/Desktop/AI/saga/.venv/lib/python3.13/site-packages/neo4j/_async/work/result.py", line 236, in _run
    await self._attach()
  File "/home/dlewis3/Desktop/AI/saga/.venv/lib/python3.13/site-packages/neo4j/_async/work/result.py", line 430, in _attach
    await self._connection.fetch_message()
  File "/home/dlewis3/Desktop/AI/saga/.venv/lib/python3.13/site-packages/neo4j/_async/io/_common.py", line 195, in inner
    await coroutine_func(*args, **kwargs)
  File "/home/dlewis3/Desktop/AI/saga/.venv/lib/python3.13/site-packages/neo4j/_async/io/_bolt.py", line 864, in fetch_message
    res = await self._process_message(tag, fields)
          ^^^^^^^^^^^^^^^^^^^^^^^^^^^^^^^^^^^^^^^^
  File "/home/dlewis3/Desktop/AI/saga/.venv/lib/python3.13/site-packages/neo4j/_async/io/_bolt5.py", line 1208, in _process_message
    await response.on_failure(summary_metadata or {})
  File "/home/dlewis3/Desktop/AI/saga/.venv/lib/python3.13/site-packages/neo4j/_async/io/_common.py", line 254, in on_failure
    raise self._hydrate_error(metadata)
neo4j.exceptions.CypherSyntaxError: {code: Neo.ClientError.Statement.SyntaxError} {message: Invalid input '{': expected an identifier or '}' (line 2, column 57 (offset: 57))
"                                MATCH (we:WorldElement {{id: $we_id_val}})"
                                                         ^}
2025-05-22 07:15:53 - INFO - [state_manager:88] - Successfully executed batch of 19 Cypher statements.
2025-05-22 07:15:53 - INFO - [state_manager:331] - Successfully saved decomposed character profiles to Neo4j using MERGE.
2025-05-22 07:15:53 - INFO - [novel_agent:88] - Successfully saved plot_outline to Neo4j (decomposed).
2025-05-22 07:15:53 - INFO - [novel_agent:88] - Successfully saved character_profiles to Neo4j (decomposed).
2025-05-22 07:15:53 - WARNING - [novel_agent:90] - Unexpected return value from save_world_building (decomposed): False
2025-05-22 07:15:53 - WARNING - [novel_agent:95] - Only 2/3 state objects saved to Neo4j (decomposed) successfully.
2025-05-22 07:15:53 - INFO - [novel_agent:228] - === Finished Ch 1 Successfully ===
2025-05-22 07:15:53 - INFO - [novel_agent:135] - === Starting Chapter 2 Generation ===
2025-05-22 07:15:53 - INFO - [chapter_planning_logic:163] - Planning Chapter 2 with detailed scenes...
2025-05-22 07:15:53 - WARNING - [neo4j.notifications:337] - Received notification from DBMS server: {severity: WARNING} {code: Neo.ClientNotification.Statement.UnknownPropertyKeyWarning} {category: UNRECOGNIZED} {title: The provided property key is not in the database} {description: One of the property names in your query is not available in the database, make sure you didn't misspell it or that the label is available when you run this statement in your application (the missing property name is: provisional_source)} {position: line: 20, column: 118, offset: 1164} for query: '\n        MATCH (c_match:Character {name: $char_name})\n\n        // Part 1: Get recent development summary\n        OPTIONAL MATCH (c_match)-[:DEVELOPED_IN_CHAPTER]->(dev_event:DevelopmentEvent)\n        WHERE dev_event.chapter <= $chapter_limit OR dev_event IS NULL\n        WITH c_match, dev_event ORDER BY dev_event.chapter DESC\n        WITH c_match, COLLECT(CASE WHEN dev_event IS NOT NULL THEN dev_event.summary ELSE NULL END)[0] AS recent_dev_summary_val\n\n        // Part 2: Check for provisional relationships and specific dev event\n        WITH c_match, recent_dev_summary_val\n        OPTIONAL MATCH (c_match)-[rel_s:DYNAMIC_REL {is_provisional: true}]->()\n        WHERE rel_s.chapter_added <= $chapter_limit\n        WITH c_match, recent_dev_summary_val, COLLECT(DISTINCT rel_s) AS rels_s_collection\n\n        OPTIONAL MATCH ()-[rel_o:DYNAMIC_REL {is_provisional: true}]->(c_match)\n        WHERE rel_o.chapter_added <= $chapter_limit\n        WITH c_match, recent_dev_summary_val, rels_s_collection, COLLECT(DISTINCT rel_o) AS rels_o_collection\n\n        OPTIONAL MATCH (c_match)-[:DEVELOPED_IN_CHAPTER]->(prov_dev_check:DevelopmentEvent {chapter: $chapter_limit, provisional_source: true})\n\n        RETURN c_match.description AS description,\n               c_match.status AS current_status,\n               recent_dev_summary_val AS most_recent_development_note,\n               (SIZE(rels_s_collection) > 0 OR SIZE(rels_o_collection) > 0 OR prov_dev_check IS NOT NULL) AS is_provisional_overall\n        LIMIT 1\n        '
2025-05-22 07:15:53 - WARNING - [neo4j.notifications:337] - Received notification from DBMS server: {severity: WARNING} {code: Neo.ClientNotification.Statement.UnknownPropertyKeyWarning} {category: UNRECOGNIZED} {title: The provided property key is not in the database} {description: One of the property names in your query is not available in the database, make sure you didn't misspell it or that the label is available when you run this statement in your application (the missing property name is: provisional_source)} {position: line: 20, column: 118, offset: 1164} for query: '\n        MATCH (c_match:Character {name: $char_name})\n\n        // Part 1: Get recent development summary\n        OPTIONAL MATCH (c_match)-[:DEVELOPED_IN_CHAPTER]->(dev_event:DevelopmentEvent)\n        WHERE dev_event.chapter <= $chapter_limit OR dev_event IS NULL\n        WITH c_match, dev_event ORDER BY dev_event.chapter DESC\n        WITH c_match, COLLECT(CASE WHEN dev_event IS NOT NULL THEN dev_event.summary ELSE NULL END)[0] AS recent_dev_summary_val\n\n        // Part 2: Check for provisional relationships and specific dev event\n        WITH c_match, recent_dev_summary_val\n        OPTIONAL MATCH (c_match)-[rel_s:DYNAMIC_REL {is_provisional: true}]->()\n        WHERE rel_s.chapter_added <= $chapter_limit\n        WITH c_match, recent_dev_summary_val, COLLECT(DISTINCT rel_s) AS rels_s_collection\n\n        OPTIONAL MATCH ()-[rel_o:DYNAMIC_REL {is_provisional: true}]->(c_match)\n        WHERE rel_o.chapter_added <= $chapter_limit\n        WITH c_match, recent_dev_summary_val, rels_s_collection, COLLECT(DISTINCT rel_o) AS rels_o_collection\n\n        OPTIONAL MATCH (c_match)-[:DEVELOPED_IN_CHAPTER]->(prov_dev_check:DevelopmentEvent {chapter: $chapter_limit, provisional_source: true})\n\n        RETURN c_match.description AS description,\n               c_match.status AS current_status,\n               recent_dev_summary_val AS most_recent_development_note,\n               (SIZE(rels_s_collection) > 0 OR SIZE(rels_o_collection) > 0 OR prov_dev_check IS NOT NULL) AS is_provisional_overall\n        LIMIT 1\n        '
2025-05-22 07:15:53 - WARNING - [neo4j.notifications:337] - Received notification from DBMS server: {severity: WARNING} {code: Neo.ClientNotification.Statement.UnknownPropertyKeyWarning} {category: UNRECOGNIZED} {title: The provided property key is not in the database} {description: One of the property names in your query is not available in the database, make sure you didn't misspell it or that the label is available when you run this statement in your application (the missing property name is: provisional_source)} {position: line: 15, column: 120, offset: 686} for query: '\n        MATCH (we_match:WorldElement {category: $category})\n        WITH we_match\n        LIMIT $item_limit\n        \n        WITH we_match AS we // Rename for clarity\n        OPTIONAL MATCH (we)-[rel_s:DYNAMIC_REL {is_provisional: true}]->()\n        WHERE rel_s.chapter_added <= $chapter_limit\n        WITH we, COLLECT(DISTINCT rel_s) AS rels_s_collection\n\n        OPTIONAL MATCH ()-[rel_o:DYNAMIC_REL {is_provisional: true}]->(we)\n        WHERE rel_o.chapter_added <= $chapter_limit\n        WITH we, rels_s_collection, COLLECT(DISTINCT rel_o) AS rels_o_collection\n\n        OPTIONAL MATCH (we)-[:ELABORATED_IN_CHAPTER]->(prov_elab_check:WorldElaborationEvent {chapter: $chapter_limit, provisional_source: true})\n\n        RETURN we.name AS name,\n               we.description AS description,\n               (SIZE(rels_s_collection) > 0 OR SIZE(rels_o_collection) > 0 OR prov_elab_check IS NOT NULL) AS is_provisional\n        ORDER BY name\n        '
2025-05-22 07:15:53 - WARNING - [neo4j.notifications:337] - Received notification from DBMS server: {severity: WARNING} {code: Neo.ClientNotification.Statement.UnknownPropertyKeyWarning} {category: UNRECOGNIZED} {title: The provided property key is not in the database} {description: One of the property names in your query is not available in the database, make sure you didn't misspell it or that the label is available when you run this statement in your application (the missing property name is: provisional_source)} {position: line: 15, column: 120, offset: 686} for query: '\n        MATCH (we_match:WorldElement {category: $category})\n        WITH we_match\n        LIMIT $item_limit\n        \n        WITH we_match AS we // Rename for clarity\n        OPTIONAL MATCH (we)-[rel_s:DYNAMIC_REL {is_provisional: true}]->()\n        WHERE rel_s.chapter_added <= $chapter_limit\n        WITH we, COLLECT(DISTINCT rel_s) AS rels_s_collection\n\n        OPTIONAL MATCH ()-[rel_o:DYNAMIC_REL {is_provisional: true}]->(we)\n        WHERE rel_o.chapter_added <= $chapter_limit\n        WITH we, rels_s_collection, COLLECT(DISTINCT rel_o) AS rels_o_collection\n\n        OPTIONAL MATCH (we)-[:ELABORATED_IN_CHAPTER]->(prov_elab_check:WorldElaborationEvent {chapter: $chapter_limit, provisional_source: true})\n\n        RETURN we.name AS name,\n               we.description AS description,\n               (SIZE(rels_s_collection) > 0 OR SIZE(rels_o_collection) > 0 OR prov_elab_check IS NOT NULL) AS is_provisional\n        ORDER BY name\n        '
2025-05-22 07:15:53 - WARNING - [neo4j.notifications:337] - Received notification from DBMS server: {severity: WARNING} {code: Neo.ClientNotification.Statement.UnknownPropertyKeyWarning} {category: UNRECOGNIZED} {title: The provided property key is not in the database} {description: One of the property names in your query is not available in the database, make sure you didn't misspell it or that the label is available when you run this statement in your application (the missing property name is: provisional_source)} {position: line: 15, column: 120, offset: 686} for query: '\n        MATCH (we_match:WorldElement {category: $category})\n        WITH we_match\n        LIMIT $item_limit\n        \n        WITH we_match AS we // Rename for clarity\n        OPTIONAL MATCH (we)-[rel_s:DYNAMIC_REL {is_provisional: true}]->()\n        WHERE rel_s.chapter_added <= $chapter_limit\n        WITH we, COLLECT(DISTINCT rel_s) AS rels_s_collection\n\n        OPTIONAL MATCH ()-[rel_o:DYNAMIC_REL {is_provisional: true}]->(we)\n        WHERE rel_o.chapter_added <= $chapter_limit\n        WITH we, rels_s_collection, COLLECT(DISTINCT rel_o) AS rels_o_collection\n\n        OPTIONAL MATCH (we)-[:ELABORATED_IN_CHAPTER]->(prov_elab_check:WorldElaborationEvent {chapter: $chapter_limit, provisional_source: true})\n\n        RETURN we.name AS name,\n               we.description AS description,\n               (SIZE(rels_s_collection) > 0 OR SIZE(rels_o_collection) > 0 OR prov_elab_check IS NOT NULL) AS is_provisional\n        ORDER BY name\n        '
2025-05-22 07:15:53 - INFO - [chapter_planning_logic:249] - Calling LLM (Qwen3-14B) for detailed scene plan for chapter 2 (target scenes: 10-18)...
2025-05-22 07:15:59 - INFO - [httpx:1740] - HTTP Request: POST http://127.0.0.1:8080/v1/chat/completions "HTTP/1.1 200 OK"
2025-05-22 07:18:07 - INFO - [llm_interface:239] - Async: Streamed LLM ('Qwen3-14B') Usage - Prompt: 1043 tk, Comp: 3350 tk, Total: 4393 tk
2025-05-22 07:18:07 - INFO - [chapter_planning_logic:294] - Generated valid detailed scene plan for chapter 2 with 18 scenes from plain text.
2025-05-22 07:18:07 - INFO - [context_generation_logic:173] - Generating HYBRID context for Chapter 2...
2025-05-22 07:18:07 - INFO - [context_generation_logic:33] - Semantic context query for ch 2 based on Plot Point 2: 'Default Plot Point 2: An event occurs....'
2025-05-22 07:18:09 - INFO - [httpx:1740] - HTTP Request: POST http://127.0.0.1:11434/api/embeddings "HTTP/1.1 200 OK"
2025-05-22 07:18:09 - INFO - [state_manager:676] - Neo4j: Retrieved 1 past embeddings.
2025-05-22 07:18:09 - INFO - [context_generation_logic:104] - Top 1 relevant chapters for SEMANTIC context (semantic search): [1] (Scores: ['0.391'])
2025-05-22 07:18:09 - INFO - [context_generation_logic:157] - Constructed final SEMANTIC context: 127 tokens from chapters [1].
2025-05-22 07:18:09 - INFO - [context_generation_logic:227] - Generated HYBRID context for Chapter 2, Tokens (est.): 242.
2025-05-22 07:18:09 - INFO - [chapter_drafting_logic:83] - Using detailed scene plan (plain text) for Ch 2 draft generation.
2025-05-22 07:18:09 - INFO - [prompt_data_getters:298] - Fetching and formatting filtered character profiles as PLAIN TEXT up to chapter 1.
2025-05-22 07:18:09 - INFO - [prompt_data_getters:379] - Fetching and formatting filtered world data as PLAIN TEXT up to chapter 1.
2025-05-22 07:18:09 - WARNING - [prompt_data_getters:364] - World item 'category_updated_in_chapter_1' in category 'locations' is not a dict. Skipping.
2025-05-22 07:18:09 - WARNING - [prompt_data_getters:364] - World item 'category_updated_in_chapter_1' in category 'systems' is not a dict. Skipping.
2025-05-22 07:18:09 - WARNING - [prompt_data_getters:364] - World item 'category_updated_in_chapter_1' in category 'lore' is not a dict. Skipping.
2025-05-22 07:18:09 - INFO - [chapter_drafting_logic:133] - Calling LLM (Qwen3-14B) for Ch 2 draft. Target minimum length: 15000 chars.
2025-05-22 07:18:12 - INFO - [httpx:1740] - HTTP Request: POST http://127.0.0.1:8080/v1/chat/completions "HTTP/1.1 200 OK"
2025-05-22 07:21:30 - INFO - [llm_interface:239] - Async: Streamed LLM ('Qwen3-14B') Usage - Prompt: 6221 tk, Comp: 4205 tk, Total: 10426 tk
2025-05-22 07:21:30 - INFO - [chapter_drafting_logic:158] - Generated initial draft for ch 2 (Length: 18347 chars).
2025-05-22 07:21:30 - INFO - [chapter_evaluation_logic:281] - Evaluating chapter 2 draft (length: 18347 chars)...
2025-05-22 07:21:30 - INFO - [httpx:1740] - HTTP Request: POST http://127.0.0.1:11434/api/embeddings "HTTP/1.1 200 OK"
2025-05-22 07:21:30 - INFO - [chapter_evaluation_logic:316] - Coherence score with previous chapter (1): 0.7407
2025-05-22 07:21:30 - INFO - [prompt_data_getters:298] - Fetching and formatting filtered character profiles as PLAIN TEXT up to chapter 1.
2025-05-22 07:21:30 - INFO - [prompt_data_getters:379] - Fetching and formatting filtered world data as PLAIN TEXT up to chapter 1.
2025-05-22 07:21:30 - WARNING - [prompt_data_getters:364] - World item 'category_updated_in_chapter_1' in category 'locations' is not a dict. Skipping.
2025-05-22 07:21:30 - WARNING - [prompt_data_getters:364] - World item 'category_updated_in_chapter_1' in category 'systems' is not a dict. Skipping.
2025-05-22 07:21:30 - WARNING - [prompt_data_getters:364] - World item 'category_updated_in_chapter_1' in category 'lore' is not a dict. Skipping.
2025-05-22 07:21:30 - INFO - [chapter_evaluation_logic:196] - Calling LLM (Qwen3-14B) for comprehensive (plain text) evaluation of chapter 2...
2025-05-22 07:22:38 - INFO - [httpx:1740] - HTTP Request: POST http://127.0.0.1:8080/v1/chat/completions "HTTP/1.1 200 OK"
2025-05-22 07:22:38 - INFO - [llm_interface:239] - Async: LLM ('Qwen3-14B') Usage - Prompt: 7487 tk, Comp: 1172 tk, Total: 8659 tk
2025-05-22 07:22:38 - INFO - [chapter_evaluation_logic:266] - Comprehensive (plain text) evaluation for Ch 2 complete. LLM output: '</think>

ISSUE CATEGORY: consistency
PROBLEM DESCRIPTION: The chapter introduces a new device (the "crystalline device") that Sága takes from a hidden chamber, but this item is not mentioned in the K...'
2025-05-22 07:22:38 - WARNING - [chapter_evaluation_logic:60] - Parsed unknown issue category 'thematic_alignment' in block 3 for Ch 2. Defaulting to 'meta'. Block: ISSUE CATEGORY: thematic_alignment
PROBLEM DESCRIPTION: The theme of "the cost of power" is touched 
2025-05-22 07:22:38 - WARNING - [chapter_evaluation_logic:60] - Parsed unknown issue category 'narrative_depth_and_length' in block 4 for Ch 2. Defaulting to 'meta'. Block: ISSUE CATEGORY: narrative_depth_and_length
PROBLEM DESCRIPTION: The chapter lacks sufficient descrip
2025-05-22 07:22:38 - WARNING - [chapter_evaluation_logic:60] - Parsed unknown issue category 'narrative_depth_and_length' in block 5 for Ch 2. Defaulting to 'meta'. Block: ISSUE CATEGORY: narrative_depth_and_length
PROBLEM DESCRIPTION: The chapter is too short for the eve
2025-05-22 07:22:38 - WARNING - [chapter_evaluation_logic:60] - Parsed unknown issue category 'narrative_depth_and_length' in block 7 for Ch 2. Defaulting to 'meta'. Block: ISSUE CATEGORY: narrative_depth_and_length
PROBLEM DESCRIPTION: The dialogue between Sága and Jorin 
2025-05-22 07:22:38 - WARNING - [chapter_evaluation_logic:60] - Parsed unknown issue category 'narrative_depth_and_length' in block 9 for Ch 2. Defaulting to 'meta'. Block: ISSUE CATEGORY: narrative_depth_and_length
PROBLEM DESCRIPTION: The chapter’s length is insufficient
2025-05-22 07:22:38 - WARNING - [chapter_evaluation_logic:386] - Problem quote for Ch 2 NOT FOUND VERBATIM in chapter text: '“They placed their fingers on its surface again.”...'. This may fail patching. Problem: The chapter introduces a new device (the "crystalline device") that Sága takes from a hidden chamber, but this item is not mentioned in the Key Reliable KG Facts or World Building Notes. This could create confusion with established lore and systems.
2025-05-22 07:22:38 - WARNING - [chapter_evaluation_logic:386] - Problem quote for Ch 2 NOT FOUND VERBATIM in chapter text: '“Sága lunged forward, grabbing Jorin’s arm. 'No! I...'. This may fail patching. Problem: The intended Plot Point #2 ("An event occurs") is addressed through Sága’s discovery of the Grid's true nature and their decision to act. However, the pacing feels rushed, and the "event" lacks a clear, impactful turning point that would significantly alter the course of the story or protagonist's journey.
2025-05-22 07:22:38 - WARNING - [chapter_evaluation_logic:386] - Problem quote for Ch 2 NOT FOUND VERBATIM in chapter text: '“The Grid isn’t just failing but is also drawing p...'. This may fail patching. Problem: The theme of "the cost of power" is touched upon but not deeply explored in this chapter. The Grid’s reliance on human sacrifice could be used more effectively to highlight the moral and emotional toll of power, especially on Sága.
2025-05-22 07:22:38 - WARNING - [chapter_evaluation_logic:386] - Problem quote for Ch 2 NOT FOUND VERBATIM in chapter text: '“Sága’s hands trembled slightly as they reached fo...'. This may fail patching. Problem: The chapter lacks sufficient descriptive detail and character introspection for its length and the weight of the events it covers. While there is some atmosphere in the Ashen Docks and Hollow Expanse, the emotional and psychological impact on Sága is underdeveloped.
2025-05-22 07:22:38 - WARNING - [chapter_evaluation_logic:386] - Problem quote for Ch 2 NOT FOUND VERBATIM in chapter text: '“They had seen what the Grid was. They had felt it...'. This may fail patching. Problem: The chapter is too short for the events it covers. It introduces key revelations about the Grid and Sága’s arc but lacks the depth needed to fully immerse the reader or build tension effectively.
2025-05-22 07:22:38 - WARNING - [chapter_evaluation_logic:386] - Problem quote for Ch 2 NOT FOUND VERBATIM in chapter text: '“You’re not the only one who’s seen the signs.”...'. This may fail patching. Problem: The dialogue between Sága and Jorin is sparse and lacks emotional nuance. This weakens the thematic weight of their relationship and the gravity of the information being exchanged.
2025-05-22 07:22:38 - WARNING - [chapter_evaluation_logic:386] - Problem quote for Ch 2 NOT FOUND VERBATIM in chapter text: '“The journal talks about the 'price' of power.”...'. This may fail patching. Problem: The chapter introduces the "Whisperers" as a group who remember the truth about the Sundering, but this is not clearly connected to any prior context or established lore. It feels like an unannounced addition to the world.
2025-05-22 07:22:38 - WARNING - [chapter_evaluation_logic:386] - Problem quote for Ch 2 NOT FOUND VERBATIM in chapter text: '“N/A - General Issue”...'. This may fail patching. Problem: The chapter’s length is insufficient for the amount of world-building and thematic material introduced. It needs more expansion to fully explore the implications of Sága’s discoveries, their emotional response, and the setting.
2025-05-22 07:22:38 - INFO - [chapter_evaluation_logic:390] - Evaluation for Ch 2 complete. Needs revision: True. Summary reasons: Consistency issues identified by LLM.; Meta/Uncategorized issues identified by LLM.; Plot Arc deviation identified by LLM.. Detailed problems: 9
2025-05-22 07:22:38 - WARNING - [novel_agent:173] - Ch 2 initial draft (18347 chars) flagged for revision. Reasons: Consistency issues identified by LLM.; Meta/Uncategorized issues identified by LLM.; Plot Arc deviation identified by LLM.
2025-05-22 07:22:38 - WARNING - [chapter_revision_logic:262] - Attempting revision for chapter 2. Reason(s) summary:
- Consistency issues identified by LLM.
- Meta/Uncategorized issues identified by LLM.
- Plot Arc deviation identified by LLM.
2025-05-22 07:22:38 - INFO - [chapter_revision_logic:270] - Patch-based revision enabled. Attempting to generate and apply patches for Ch 2 (9 actionable problems identified).
2025-05-22 07:22:38 - WARNING - [chapter_revision_logic:153] - Found 9 problems for Ch 2, but will only attempt to patch the first 7.
2025-05-22 07:22:38 - WARNING - [chapter_revision_logic:35] - Quote for context window not found in text: '“They placed their fingers on its surface again.”...' Returning full text snippet as fallback.
2025-05-22 07:22:38 - WARNING - [chapter_revision_logic:35] - Quote for context window not found in text: '“Sága lunged forward, grabbing Jorin’s arm. 'No! I...' Returning full text snippet as fallback.
2025-05-22 07:22:38 - WARNING - [chapter_revision_logic:35] - Quote for context window not found in text: '“The Grid isn’t just failing but is also drawing p...' Returning full text snippet as fallback.
2025-05-22 07:22:38 - WARNING - [chapter_revision_logic:35] - Quote for context window not found in text: '“Sága’s hands trembled slightly as they reached fo...' Returning full text snippet as fallback.
2025-05-22 07:22:38 - WARNING - [chapter_revision_logic:35] - Quote for context window not found in text: '“They had seen what the Grid was. They had felt it...' Returning full text snippet as fallback.
2025-05-22 07:22:38 - WARNING - [chapter_revision_logic:35] - Quote for context window not found in text: '“You’re not the only one who’s seen the signs.”...' Returning full text snippet as fallback.
2025-05-22 07:22:39 - INFO - [chapter_revision_logic:108] - Calling LLM (Qwen3-8B) for single patch in Ch 2. Problem: The chapter introduces a new device (the "crystalline device... Quote: “They placed their fingers on its surface again.”...
2025-05-22 07:22:39 - INFO - [chapter_revision_logic:108] - Calling LLM (Qwen3-8B) for single patch in Ch 2. Problem: The intended Plot Point #2 ("An event occurs") is addressed ... Quote: “Sága lunged forward, grabbing Jorin’s arm. 'No! I won’t los...
2025-05-22 07:22:39 - INFO - [chapter_revision_logic:108] - Calling LLM (Qwen3-8B) for single patch in Ch 2. Problem: The theme of "the cost of power" is touched upon but not dee... Quote: “The Grid isn’t just failing but is also drawing power from ...
2025-05-22 07:22:39 - INFO - [chapter_revision_logic:108] - Calling LLM (Qwen3-8B) for single patch in Ch 2. Problem: The chapter lacks sufficient descriptive detail and characte... Quote: “Sága’s hands trembled slightly as they reached for the crys...
2025-05-22 07:22:39 - INFO - [chapter_revision_logic:108] - Calling LLM (Qwen3-8B) for single patch in Ch 2. Problem: The chapter is too short for the events it covers. It introd... Quote: “They had seen what the Grid was. They had felt its hunger.”...
2025-05-22 07:22:39 - INFO - [chapter_revision_logic:108] - Calling LLM (Qwen3-8B) for single patch in Ch 2. Problem: The chapter references the "Free Scribes" and Jorin’s past a... Quote: “I was part of the Free Scribes once. Before they took me.”...
2025-05-22 07:22:39 - INFO - [chapter_revision_logic:108] - Calling LLM (Qwen3-8B) for single patch in Ch 2. Problem: The dialogue between Sága and Jorin is sparse and lacks emot... Quote: “You’re not the only one who’s seen the signs.”...
2025-05-22 07:22:55 - INFO - [httpx:1740] - HTTP Request: POST http://127.0.0.1:8080/v1/chat/completions "HTTP/1.1 200 OK"
2025-05-22 07:22:55 - INFO - [llm_interface:239] - Async: LLM ('Qwen3-8B') Usage - Prompt: 5906 tk, Comp: 277 tk, Total: 6183 tk
2025-05-22 07:23:00 - INFO - [httpx:1740] - HTTP Request: POST http://127.0.0.1:8080/v1/chat/completions "HTTP/1.1 200 OK"
2025-05-22 07:23:00 - INFO - [llm_interface:239] - Async: LLM ('Qwen3-8B') Usage - Prompt: 5871 tk, Comp: 141 tk, Total: 6012 tk
2025-05-22 07:23:06 - INFO - [httpx:1740] - HTTP Request: POST http://127.0.0.1:8080/v1/chat/completions "HTTP/1.1 200 OK"
2025-05-22 07:23:06 - INFO - [llm_interface:239] - Async: LLM ('Qwen3-8B') Usage - Prompt: 5846 tk, Comp: 600 tk, Total: 6446 tk
2025-05-22 07:23:14 - INFO - [httpx:1740] - HTTP Request: POST http://127.0.0.1:8080/v1/chat/completions "HTTP/1.1 200 OK"
2025-05-22 07:23:14 - INFO - [llm_interface:239] - Async: LLM ('Qwen3-8B') Usage - Prompt: 5858 tk, Comp: 424 tk, Total: 6282 tk
2025-05-22 07:23:21 - INFO - [httpx:1740] - HTTP Request: POST http://127.0.0.1:8080/v1/chat/completions "HTTP/1.1 200 OK"
2025-05-22 07:23:21 - INFO - [llm_interface:239] - Async: LLM ('Qwen3-8B') Usage - Prompt: 5911 tk, Comp: 462 tk, Total: 6373 tk
2025-05-22 07:23:30 - INFO - [httpx:1740] - HTTP Request: POST http://127.0.0.1:8080/v1/chat/completions "HTTP/1.1 200 OK"
2025-05-22 07:23:30 - INFO - [llm_interface:239] - Async: LLM ('Qwen3-8B') Usage - Prompt: 5887 tk, Comp: 529 tk, Total: 6416 tk
2025-05-22 07:23:42 - INFO - [httpx:1740] - HTTP Request: POST http://127.0.0.1:8080/v1/chat/completions "HTTP/1.1 200 OK"
2025-05-22 07:23:42 - INFO - [llm_interface:239] - Async: LLM ('Qwen3-8B') Usage - Prompt: 5839 tk, Comp: 740 tk, Total: 6579 tk
2025-05-22 07:23:42 - INFO - [chapter_revision_logic:185] - Generated 7 patch instructions for Ch 2.
2025-05-22 07:23:42 - WARNING - [chapter_revision_logic:207] - Patching: `search_text` not found in original text. Skipping patch. Search: '“They placed their fingers on its surface again.”...'
2025-05-22 07:23:42 - WARNING - [chapter_revision_logic:207] - Patching: `search_text` not found in original text. Skipping patch. Search: '“Sága lunged forward, grabbing Jorin’s arm. 'No! I won’t lose you again!'”...'
2025-05-22 07:23:42 - WARNING - [chapter_revision_logic:207] - Patching: `search_text` not found in original text. Skipping patch. Search: '“The Grid isn’t just failing but is also drawing power from human lives.”...'
2025-05-22 07:23:42 - WARNING - [chapter_revision_logic:207] - Patching: `search_text` not found in original text. Skipping patch. Search: '“Sága’s hands trembled slightly as they reached for the crystalline device.”...'
2025-05-22 07:23:42 - WARNING - [chapter_revision_logic:207] - Patching: `search_text` not found in original text. Skipping patch. Search: '“They had seen what the Grid was. They had felt its hunger.”...'
2025-05-22 07:23:42 - WARNING - [chapter_revision_logic:207] - Patching: `search_text` not found in original text. Skipping patch. Search: '“You’re not the only one who’s seen the signs.”...'
2025-05-22 07:23:42 - WARNING - [chapter_revision_logic:221] - 6/7 applicable patches could not be applied because their search_text was not found in the original chapter.
2025-05-22 07:23:42 - INFO - [chapter_revision_logic:231] - Applied patch: Replaced original text from 12222-12281 (len 59) with new text (len 1124). Snippet: '</think>

“I was part of the Free Scribes once,” J...'
2025-05-22 07:23:42 - INFO - [chapter_revision_logic:279] - Successfully applied 7 patches to Ch 2. Original len: 18347, Patched len: 19412.
2025-05-22 07:23:42 - INFO - [httpx:1740] - HTTP Request: POST http://127.0.0.1:11434/api/embeddings "HTTP/1.1 200 OK"
2025-05-22 07:23:42 - INFO - [chapter_revision_logic:296] - Patched text similarity score with original draft: 0.8307
2025-05-22 07:23:42 - INFO - [chapter_revision_logic:421] - Revision process for ch 2 produced a candidate text (Length: 19412 chars).
2025-05-22 07:23:42 - INFO - [novel_agent:186] - Revision attempted for ch 2. Re-evaluating revised draft (19412 chars)...
2025-05-22 07:23:42 - INFO - [chapter_evaluation_logic:281] - Evaluating chapter 2 draft (length: 19412 chars)...
2025-05-22 07:23:42 - INFO - [chapter_evaluation_logic:316] - Coherence score with previous chapter (1): 0.8653
2025-05-22 07:23:42 - INFO - [prompt_data_getters:298] - Fetching and formatting filtered character profiles as PLAIN TEXT up to chapter 1.
2025-05-22 07:23:42 - INFO - [prompt_data_getters:379] - Fetching and formatting filtered world data as PLAIN TEXT up to chapter 1.
2025-05-22 07:23:42 - WARNING - [prompt_data_getters:364] - World item 'category_updated_in_chapter_1' in category 'locations' is not a dict. Skipping.
2025-05-22 07:23:42 - WARNING - [prompt_data_getters:364] - World item 'category_updated_in_chapter_1' in category 'systems' is not a dict. Skipping.
2025-05-22 07:23:42 - WARNING - [prompt_data_getters:364] - World item 'category_updated_in_chapter_1' in category 'lore' is not a dict. Skipping.
2025-05-22 07:23:42 - INFO - [chapter_evaluation_logic:196] - Calling LLM (Qwen3-14B) for comprehensive (plain text) evaluation of chapter 2...
2025-05-22 07:25:34 - INFO - [httpx:1740] - HTTP Request: POST http://127.0.0.1:8080/v1/chat/completions "HTTP/1.1 200 OK"
2025-05-22 07:25:34 - INFO - [llm_interface:239] - Async: LLM ('Qwen3-14B') Usage - Prompt: 7746 tk, Comp: 2375 tk, Total: 10121 tk
2025-05-22 07:25:34 - INFO - [chapter_evaluation_logic:266] - Comprehensive (plain text) evaluation for Ch 2 complete. LLM output: '</think>

ISSUE CATEGORY: consistency
PROBLEM DESCRIPTION: The chapter introduces Jorin as a former Free Scribe who now works as a laborer, but his knowledge of the Grid’s true nature is inconsistent ...'
2025-05-22 07:25:34 - WARNING - [chapter_evaluation_logic:60] - Parsed unknown issue category 'thematic_alignment' in block 3 for Ch 2. Defaulting to 'meta'. Block: ISSUE CATEGORY: thematic_alignment
PROBLEM DESCRIPTION: The theme of “the cost of power” is touched 
2025-05-22 07:25:34 - WARNING - [chapter_evaluation_logic:60] - Parsed unknown issue category 'narrative_depth_and_length' in block 4 for Ch 2. Defaulting to 'meta'. Block: ISSUE CATEGORY: narrative_depth_and_length
PROBLEM DESCRIPTION: The chapter lacks sufficient descrip
2025-05-22 07:25:34 - WARNING - [chapter_evaluation_logic:60] - Parsed unknown issue category 'narrative_depth_and_length' in block 5 for Ch 2. Defaulting to 'meta'. Block: ISSUE CATEGORY: narrative_depth_and_length
PROBLEM DESCRIPTION: The dialogue between Sága and Jorin 
2025-05-22 07:25:34 - WARNING - [chapter_evaluation_logic:60] - Parsed unknown issue category 'narrative_depth_and_length' in block 7 for Ch 2. Defaulting to 'meta'. Block: ISSUE CATEGORY: narrative_depth_and_length
PROBLEM DESCRIPTION: The chapter’s climax—Sága being targ
2025-05-22 07:25:34 - WARNING - [chapter_evaluation_logic:60] - Parsed unknown issue category 'narrative_depth_and_length' in block 8 for Ch 2. Defaulting to 'meta'. Block: ISSUE CATEGORY: narrative_depth_and_length
PROBLEM DESCRIPTION: The chapter ends with Sága declaring
2025-05-22 07:25:34 - WARNING - [chapter_evaluation_logic:60] - Parsed unknown issue category 'narrative_depth_and_length' in block 9 for Ch 2. Defaulting to 'meta'. Block: ISSUE CATEGORY: narrative_depth_and_length
PROBLEM DESCRIPTION: The chapter is underdeveloped in ter
2025-05-22 07:25:34 - WARNING - [chapter_evaluation_logic:60] - Parsed unknown issue category 'thematic_alignment' in block 10 for Ch 2. Defaulting to 'meta'. Block: ISSUE CATEGORY: thematic_alignment
PROBLEM DESCRIPTION: The theme of “the cost of power” is not full
2025-05-22 07:25:34 - WARNING - [chapter_evaluation_logic:60] - Parsed unknown issue category 'narrative_depth_and_length' in block 11 for Ch 2. Defaulting to 'meta'. Block: ISSUE CATEGORY: narrative_depth_and_length
PROBLEM DESCRIPTION: The chapter lacks sufficient pacing 
2025-05-22 07:25:34 - WARNING - [chapter_evaluation_logic:60] - Parsed unknown issue category 'narrative_depth_and_length' in block 12 for Ch 2. Defaulting to 'meta'. Block: ISSUE CATEGORY: narrative_depth_and_length
PROBLEM DESCRIPTION: The chapter is too short in terms of
2025-05-22 07:25:34 - WARNING - [chapter_evaluation_logic:60] - Parsed unknown issue category 'narrative_depth_and_length' in block 13 for Ch 2. Defaulting to 'meta'. Block: ISSUE CATEGORY: narrative_depth_and_length
PROBLEM DESCRIPTION: The chapter’s dialogue feels underde
2025-05-22 07:25:34 - WARNING - [chapter_evaluation_logic:60] - Parsed unknown issue category 'narrative_depth_and_length' in block 14 for Ch 2. Defaulting to 'meta'. Block: ISSUE CATEGORY: narrative_depth_and_length
PROBLEM DESCRIPTION: The chapter’s ending is abrupt and l
2025-05-22 07:25:34 - WARNING - [chapter_evaluation_logic:60] - Parsed unknown issue category 'narrative_depth_and_length' in block 15 for Ch 2. Defaulting to 'meta'. Block: ISSUE CATEGORY: narrative_depth_and_length
PROBLEM DESCRIPTION: The chapter could benefit from more 
2025-05-22 07:25:34 - WARNING - [chapter_evaluation_logic:60] - Parsed unknown issue category 'narrative_depth_and_length' in block 16 for Ch 2. Defaulting to 'meta'. Block: ISSUE CATEGORY: narrative_depth_and_length
PROBLEM DESCRIPTION: The chapter lacks sufficient detail 
2025-05-22 07:25:34 - WARNING - [chapter_evaluation_logic:386] - Problem quote for Ch 2 NOT FOUND VERBATIM in chapter text: '“I used to know more,” Jorin said, his voice heavy...'. This may fail patching. Problem: The chapter introduces Jorin as a former Free Scribe who now works as a laborer, but his knowledge of the Grid’s true nature is inconsistent with the "Pact of Silence" lore. According to the Pact, only the Whisperers retain full memory of Vareth’s fall, and even they are hunted by the Council. If Jorin was captured and made to forget, it would be unlikely for him to have such detailed knowledge of the Grid's reliance on human sacrifice unless he has recently regained his memories through the device, which is not clearly established in this chapter.
2025-05-22 07:25:34 - WARNING - [chapter_evaluation_logic:386] - Problem quote for Ch 2 NOT FOUND VERBATIM in chapter text: '“The cost of power is too high.”...'. This may fail patching. Problem: The theme of “the cost of power” is touched upon but not deeply explored in this chapter. While the Grid’s reliance on human sacrifice is mentioned, the emotional and philosophical weight of that cost—what it means for Sága personally, or how it affects their arc—is underdeveloped. The theme needs to be woven more tightly into Sága’s internal conflict and decision-making.
2025-05-22 07:25:34 - WARNING - [chapter_evaluation_logic:386] - Problem quote for Ch 2 NOT FOUND VERBATIM in chapter text: '“Inside, the air was thick with dust and something...'. This may fail patching. Problem: The chapter lacks sufficient descriptive detail and character introspection to meet the target length (at least 15000 characters). While there are moments of tension and revelation, many scenes are underdeveloped, and the pacing feels rushed. For example, the scene in the storeroom beneath the Hollow Expanse is brief and could be expanded with sensory details, emotional reactions, or deeper dialogue to enhance immersion and length.
2025-05-22 07:25:34 - WARNING - [chapter_evaluation_logic:386] - Problem quote for Ch 2 NOT FOUND VERBATIM in chapter text: '“You’re not the only one who’s seen the signs,” Jo...'. This may fail patching. Problem: The dialogue between Sága and Jorin is functional but lacks depth. It does not fully convey the weight of their relationship or the stakes of what they are about to do. Additionally, the chapter could benefit from more introspection on Sága’s part, especially after touching the crystalline device and seeing visions of the Grid’s true nature.
2025-05-22 07:25:34 - WARNING - [chapter_evaluation_logic:386] - Problem quote for Ch 2 NOT FOUND VERBATIM in chapter text: '“The Grid isn’t just failing—but is also drawing p...'. This may fail patching. Problem: The chapter introduces the idea that the Grid is “being fed something it shouldn’t be,” but this concept is not clearly defined or consistent with earlier revelations. In Chapter 1, Sága learns that the Grid’s instability is due to its reliance on human sacrifice, not just overuse or decay. This chapter should build upon that knowledge rather than restate it in vague terms.
2025-05-22 07:25:34 - WARNING - [chapter_evaluation_logic:386] - Problem quote for Ch 2 NOT FOUND VERBATIM in chapter text: '“The Hollow Expanse: A vast, abandoned region once...'. This may fail patching. Problem: The chapter is underdeveloped in terms of world-building. While it references locations like the Hollow Expanse and the Aetheric Grid, it does not fully immerse the reader in the atmosphere or history of these places. For example, the Hollow Expanse is described as “a vast, abandoned region once home to a thriving civilization now reduced to ruins,” but this could be expanded with more vivid imagery or lore.
2025-05-22 07:25:34 - WARNING - [chapter_evaluation_logic:386] - Problem quote for Ch 2 NOT FOUND VERBATIM in chapter text: '“The cost of power is too high.”...'. This may fail patching. Problem: The theme of “the cost of power” is not fully explored in terms of how it affects Sága’s decisions or moral compass. While they are shown to be curious and determined, there is no clear moment where they grapple with the implications of what they’ve learned—how the Grid’s survival depends on human sacrifice, and what that means for their own future.
2025-05-22 07:25:34 - WARNING - [chapter_evaluation_logic:386] - Problem quote for Ch 2 NOT FOUND VERBATIM in chapter text: '“You’re not the only one who’s seen the signs,” Jo...'. This may fail patching. Problem: The chapter lacks sufficient pacing and development of secondary characters. While Jorin is introduced as a key ally, his motivations and fears are not fully explored, making their relationship with Sága feel shallow. This limits the emotional impact of the scenes they share.
2025-05-22 07:25:34 - WARNING - [chapter_evaluation_logic:386] - Problem quote for Ch 2 NOT FOUND VERBATIM in chapter text: '“The Grid was built on bodies, not blood.”...'. This may fail patching. Problem: The chapter is too short in terms of character development and plot progression. It introduces key ideas (the Grid’s true nature, the Pact of Silence, the Echoing Choir) but does not fully explore their implications or how they will shape Sága’s journey moving forward.
2025-05-22 07:25:34 - WARNING - [chapter_evaluation_logic:386] - Problem quote for Ch 2 NOT FOUND VERBATIM in chapter text: '“The crystalline device pulsing faintly on the des...'. This may fail patching. Problem: The chapter could benefit from more detailed descriptions of the crystalline device and its effects on Sága. It is introduced as a key object, but its appearance, function, and significance are not fully fleshed out, which limits its impact on the story.
2025-05-22 07:25:34 - WARNING - [chapter_evaluation_logic:386] - Problem quote for Ch 2 NOT FOUND VERBATIM in chapter text: '“A patrol of Dominion Enforcers arrived, their pre...'. This may fail patching. Problem: The chapter lacks sufficient detail about the Dominion Enforcers’ appearance, behavior, or presence. They are introduced as a threat but not fully realized as characters or forces within the world. This weakens their impact on the story’s tension and stakes.
2025-05-22 07:25:34 - INFO - [chapter_evaluation_logic:390] - Evaluation for Ch 2 complete. Needs revision: True. Summary reasons: Consistency issues identified by LLM.; Meta/Uncategorized issues identified by LLM.; Plot Arc deviation identified by LLM.. Detailed problems: 16
2025-05-22 07:25:34 - ERROR - [novel_agent:191] - Revised draft for ch 2 STILL FAILED evaluation. Reasons: Consistency issues identified by LLM.; Meta/Uncategorized issues identified by LLM.; Plot Arc deviation identified by LLM.
2025-05-22 07:25:34 - WARNING - [novel_agent:197] - Proceeding with revised draft (19412 chars) despite failing re-evaluation, as it's preferred over original (18347 chars) or original was too short.
2025-05-22 07:25:34 - INFO - [novel_agent:232] - Finalizing chapter 2 (From flawed draft: True). Text length: 19412.
2025-05-22 07:25:42 - INFO - [httpx:1740] - HTTP Request: POST http://127.0.0.1:8080/v1/chat/completions "HTTP/1.1 200 OK"
2025-05-22 07:25:42 - INFO - [llm_interface:239] - Async: LLM ('Qwen3-4B') Usage - Prompt: 4554 tk, Comp: 100 tk, Total: 4654 tk
2025-05-22 07:25:42 - INFO - [knowledge_management_logic:60] - Generated summary for ch 2: '</think>

Sága discovers that the Grid is not just a system of power but a mechanism fueled by the e...'
2025-05-22 07:25:42 - INFO - [state_manager:616] - Neo4j: Successfully saved chapter data (including embedding) for chapter 2.
2025-05-22 07:25:42 - INFO - [novel_agent:259] - Saved chapter text and raw LLM log files for ch 2.
2025-05-22 07:25:42 - INFO - [novel_agent:263] - Core finalization complete for ch 2.
2025-05-22 07:25:42 - INFO - [knowledge_management_logic:883] - Updating all knowledge bases for ch 2 (Source from flawed draft: True)...
2025-05-22 07:25:42 - INFO - [knowledge_management_logic:581] - Performing unified knowledge extraction (plain text) for Chapter 2...
2025-05-22 07:25:42 - INFO - [prompt_data_getters:298] - Fetching and formatting filtered character profiles as PLAIN TEXT up to chapter 1.
2025-05-22 07:25:42 - INFO - [prompt_data_getters:379] - Fetching and formatting filtered world data as PLAIN TEXT up to chapter 1.
2025-05-22 07:25:42 - WARNING - [prompt_data_getters:364] - World item 'category_updated_in_chapter_1' in category 'locations' is not a dict. Skipping.
2025-05-22 07:25:42 - WARNING - [prompt_data_getters:364] - World item 'category_updated_in_chapter_1' in category 'systems' is not a dict. Skipping.
2025-05-22 07:25:42 - WARNING - [prompt_data_getters:364] - World item 'category_updated_in_chapter_1' in category 'lore' is not a dict. Skipping.
2025-05-22 07:25:42 - INFO - [knowledge_management_logic:701] - Calling LLM (Qwen3-8B) for unified knowledge extraction (Ch 2).
2025-05-22 07:25:49 - INFO - [httpx:1740] - HTTP Request: POST http://127.0.0.1:8080/v1/chat/completions "HTTP/1.1 200 OK"
2025-05-22 07:26:12 - INFO - [llm_interface:239] - Async: Streamed LLM ('Qwen3-8B') Usage - Prompt: 7993 tk, Comp: 929 tk, Total: 8922 tk
2025-05-22 07:26:12 - INFO - [knowledge_management_logic:740] - Unified knowledge extraction (plain text parsing) for Ch 2 complete. Char updates: 2, World updates categories: 4, KG Triples: 31.
2025-05-22 07:26:12 - INFO - [knowledge_management_logic:168] - Merging character profile updates for ch 2. Characters in update: ['Sága', 'Jorin']
2025-05-22 07:26:12 - INFO - [knowledge_management_logic:109] - Applied trait modifications for 'Sága'. New traits: ['Curious', 'Determined', 'Inquisitive', 'Resourceful', 'Unwavering']
2025-05-22 07:26:12 - INFO - [knowledge_management_logic:109] - Applied trait modifications for 'Jorin'. New traits: ['Determined', 'Knowledgeable', 'Loyal', 'Resolute', 'Secretive']
2025-05-22 07:26:12 - INFO - [knowledge_management_logic:199] - Character profile Python dict merge complete for ch 2. Updated: 2, New: 0.
2025-05-22 07:26:12 - INFO - [knowledge_management_logic:265] - Merging world-building updates for ch 2. Categories in update: ['systems', 'lore', 'locations', 'factions']
2025-05-22 07:26:12 - INFO - [knowledge_management_logic:305] - World-building Python dict merge complete for ch 2. Approx 4 items affected/added.
2025-05-22 07:26:12 - INFO - [knowledge_management_logic:921] - KG update from unified_extraction for ch 2: Added 31 triples, skipped 0.
2025-05-22 07:26:12 - INFO - [knowledge_management_logic:924] - Unified knowledge extraction processing complete for ch 2. In-memory dicts updated, KG triples sent to Neo4j.
2025-05-22 07:26:12 - INFO - [novel_agent:72] - Saving agent state (plot, characters, world) to Neo4j (decomposed)...
2025-05-22 07:26:12 - INFO - [state_manager:152] - Saving decomposed plot outline to Neo4j using MERGE...
2025-05-22 07:26:12 - INFO - [state_manager:251] - Saving decomposed character profiles to Neo4j using MERGE...
2025-05-22 07:26:12 - INFO - [state_manager:399] - Saving decomposed world building data to Neo4j using MERGE...
2025-05-22 07:26:12 - WARNING - [state_manager:444] - Skipping item 'category_updated_in_chapter_1' in world category 'locations' because its details_dict is not a dictionary (type: <class 'bool'>). Value: True
2025-05-22 07:26:12 - WARNING - [state_manager:444] - Skipping item 'category_updated_in_chapter_2' in world category 'locations' because its details_dict is not a dictionary (type: <class 'bool'>). Value: True
2025-05-22 07:26:12 - WARNING - [state_manager:444] - Skipping item 'category_updated_in_chapter_1' in world category 'systems' because its details_dict is not a dictionary (type: <class 'bool'>). Value: True
2025-05-22 07:26:12 - WARNING - [state_manager:444] - Skipping item 'category_updated_in_chapter_2' in world category 'systems' because its details_dict is not a dictionary (type: <class 'bool'>). Value: True
2025-05-22 07:26:12 - WARNING - [state_manager:444] - Skipping item 'category_updated_in_chapter_1' in world category 'lore' because its details_dict is not a dictionary (type: <class 'bool'>). Value: True
2025-05-22 07:26:12 - WARNING - [state_manager:444] - Skipping item 'category_updated_in_chapter_2' in world category 'lore' because its details_dict is not a dictionary (type: <class 'bool'>). Value: True
2025-05-22 07:26:12 - WARNING - [state_manager:444] - Skipping item 'category_updated_in_chapter_2' in world category 'factions' because its details_dict is not a dictionary (type: <class 'bool'>). Value: True
2025-05-22 07:26:12 - WARNING - [state_manager:433] - Skipping world category 'source' because its value is not a dictionary (type: <class 'str'>). Value: llm_generated
2025-05-22 07:26:12 - ERROR - [state_manager:90] - Error in Cypher batch execution: {code: Neo.ClientError.Statement.SyntaxError} {message: Invalid input '{': expected an identifier or '}' (line 2, column 57 (offset: 57))
"                                MATCH (we:WorldElement {{id: $we_id_val}})"
                                                         ^}. Rolling back.
neo4j.exceptions.GqlError: {gql_status: 42I06} {gql_status_description: error: syntax error or access rule violation - invalid input. Invalid input '{', expected: an identifier or '}'.} {message: 42I06: Invalid input '{', expected: an identifier or '}'.} {diagnostic_record: {'_classification': 'CLIENT_ERROR', '_position': {'column': 57, 'offset': 57, 'line': 2}, 'OPERATION': '', 'OPERATION_CODE': '0', 'CURRENT_SCHEMA': '/'}} {raw_classification: CLIENT_ERROR}

The above exception was the direct cause of the following exception:

Traceback (most recent call last):
  File "/home/dlewis3/Desktop/AI/saga/state_manager.py", line 86, in execute_cypher_batch
    await tx.run(query, params)
  File "/home/dlewis3/Desktop/AI/saga/.venv/lib/python3.13/site-packages/neo4j/_async/work/transaction.py", line 206, in run
    await result._tx_ready_run(query, parameters)
  File "/home/dlewis3/Desktop/AI/saga/.venv/lib/python3.13/site-packages/neo4j/_async/work/result.py", line 177, in _tx_ready_run
    await self._run(query, parameters, None, None, None, None, None, None)
  File "/home/dlewis3/Desktop/AI/saga/.venv/lib/python3.13/site-packages/neo4j/_async/work/result.py", line 236, in _run
    await self._attach()
  File "/home/dlewis3/Desktop/AI/saga/.venv/lib/python3.13/site-packages/neo4j/_async/work/result.py", line 430, in _attach
    await self._connection.fetch_message()
  File "/home/dlewis3/Desktop/AI/saga/.venv/lib/python3.13/site-packages/neo4j/_async/io/_common.py", line 195, in inner
    await coroutine_func(*args, **kwargs)
  File "/home/dlewis3/Desktop/AI/saga/.venv/lib/python3.13/site-packages/neo4j/_async/io/_bolt.py", line 864, in fetch_message
    res = await self._process_message(tag, fields)
          ^^^^^^^^^^^^^^^^^^^^^^^^^^^^^^^^^^^^^^^^
  File "/home/dlewis3/Desktop/AI/saga/.venv/lib/python3.13/site-packages/neo4j/_async/io/_bolt5.py", line 1208, in _process_message
    await response.on_failure(summary_metadata or {})
  File "/home/dlewis3/Desktop/AI/saga/.venv/lib/python3.13/site-packages/neo4j/_async/io/_common.py", line 254, in on_failure
    raise self._hydrate_error(metadata)
neo4j.exceptions.CypherSyntaxError: {code: Neo.ClientError.Statement.SyntaxError} {message: Invalid input '{': expected an identifier or '}' (line 2, column 57 (offset: 57))
"                                MATCH (we:WorldElement {{id: $we_id_val}})"
                                                         ^}
2025-05-22 07:26:12 - ERROR - [state_manager:504] - Error saving decomposed world building data with MERGE: {code: Neo.ClientError.Statement.SyntaxError} {message: Invalid input '{': expected an identifier or '}' (line 2, column 57 (offset: 57))
"                                MATCH (we:WorldElement {{id: $we_id_val}})"
                                                         ^}
neo4j.exceptions.GqlError: {gql_status: 42I06} {gql_status_description: error: syntax error or access rule violation - invalid input. Invalid input '{', expected: an identifier or '}'.} {message: 42I06: Invalid input '{', expected: an identifier or '}'.} {diagnostic_record: {'_classification': 'CLIENT_ERROR', '_position': {'column': 57, 'offset': 57, 'line': 2}, 'OPERATION': '', 'OPERATION_CODE': '0', 'CURRENT_SCHEMA': '/'}} {raw_classification: CLIENT_ERROR}

The above exception was the direct cause of the following exception:

Traceback (most recent call last):
  File "/home/dlewis3/Desktop/AI/saga/state_manager.py", line 498, in save_world_building
    await self.execute_cypher_batch(statements)
  File "/home/dlewis3/Desktop/AI/saga/state_manager.py", line 86, in execute_cypher_batch
    await tx.run(query, params)
  File "/home/dlewis3/Desktop/AI/saga/.venv/lib/python3.13/site-packages/neo4j/_async/work/transaction.py", line 206, in run
    await result._tx_ready_run(query, parameters)
  File "/home/dlewis3/Desktop/AI/saga/.venv/lib/python3.13/site-packages/neo4j/_async/work/result.py", line 177, in _tx_ready_run
    await self._run(query, parameters, None, None, None, None, None, None)
  File "/home/dlewis3/Desktop/AI/saga/.venv/lib/python3.13/site-packages/neo4j/_async/work/result.py", line 236, in _run
    await self._attach()
  File "/home/dlewis3/Desktop/AI/saga/.venv/lib/python3.13/site-packages/neo4j/_async/work/result.py", line 430, in _attach
    await self._connection.fetch_message()
  File "/home/dlewis3/Desktop/AI/saga/.venv/lib/python3.13/site-packages/neo4j/_async/io/_common.py", line 195, in inner
    await coroutine_func(*args, **kwargs)
  File "/home/dlewis3/Desktop/AI/saga/.venv/lib/python3.13/site-packages/neo4j/_async/io/_bolt.py", line 864, in fetch_message
    res = await self._process_message(tag, fields)
          ^^^^^^^^^^^^^^^^^^^^^^^^^^^^^^^^^^^^^^^^
  File "/home/dlewis3/Desktop/AI/saga/.venv/lib/python3.13/site-packages/neo4j/_async/io/_bolt5.py", line 1208, in _process_message
    await response.on_failure(summary_metadata or {})
  File "/home/dlewis3/Desktop/AI/saga/.venv/lib/python3.13/site-packages/neo4j/_async/io/_common.py", line 254, in on_failure
    raise self._hydrate_error(metadata)
neo4j.exceptions.CypherSyntaxError: {code: Neo.ClientError.Statement.SyntaxError} {message: Invalid input '{': expected an identifier or '}' (line 2, column 57 (offset: 57))
"                                MATCH (we:WorldElement {{id: $we_id_val}})"
                                                         ^}
2025-05-22 07:26:12 - INFO - [state_manager:88] - Successfully executed batch of 17 Cypher statements.
2025-05-22 07:26:12 - INFO - [state_manager:211] - Successfully saved decomposed plot outline to Neo4j using MERGE.
2025-05-22 07:26:12 - INFO - [state_manager:88] - Successfully executed batch of 24 Cypher statements.
2025-05-22 07:26:12 - INFO - [state_manager:331] - Successfully saved decomposed character profiles to Neo4j using MERGE.
2025-05-22 07:26:12 - INFO - [novel_agent:88] - Successfully saved plot_outline to Neo4j (decomposed).
2025-05-22 07:26:12 - INFO - [novel_agent:88] - Successfully saved character_profiles to Neo4j (decomposed).
2025-05-22 07:26:12 - WARNING - [novel_agent:90] - Unexpected return value from save_world_building (decomposed): False
2025-05-22 07:26:12 - WARNING - [novel_agent:95] - Only 2/3 state objects saved to Neo4j (decomposed) successfully.
2025-05-22 07:26:12 - INFO - [novel_agent:228] - === Finished Ch 2 With Flaws (Marked as flawed due to evaluation or length issues) ===
2025-05-22 07:26:12 - INFO - [novel_agent:135] - === Starting Chapter 3 Generation ===
2025-05-22 07:26:12 - INFO - [chapter_planning_logic:163] - Planning Chapter 3 with detailed scenes...
2025-05-22 07:26:12 - WARNING - [neo4j.notifications:337] - Received notification from DBMS server: {severity: WARNING} {code: Neo.ClientNotification.Statement.UnknownPropertyKeyWarning} {category: UNRECOGNIZED} {title: The provided property key is not in the database} {description: One of the property names in your query is not available in the database, make sure you didn't misspell it or that the label is available when you run this statement in your application (the missing property name is: provisional_source)} {position: line: 20, column: 118, offset: 1164} for query: '\n        MATCH (c_match:Character {name: $char_name})\n\n        // Part 1: Get recent development summary\n        OPTIONAL MATCH (c_match)-[:DEVELOPED_IN_CHAPTER]->(dev_event:DevelopmentEvent)\n        WHERE dev_event.chapter <= $chapter_limit OR dev_event IS NULL\n        WITH c_match, dev_event ORDER BY dev_event.chapter DESC\n        WITH c_match, COLLECT(CASE WHEN dev_event IS NOT NULL THEN dev_event.summary ELSE NULL END)[0] AS recent_dev_summary_val\n\n        // Part 2: Check for provisional relationships and specific dev event\n        WITH c_match, recent_dev_summary_val\n        OPTIONAL MATCH (c_match)-[rel_s:DYNAMIC_REL {is_provisional: true}]->()\n        WHERE rel_s.chapter_added <= $chapter_limit\n        WITH c_match, recent_dev_summary_val, COLLECT(DISTINCT rel_s) AS rels_s_collection\n\n        OPTIONAL MATCH ()-[rel_o:DYNAMIC_REL {is_provisional: true}]->(c_match)\n        WHERE rel_o.chapter_added <= $chapter_limit\n        WITH c_match, recent_dev_summary_val, rels_s_collection, COLLECT(DISTINCT rel_o) AS rels_o_collection\n\n        OPTIONAL MATCH (c_match)-[:DEVELOPED_IN_CHAPTER]->(prov_dev_check:DevelopmentEvent {chapter: $chapter_limit, provisional_source: true})\n\n        RETURN c_match.description AS description,\n               c_match.status AS current_status,\n               recent_dev_summary_val AS most_recent_development_note,\n               (SIZE(rels_s_collection) > 0 OR SIZE(rels_o_collection) > 0 OR prov_dev_check IS NOT NULL) AS is_provisional_overall\n        LIMIT 1\n        '
2025-05-22 07:26:12 - WARNING - [neo4j.notifications:337] - Received notification from DBMS server: {severity: WARNING} {code: Neo.ClientNotification.Statement.UnknownPropertyKeyWarning} {category: UNRECOGNIZED} {title: The provided property key is not in the database} {description: One of the property names in your query is not available in the database, make sure you didn't misspell it or that the label is available when you run this statement in your application (the missing property name is: provisional_source)} {position: line: 20, column: 118, offset: 1164} for query: '\n        MATCH (c_match:Character {name: $char_name})\n\n        // Part 1: Get recent development summary\n        OPTIONAL MATCH (c_match)-[:DEVELOPED_IN_CHAPTER]->(dev_event:DevelopmentEvent)\n        WHERE dev_event.chapter <= $chapter_limit OR dev_event IS NULL\n        WITH c_match, dev_event ORDER BY dev_event.chapter DESC\n        WITH c_match, COLLECT(CASE WHEN dev_event IS NOT NULL THEN dev_event.summary ELSE NULL END)[0] AS recent_dev_summary_val\n\n        // Part 2: Check for provisional relationships and specific dev event\n        WITH c_match, recent_dev_summary_val\n        OPTIONAL MATCH (c_match)-[rel_s:DYNAMIC_REL {is_provisional: true}]->()\n        WHERE rel_s.chapter_added <= $chapter_limit\n        WITH c_match, recent_dev_summary_val, COLLECT(DISTINCT rel_s) AS rels_s_collection\n\n        OPTIONAL MATCH ()-[rel_o:DYNAMIC_REL {is_provisional: true}]->(c_match)\n        WHERE rel_o.chapter_added <= $chapter_limit\n        WITH c_match, recent_dev_summary_val, rels_s_collection, COLLECT(DISTINCT rel_o) AS rels_o_collection\n\n        OPTIONAL MATCH (c_match)-[:DEVELOPED_IN_CHAPTER]->(prov_dev_check:DevelopmentEvent {chapter: $chapter_limit, provisional_source: true})\n\n        RETURN c_match.description AS description,\n               c_match.status AS current_status,\n               recent_dev_summary_val AS most_recent_development_note,\n               (SIZE(rels_s_collection) > 0 OR SIZE(rels_o_collection) > 0 OR prov_dev_check IS NOT NULL) AS is_provisional_overall\n        LIMIT 1\n        '
2025-05-22 07:26:12 - WARNING - [neo4j.notifications:337] - Received notification from DBMS server: {severity: WARNING} {code: Neo.ClientNotification.Statement.UnknownPropertyKeyWarning} {category: UNRECOGNIZED} {title: The provided property key is not in the database} {description: One of the property names in your query is not available in the database, make sure you didn't misspell it or that the label is available when you run this statement in your application (the missing property name is: provisional_source)} {position: line: 15, column: 120, offset: 686} for query: '\n        MATCH (we_match:WorldElement {category: $category})\n        WITH we_match\n        LIMIT $item_limit\n        \n        WITH we_match AS we // Rename for clarity\n        OPTIONAL MATCH (we)-[rel_s:DYNAMIC_REL {is_provisional: true}]->()\n        WHERE rel_s.chapter_added <= $chapter_limit\n        WITH we, COLLECT(DISTINCT rel_s) AS rels_s_collection\n\n        OPTIONAL MATCH ()-[rel_o:DYNAMIC_REL {is_provisional: true}]->(we)\n        WHERE rel_o.chapter_added <= $chapter_limit\n        WITH we, rels_s_collection, COLLECT(DISTINCT rel_o) AS rels_o_collection\n\n        OPTIONAL MATCH (we)-[:ELABORATED_IN_CHAPTER]->(prov_elab_check:WorldElaborationEvent {chapter: $chapter_limit, provisional_source: true})\n\n        RETURN we.name AS name,\n               we.description AS description,\n               (SIZE(rels_s_collection) > 0 OR SIZE(rels_o_collection) > 0 OR prov_elab_check IS NOT NULL) AS is_provisional\n        ORDER BY name\n        '
2025-05-22 07:26:12 - WARNING - [neo4j.notifications:337] - Received notification from DBMS server: {severity: WARNING} {code: Neo.ClientNotification.Statement.UnknownPropertyKeyWarning} {category: UNRECOGNIZED} {title: The provided property key is not in the database} {description: One of the property names in your query is not available in the database, make sure you didn't misspell it or that the label is available when you run this statement in your application (the missing property name is: provisional_source)} {position: line: 15, column: 120, offset: 686} for query: '\n        MATCH (we_match:WorldElement {category: $category})\n        WITH we_match\n        LIMIT $item_limit\n        \n        WITH we_match AS we // Rename for clarity\n        OPTIONAL MATCH (we)-[rel_s:DYNAMIC_REL {is_provisional: true}]->()\n        WHERE rel_s.chapter_added <= $chapter_limit\n        WITH we, COLLECT(DISTINCT rel_s) AS rels_s_collection\n\n        OPTIONAL MATCH ()-[rel_o:DYNAMIC_REL {is_provisional: true}]->(we)\n        WHERE rel_o.chapter_added <= $chapter_limit\n        WITH we, rels_s_collection, COLLECT(DISTINCT rel_o) AS rels_o_collection\n\n        OPTIONAL MATCH (we)-[:ELABORATED_IN_CHAPTER]->(prov_elab_check:WorldElaborationEvent {chapter: $chapter_limit, provisional_source: true})\n\n        RETURN we.name AS name,\n               we.description AS description,\n               (SIZE(rels_s_collection) > 0 OR SIZE(rels_o_collection) > 0 OR prov_elab_check IS NOT NULL) AS is_provisional\n        ORDER BY name\n        '
2025-05-22 07:26:12 - WARNING - [neo4j.notifications:337] - Received notification from DBMS server: {severity: WARNING} {code: Neo.ClientNotification.Statement.UnknownPropertyKeyWarning} {category: UNRECOGNIZED} {title: The provided property key is not in the database} {description: One of the property names in your query is not available in the database, make sure you didn't misspell it or that the label is available when you run this statement in your application (the missing property name is: provisional_source)} {position: line: 15, column: 120, offset: 686} for query: '\n        MATCH (we_match:WorldElement {category: $category})\n        WITH we_match\n        LIMIT $item_limit\n        \n        WITH we_match AS we // Rename for clarity\n        OPTIONAL MATCH (we)-[rel_s:DYNAMIC_REL {is_provisional: true}]->()\n        WHERE rel_s.chapter_added <= $chapter_limit\n        WITH we, COLLECT(DISTINCT rel_s) AS rels_s_collection\n\n        OPTIONAL MATCH ()-[rel_o:DYNAMIC_REL {is_provisional: true}]->(we)\n        WHERE rel_o.chapter_added <= $chapter_limit\n        WITH we, rels_s_collection, COLLECT(DISTINCT rel_o) AS rels_o_collection\n\n        OPTIONAL MATCH (we)-[:ELABORATED_IN_CHAPTER]->(prov_elab_check:WorldElaborationEvent {chapter: $chapter_limit, provisional_source: true})\n\n        RETURN we.name AS name,\n               we.description AS description,\n               (SIZE(rels_s_collection) > 0 OR SIZE(rels_o_collection) > 0 OR prov_elab_check IS NOT NULL) AS is_provisional\n        ORDER BY name\n        '
2025-05-22 07:26:12 - INFO - [chapter_planning_logic:249] - Calling LLM (Qwen3-14B) for detailed scene plan for chapter 3 (target scenes: 10-18)...
2025-05-22 07:26:18 - INFO - [httpx:1740] - HTTP Request: POST http://127.0.0.1:8080/v1/chat/completions "HTTP/1.1 200 OK"
2025-05-22 07:28:21 - INFO - [llm_interface:239] - Async: Streamed LLM ('Qwen3-14B') Usage - Prompt: 1022 tk, Comp: 3223 tk, Total: 4245 tk
2025-05-22 07:28:21 - INFO - [chapter_planning_logic:294] - Generated valid detailed scene plan for chapter 3 with 18 scenes from plain text.
2025-05-22 07:28:21 - INFO - [context_generation_logic:173] - Generating HYBRID context for Chapter 3...
2025-05-22 07:28:21 - INFO - [context_generation_logic:33] - Semantic context query for ch 3 based on Plot Point 3: 'Default Plot Point 3: An event occurs....'
2025-05-22 07:28:21 - INFO - [httpx:1740] - HTTP Request: POST http://127.0.0.1:11434/api/embeddings "HTTP/1.1 200 OK"
2025-05-22 07:28:22 - INFO - [state_manager:676] - Neo4j: Retrieved 2 past embeddings.
2025-05-22 07:28:22 - INFO - [context_generation_logic:104] - Top 2 relevant chapters for SEMANTIC context (semantic search): [2, 1] (Scores: ['0.428', '0.383'])
2025-05-22 07:28:22 - INFO - [context_generation_logic:157] - Constructed final SEMANTIC context: 240 tokens from chapters [2, 1].
2025-05-22 07:28:22 - INFO - [context_generation_logic:227] - Generated HYBRID context for Chapter 3, Tokens (est.): 355.
2025-05-22 07:28:22 - INFO - [chapter_drafting_logic:83] - Using detailed scene plan (plain text) for Ch 3 draft generation.
2025-05-22 07:28:22 - INFO - [prompt_data_getters:298] - Fetching and formatting filtered character profiles as PLAIN TEXT up to chapter 2.
2025-05-22 07:28:22 - INFO - [prompt_data_getters:379] - Fetching and formatting filtered world data as PLAIN TEXT up to chapter 2.
2025-05-22 07:28:22 - WARNING - [prompt_data_getters:364] - World item 'category_updated_in_chapter_1' in category 'locations' is not a dict. Skipping.
2025-05-22 07:28:22 - WARNING - [prompt_data_getters:364] - World item 'category_updated_in_chapter_2' in category 'locations' is not a dict. Skipping.
2025-05-22 07:28:22 - WARNING - [prompt_data_getters:364] - World item 'category_updated_in_chapter_1' in category 'systems' is not a dict. Skipping.
2025-05-22 07:28:22 - WARNING - [prompt_data_getters:364] - World item 'category_updated_in_chapter_2' in category 'systems' is not a dict. Skipping.
2025-05-22 07:28:22 - WARNING - [prompt_data_getters:364] - World item 'category_updated_in_chapter_1' in category 'lore' is not a dict. Skipping.
2025-05-22 07:28:22 - WARNING - [prompt_data_getters:364] - World item 'category_updated_in_chapter_2' in category 'lore' is not a dict. Skipping.
2025-05-22 07:28:22 - WARNING - [prompt_data_getters:364] - World item 'category_updated_in_chapter_2' in category 'factions' is not a dict. Skipping.
2025-05-22 07:28:22 - INFO - [chapter_drafting_logic:133] - Calling LLM (Qwen3-14B) for Ch 3 draft. Target minimum length: 15000 chars.
2025-05-22 07:28:25 - INFO - [httpx:1740] - HTTP Request: POST http://127.0.0.1:8080/v1/chat/completions "HTTP/1.1 200 OK"
2025-05-22 07:32:13 - INFO - [llm_interface:239] - Async: Streamed LLM ('Qwen3-14B') Usage - Prompt: 6776 tk, Comp: 4806 tk, Total: 11582 tk
2025-05-22 07:32:13 - INFO - [chapter_drafting_logic:158] - Generated initial draft for ch 3 (Length: 21118 chars).
2025-05-22 07:32:13 - INFO - [chapter_evaluation_logic:281] - Evaluating chapter 3 draft (length: 21118 chars)...
2025-05-22 07:32:13 - INFO - [httpx:1740] - HTTP Request: POST http://127.0.0.1:11434/api/embeddings "HTTP/1.1 200 OK"
2025-05-22 07:32:13 - INFO - [chapter_evaluation_logic:316] - Coherence score with previous chapter (2): 0.8032
2025-05-22 07:32:13 - INFO - [prompt_data_getters:298] - Fetching and formatting filtered character profiles as PLAIN TEXT up to chapter 2.
2025-05-22 07:32:13 - INFO - [prompt_data_getters:379] - Fetching and formatting filtered world data as PLAIN TEXT up to chapter 2.
2025-05-22 07:32:13 - WARNING - [prompt_data_getters:364] - World item 'category_updated_in_chapter_1' in category 'locations' is not a dict. Skipping.
2025-05-22 07:32:13 - WARNING - [prompt_data_getters:364] - World item 'category_updated_in_chapter_2' in category 'locations' is not a dict. Skipping.
2025-05-22 07:32:13 - WARNING - [prompt_data_getters:364] - World item 'category_updated_in_chapter_1' in category 'systems' is not a dict. Skipping.
2025-05-22 07:32:13 - WARNING - [prompt_data_getters:364] - World item 'category_updated_in_chapter_2' in category 'systems' is not a dict. Skipping.
2025-05-22 07:32:13 - WARNING - [prompt_data_getters:364] - World item 'category_updated_in_chapter_1' in category 'lore' is not a dict. Skipping.
2025-05-22 07:32:13 - WARNING - [prompt_data_getters:364] - World item 'category_updated_in_chapter_2' in category 'lore' is not a dict. Skipping.
2025-05-22 07:32:13 - WARNING - [prompt_data_getters:364] - World item 'category_updated_in_chapter_2' in category 'factions' is not a dict. Skipping.
2025-05-22 07:32:13 - INFO - [chapter_evaluation_logic:196] - Calling LLM (Qwen3-14B) for comprehensive (plain text) evaluation of chapter 3...
2025-05-22 07:35:59 - INFO - [httpx:1740] - HTTP Request: POST http://127.0.0.1:8080/v1/chat/completions "HTTP/1.1 200 OK"
2025-05-22 07:35:59 - INFO - [llm_interface:239] - Async: LLM ('Qwen3-14B') Usage - Prompt: 8775 tk, Comp: 3971 tk, Total: 12746 tk
2025-05-22 07:35:59 - INFO - [chapter_evaluation_logic:266] - Comprehensive (plain text) evaluation for Ch 3 complete. LLM output: '</think>

ISSUE CATEGORY: consistency
PROBLEM DESCRIPTION: The chapter introduces new information about the Grid being a "prison for the dead" and that it is consuming people, but this contradicts the...'
2025-05-22 07:35:59 - WARNING - [chapter_evaluation_logic:60] - Parsed unknown issue category 'thematic_alignment' in block 3 for Ch 3. Defaulting to 'meta'. Block: ISSUE CATEGORY: thematic_alignment
PROBLEM DESCRIPTION: The theme of "the cost of power" is touched 
2025-05-22 07:35:59 - WARNING - [chapter_evaluation_logic:60] - Parsed unknown issue category 'narrative_depth_and_length' in block 4 for Ch 3. Defaulting to 'meta'. Block: ISSUE CATEGORY: narrative_depth_and_length
PROBLEM DESCRIPTION: The chapter is underdeveloped in ter
2025-05-22 07:35:59 - WARNING - [chapter_evaluation_logic:60] - Parsed unknown issue category 'narrative_depth_and_length' in block 5 for Ch 3. Defaulting to 'meta'. Block: ISSUE CATEGORY: narrative_depth_and_length
PROBLEM DESCRIPTION: The chapter is too short in terms of
2025-05-22 07:35:59 - WARNING - [chapter_evaluation_logic:60] - Parsed unknown issue category 'narrative_depth_and_length' in block 6 for Ch 3. Defaulting to 'meta'. Block: ISSUE CATEGORY: narrative_depth_and_length
PROBLEM DESCRIPTION: The ending is abrupt and lacks resol
2025-05-22 07:35:59 - WARNING - [chapter_evaluation_logic:60] - Parsed unknown issue category 'narrative_depth_and_length' in block 8 for Ch 3. Defaulting to 'meta'. Block: ISSUE CATEGORY: narrative_depth_and_length
PROBLEM DESCRIPTION: The chapter is too short overall for
2025-05-22 07:35:59 - WARNING - [chapter_evaluation_logic:60] - Parsed unknown issue category 'thematic_alignment' in block 9 for Ch 3. Defaulting to 'meta'. Block: ISSUE CATEGORY: thematic_alignment
PROBLEM DESCRIPTION: While the chapter touches on the Grid’s soul
2025-05-22 07:35:59 - WARNING - [chapter_evaluation_logic:60] - Parsed unknown issue category 'narrative_depth_and_length' in block 11 for Ch 3. Defaulting to 'meta'. Block: ISSUE CATEGORY: narrative_depth_and_length
PROBLEM DESCRIPTION: The dialogue between Sága and Jorin 
2025-05-22 07:35:59 - WARNING - [chapter_evaluation_logic:60] - Parsed unknown issue category 'narrative_depth_and_length' in block 13 for Ch 3. Defaulting to 'meta'. Block: ISSUE CATEGORY: narrative_depth_and_length
PROBLEM DESCRIPTION: The chapter lacks sufficient pacing 
2025-05-22 07:35:59 - WARNING - [chapter_evaluation_logic:60] - Parsed unknown issue category 'thematic_alignment' in block 14 for Ch 3. Defaulting to 'meta'. Block: ISSUE CATEGORY: thematic_alignment
PROBLEM DESCRIPTION: The chapter hints at the Grid’s corruption b
2025-05-22 07:35:59 - WARNING - [chapter_evaluation_logic:60] - Parsed unknown issue category 'narrative_depth_and_length' in block 15 for Ch 3. Defaulting to 'meta'. Block: ISSUE CATEGORY: narrative_depth_and_length
PROBLEM DESCRIPTION: The chapter is underdeveloped in ter
2025-05-22 07:35:59 - WARNING - [chapter_evaluation_logic:60] - Parsed unknown issue category 'narrative_depth_and_length' in block 17 for Ch 3. Defaulting to 'meta'. Block: ISSUE CATEGORY: narrative_depth_and_length
PROBLEM DESCRIPTION: The chapter is too short for the amo
2025-05-22 07:35:59 - WARNING - [chapter_evaluation_logic:60] - Parsed unknown issue category 'narrative_depth_and_length' in block 18 for Ch 3. Defaulting to 'meta'. Block: ISSUE CATEGORY: narrative_depth_and_length
PROBLEM DESCRIPTION: The chapter lacks sufficient charact
2025-05-22 07:35:59 - WARNING - [chapter_evaluation_logic:60] - Parsed unknown issue category 'narrative_depth_and_length' in block 19 for Ch 3. Defaulting to 'meta'. Block: ISSUE CATEGORY: narrative_depth_and_length
PROBLEM DESCRIPTION: The chapter is too short in length (
2025-05-22 07:35:59 - WARNING - [chapter_evaluation_logic:60] - Parsed unknown issue category 'thematic_alignment' in block 21 for Ch 3. Defaulting to 'meta'. Block: ISSUE CATEGORY: thematic_alignment
PROBLEM DESCRIPTION: The chapter does not clearly show how Sága i
2025-05-22 07:35:59 - WARNING - [chapter_evaluation_logic:60] - Parsed unknown issue category 'narrative_depth_and_length' in block 22 for Ch 3. Defaulting to 'meta'. Block: ISSUE CATEGORY: narrative_depth_and_length
PROBLEM DESCRIPTION: The chapter lacks sufficient dialogu
2025-05-22 07:35:59 - WARNING - [chapter_evaluation_logic:60] - Parsed unknown issue category 'narrative_depth_and_length' in block 25 for Ch 3. Defaulting to 'meta'. Block: ISSUE CATEGORY: narrative_depth_and_length
PROBLEM DESCRIPTION: The chapter lacks sufficient detail 
2025-05-22 07:35:59 - WARNING - [chapter_evaluation_logic:60] - Parsed unknown issue category 'thematic_alignment' in block 26 for Ch 3. Defaulting to 'meta'. Block: ISSUE CATEGORY: thematic_alignment
PROBLEM DESCRIPTION: The chapter does not explore the cost of pow
2025-05-22 07:35:59 - WARNING - [chapter_evaluation_logic:60] - Parsed unknown issue category 'narrative_depth_and_length' in block 27 for Ch 3. Defaulting to 'meta'. Block: ISSUE CATEGORY: narrative_depth_and_length
PROBLEM DESCRIPTION: The chapter lacks sufficient charact
2025-05-22 07:35:59 - WARNING - [chapter_evaluation_logic:60] - Parsed unknown issue category 'narrative_depth_and_length' in block 28 for Ch 3. Defaulting to 'meta'. Block: ISSUE CATEGORY: narrative_depth_and_length
PROBLEM DESCRIPTION: The chapter ends abruptly with Sága 
2025-05-22 07:35:59 - WARNING - [chapter_evaluation_logic:60] - Parsed unknown issue category 'narrative_depth_and_length' in block 29 for Ch 3. Defaulting to 'meta'. Block: ISSUE CATEGORY: narrative_depth_and_length
PROBLEM DESCRIPTION: The chapter is too short in length f
2025-05-22 07:35:59 - WARNING - [chapter_evaluation_logic:60] - Parsed unknown issue category 'narrative_depth_and_length' in block 31 for Ch 3. Defaulting to 'meta'. Block: ISSUE CATEGORY: narrative_depth_and_length
PROBLEM DESCRIPTION: The chapter lacks sufficient detail 
2025-05-22 07:35:59 - WARNING - [chapter_evaluation_logic:60] - Parsed unknown issue category 'narrative_depth_and_length' in block 33 for Ch 3. Defaulting to 'meta'. Block: ISSUE CATEGORY: narrative_depth_and_length
PROBLEM DESCRIPTION: The chapter lacks sufficient pacing 
2025-05-22 07:35:59 - WARNING - [chapter_evaluation_logic:386] - Problem quote for Ch 3 NOT FOUND VERBATIM in chapter text: '"The Grid isn’t just harvesting energy. It’s takin...'. This may fail patching. Problem: The chapter introduces new information about the Grid being a "prison for the dead" and that it is consuming people, but this contradicts the previously established fact that Sága is still "unaware of the full extent of the Grid's corruption." This suggests a premature revelation of key plot points.
2025-05-22 07:35:59 - WARNING - [chapter_evaluation_logic:386] - Problem quote for Ch 3 NOT FOUND VERBATIM in chapter text: '"I saw something real... The Grid isn’t just harve...'. This may fail patching. Problem: The intended Plot Point #3 ("An event occurs") is addressed through Sága’s vision in the maintenance tunnel and their decision to investigate further. However, the event lacks sufficient impact or consequence that would significantly advance the narrative or raise the stakes for Sága's arc.
2025-05-22 07:35:59 - WARNING - [chapter_evaluation_logic:386] - Problem quote for Ch 3 NOT FOUND VERBATIM in chapter text: '"Sága felt their stomach twist. The Hollow Expanse...'. This may fail patching. Problem: The chapter is underdeveloped in terms of descriptive detail, character introspection, and dialogue. Key scenes (e.g., the vision in the maintenance tunnel, the confrontation with Tarnis) are rushed or lack emotional weight, which weakens the reader’s immersion and connection to Sága’s internal journey.
2025-05-22 07:35:59 - WARNING - [chapter_evaluation_logic:386] - Problem quote for Ch 3 NOT FOUND VERBATIM in chapter text: '"The Grid isn’t just a machine—it’s a prison."...'. This may fail patching. Problem: The chapter is too short in terms of character development and world-building. It lacks the depth needed to fully explore the implications of Sága learning about the Grid’s soul-harvesting mechanism, especially given its thematic weight.
2025-05-22 07:35:59 - WARNING - [chapter_evaluation_logic:386] - Problem quote for Ch 3 NOT FOUND VERBATIM in chapter text: '"They were part of the system now."...'. This may fail patching. Problem: The ending is abrupt and lacks resolution or emotional payoff. Sága’s decision to destroy the Grid core is introduced without sufficient buildup, and the final line about them being "part of the system now" feels unearned and underdeveloped.
2025-05-22 07:35:59 - WARNING - [chapter_evaluation_logic:386] - Problem quote for Ch 3 NOT FOUND VERBATIM in chapter text: '"Lira stood in the center of the room, her back to...'. This may fail patching. Problem: The chapter introduces a new character, Lira, but does not provide any prior context or background about her. This is inconsistent with the established world-building notes that emphasize the need for careful introduction of key figures.
2025-05-22 07:35:59 - WARNING - [chapter_evaluation_logic:386] - Problem quote for Ch 3 NOT FOUND VERBATIM in chapter text: '"The Grid isn’t just harvesting energy. It’s takin...'. This may fail patching. Problem: While the chapter touches on the Grid’s soul-harvesting nature, it does not clearly tie this back to the central theme of "the cost of power." There is no direct reflection on how Sága or others are paying a price for their survival or pursuit of knowledge.
2025-05-22 07:35:59 - WARNING - [chapter_evaluation_logic:386] - Problem quote for Ch 3 NOT FOUND VERBATIM in chapter text: '"Their fingers pressed against the screen, and the...'. This may fail patching. Problem: The chapter ends with Sága deciding to destroy the Grid core, but this decision is not clearly tied to the "event occurs" Plot Point #3. It feels more like a setup for future chapters than a self-contained event that advances the story in this chapter.
2025-05-22 07:35:59 - WARNING - [chapter_evaluation_logic:386] - Problem quote for Ch 3 NOT FOUND VERBATIM in chapter text: '"I saw something real," they said. "And I won’t le...'. This may fail patching. Problem: The dialogue between Sága and Jorin lacks emotional nuance and fails to fully convey the weight of their shared discovery. This weakens the thematic and character-driven impact of the scene.
2025-05-22 07:35:59 - WARNING - [chapter_evaluation_logic:386] - Problem quote for Ch 3 NOT FOUND VERBATIM in chapter text: '"I was hiding in the Ruins of Vareth, trying to fi...'. This may fail patching. Problem: The chapter references "the Silent Scrolls" and "the Free Scribes," but these are not clearly defined in the text. This is inconsistent with the world-building notes that emphasize clarity and detail for such key lore elements.
2025-05-22 07:35:59 - WARNING - [chapter_evaluation_logic:386] - Problem quote for Ch 3 NOT FOUND VERBATIM in chapter text: '"They had come far, but now the Grid was coming fo...'. This may fail patching. Problem: The chapter lacks sufficient pacing control. It moves too quickly from one scene to another without allowing readers to absorb the emotional and thematic weight of Sága’s discoveries.
2025-05-22 07:35:59 - WARNING - [chapter_evaluation_logic:386] - Problem quote for Ch 3 NOT FOUND VERBATIM in chapter text: '"I’ve already paid too much."...'. This may fail patching. Problem: The chapter hints at the Grid’s corruption but does not explore how this affects Sága personally. This weakens the thematic connection between the cost of power and Sága’s internal transformation.
2025-05-22 07:35:59 - WARNING - [chapter_evaluation_logic:386] - Problem quote for Ch 3 NOT FOUND VERBATIM in chapter text: '"Jorin placed a hand on their shoulder, steadying ...'. This may fail patching. Problem: The chapter is underdeveloped in terms of character relationships. While Jorin is present, there is no clear development or deepening of their bond with Sága, which weakens the emotional stakes of the story.
2025-05-22 07:35:59 - WARNING - [chapter_evaluation_logic:386] - Problem quote for Ch 3 NOT FOUND VERBATIM in chapter text: '"Tarnis’s eyes swept over them, calculating, cold....'. This may fail patching. Problem: The chapter references the "Chain of Silence" but does not clarify its function or relevance to the current plot. This is inconsistent with the established world-building notes that define it as a device that silences magical communication.
2025-05-22 07:35:59 - WARNING - [chapter_evaluation_logic:386] - Problem quote for Ch 3 NOT FOUND VERBATIM in chapter text: '"The Citadel of Emberlight was at the center of it...'. This may fail patching. Problem: The chapter is too short for the amount of world-building it introduces. It lacks sufficient detail about the Citadel’s structure, its role in the Grid, and how it reflects the dystopian horror setting.
2025-05-22 07:35:59 - WARNING - [chapter_evaluation_logic:386] - Problem quote for Ch 3 NOT FOUND VERBATIM in chapter text: '"Sága felt their stomach twist."...'. This may fail patching. Problem: The chapter lacks sufficient character introspection for Sága. Their internal conflict and emotional journey are not fully explored, which weakens their arc and the reader’s connection to them.
2025-05-22 07:35:59 - WARNING - [chapter_evaluation_logic:386] - Problem quote for Ch 3 NOT FOUND VERBATIM in chapter text: '"I’ve already paid too much."...'. This may fail patching. Problem: The chapter does not clearly show how Sága is learning something important in alignment with their character arc. While they learn about the Grid’s true nature, this knowledge is not tied to a personal transformation or realization that would advance their arc.
2025-05-22 07:35:59 - WARNING - [chapter_evaluation_logic:386] - Problem quote for Ch 3 NOT FOUND VERBATIM in chapter text: '"I saw something real... I saw them."...'. This may fail patching. Problem: The chapter references "the Whisperers" in the context of the Pact of Silence, but this is not elaborated on or connected to any characters or plot developments. This is inconsistent with the world-building notes that define them as individuals who remember the truth.
2025-05-22 07:35:59 - WARNING - [chapter_evaluation_logic:386] - Problem quote for Ch 3 NOT FOUND VERBATIM in chapter text: '"The Grid isn’t just harvesting energy. It’s takin...'. This may fail patching. Problem: The chapter’s intended Plot Point #3 ("An event occurs") is not clearly defined or resolved. While Sága learns about the Grid’s true nature, there is no clear "event" that has occurred to advance the story in a concrete way.
2025-05-22 07:35:59 - WARNING - [chapter_evaluation_logic:386] - Problem quote for Ch 3 NOT FOUND VERBATIM in chapter text: '"The air tasted of salt and rust."...'. This may fail patching. Problem: The chapter lacks sufficient detail in its setting descriptions. Key locations like the Ashen Docks, the Hollow Expanse, and the Citadel are not fully realized in terms of atmosphere, texture, or sensory experience.
2025-05-22 07:35:59 - WARNING - [chapter_evaluation_logic:386] - Problem quote for Ch 3 NOT FOUND VERBATIM in chapter text: '"They were part of the system now."...'. This may fail patching. Problem: The chapter ends abruptly with Sága being "part of the system now," but there is no elaboration on what this means or how it affects them. This weakens the emotional impact and thematic resonance of the ending.
2025-05-22 07:35:59 - WARNING - [chapter_evaluation_logic:386] - Problem quote for Ch 3 NOT FOUND VERBATIM in chapter text: '"The Whisperers (a group of individuals who rememb...'. This may fail patching. Problem: The chapter introduces a new faction (the Whisperers) but does not clarify their role or connection to other factions like the Free Scribes or the Dominion Council. This is inconsistent with the established world-building notes that emphasize clear faction relationships.
2025-05-22 07:35:59 - WARNING - [chapter_evaluation_logic:386] - Problem quote for Ch 3 NOT FOUND VERBATIM in chapter text: '"The Grid is not just a power source. It is a pris...'. This may fail patching. Problem: The chapter lacks sufficient detail in its portrayal of the Grid’s corruption. It hints at soul-harvesting but does not fully explain how it works or what it means for the world and characters.
2025-05-22 07:35:59 - WARNING - [chapter_evaluation_logic:386] - Problem quote for Ch 3 NOT FOUND VERBATIM in chapter text: '"They had come far, but now the Grid was coming fo...'. This may fail patching. Problem: The chapter introduces multiple new elements (the Grid's prison nature, Lira, the Citadel core) but does not clearly define which one is the "event" that advances Plot Point #3. This makes the chapter feel unfocused in terms of its intended plot development.
2025-05-22 07:35:59 - WARNING - [chapter_evaluation_logic:386] - Problem quote for Ch 3 NOT FOUND VERBATIM in chapter text: '"They had come far, but now the Grid was coming fo...'. This may fail patching. Problem: The chapter lacks sufficient pacing control. It moves too quickly from one scene to another, which weakens the emotional impact and reader engagement.
2025-05-22 07:35:59 - INFO - [chapter_evaluation_logic:390] - Evaluation for Ch 3 complete. Needs revision: True. Summary reasons: Consistency issues identified by LLM.; Meta/Uncategorized issues identified by LLM.; Plot Arc deviation identified by LLM.. Detailed problems: 33
2025-05-22 07:35:59 - WARNING - [novel_agent:173] - Ch 3 initial draft (21118 chars) flagged for revision. Reasons: Consistency issues identified by LLM.; Meta/Uncategorized issues identified by LLM.; Plot Arc deviation identified by LLM.
2025-05-22 07:35:59 - WARNING - [chapter_revision_logic:262] - Attempting revision for chapter 3. Reason(s) summary:
- Consistency issues identified by LLM.
- Meta/Uncategorized issues identified by LLM.
- Plot Arc deviation identified by LLM.
2025-05-22 07:35:59 - INFO - [chapter_revision_logic:270] - Patch-based revision enabled. Attempting to generate and apply patches for Ch 3 (30 actionable problems identified).
2025-05-22 07:35:59 - WARNING - [chapter_revision_logic:153] - Found 30 problems for Ch 3, but will only attempt to patch the first 7.
2025-05-22 07:35:59 - WARNING - [chapter_revision_logic:35] - Quote for context window not found in text: '"The Grid isn’t just harvesting energy. It’s takin...' Returning full text snippet as fallback.
2025-05-22 07:35:59 - WARNING - [chapter_revision_logic:35] - Quote for context window not found in text: '"I saw something real... The Grid isn’t just harve...' Returning full text snippet as fallback.
2025-05-22 07:35:59 - WARNING - [chapter_revision_logic:35] - Quote for context window not found in text: '"Sága felt their stomach twist. The Hollow Expanse...' Returning full text snippet as fallback.
2025-05-22 07:35:59 - WARNING - [chapter_revision_logic:35] - Quote for context window not found in text: '"The Grid isn’t just a machine—it’s a prison."...' Returning full text snippet as fallback.
2025-05-22 07:35:59 - WARNING - [chapter_revision_logic:35] - Quote for context window not found in text: '"They were part of the system now."...' Returning full text snippet as fallback.
2025-05-22 07:35:59 - WARNING - [chapter_revision_logic:35] - Quote for context window not found in text: '"Lira stood in the center of the room, her back to...' Returning full text snippet as fallback.
2025-05-22 07:35:59 - INFO - [chapter_revision_logic:108] - Calling LLM (Qwen3-8B) for single patch in Ch 3. Problem: The chapter introduces new information about the Grid being ... Quote: "The Grid isn’t just harvesting energy. It’s taking lives."...
2025-05-22 07:35:59 - INFO - [chapter_revision_logic:108] - Calling LLM (Qwen3-8B) for single patch in Ch 3. Problem: The intended Plot Point #3 ("An event occurs") is addressed ... Quote: "I saw something real... The Grid isn’t just harvesting ener...
2025-05-22 07:35:59 - INFO - [chapter_revision_logic:108] - Calling LLM (Qwen3-8B) for single patch in Ch 3. Problem: The theme of "the cost of power" is touched upon but not dee... Quote: "They’re building something bigger… stronger," Lira said, he...
2025-05-22 07:35:59 - INFO - [chapter_revision_logic:108] - Calling LLM (Qwen3-8B) for single patch in Ch 3. Problem: The chapter is underdeveloped in terms of descriptive detail... Quote: "Sága felt their stomach twist. The Hollow Expanse was no pl...
2025-05-22 07:35:59 - INFO - [chapter_revision_logic:108] - Calling LLM (Qwen3-8B) for single patch in Ch 3. Problem: The chapter is too short in terms of character development a... Quote: "The Grid isn’t just a machine—it’s a prison."...
2025-05-22 07:35:59 - INFO - [chapter_revision_logic:108] - Calling LLM (Qwen3-8B) for single patch in Ch 3. Problem: The ending is abrupt and lacks resolution or emotional payof... Quote: "They were part of the system now."...
2025-05-22 07:35:59 - INFO - [chapter_revision_logic:108] - Calling LLM (Qwen3-8B) for single patch in Ch 3. Problem: The chapter introduces a new character, Lira, but does not p... Quote: "Lira stood in the center of the room, her back to them, her...
2025-05-22 07:36:22 - INFO - [httpx:1740] - HTTP Request: POST http://127.0.0.1:8080/v1/chat/completions "HTTP/1.1 200 OK"
2025-05-22 07:36:22 - INFO - [llm_interface:239] - Async: LLM ('Qwen3-8B') Usage - Prompt: 5829 tk, Comp: 488 tk, Total: 6317 tk
2025-05-22 07:36:26 - INFO - [httpx:1740] - HTTP Request: POST http://127.0.0.1:8080/v1/chat/completions "HTTP/1.1 200 OK"
2025-05-22 07:36:26 - INFO - [llm_interface:239] - Async: LLM ('Qwen3-8B') Usage - Prompt: 5876 tk, Comp: 613 tk, Total: 6489 tk
2025-05-22 07:36:40 - INFO - [httpx:1740] - HTTP Request: POST http://127.0.0.1:8080/v1/chat/completions "HTTP/1.1 200 OK"
2025-05-22 07:36:40 - INFO - [llm_interface:239] - Async: LLM ('Qwen3-8B') Usage - Prompt: 5821 tk, Comp: 577 tk, Total: 6398 tk
2025-05-22 07:36:45 - INFO - [httpx:1740] - HTTP Request: POST http://127.0.0.1:8080/v1/chat/completions "HTTP/1.1 200 OK"
2025-05-22 07:36:45 - INFO - [llm_interface:239] - Async: LLM ('Qwen3-8B') Usage - Prompt: 5846 tk, Comp: 607 tk, Total: 6453 tk
2025-05-22 07:36:47 - INFO - [httpx:1740] - HTTP Request: POST http://127.0.0.1:8080/v1/chat/completions "HTTP/1.1 200 OK"
2025-05-22 07:36:47 - INFO - [llm_interface:239] - Async: LLM ('Qwen3-8B') Usage - Prompt: 5874 tk, Comp: 205 tk, Total: 6079 tk
2025-05-22 07:36:52 - INFO - [httpx:1740] - HTTP Request: POST http://127.0.0.1:8080/v1/chat/completions "HTTP/1.1 200 OK"
2025-05-22 07:36:52 - INFO - [llm_interface:239] - Async: LLM ('Qwen3-8B') Usage - Prompt: 5891 tk, Comp: 200 tk, Total: 6091 tk
2025-05-22 07:37:04 - INFO - [httpx:1740] - HTTP Request: POST http://127.0.0.1:8080/v1/chat/completions "HTTP/1.1 200 OK"
2025-05-22 07:37:04 - INFO - [llm_interface:239] - Async: LLM ('Qwen3-8B') Usage - Prompt: 5862 tk, Comp: 601 tk, Total: 6463 tk
2025-05-22 07:37:04 - INFO - [chapter_revision_logic:185] - Generated 7 patch instructions for Ch 3.
2025-05-22 07:37:04 - WARNING - [chapter_revision_logic:207] - Patching: `search_text` not found in original text. Skipping patch. Search: '"The Grid isn’t just harvesting energy. It’s taking lives."...'
2025-05-22 07:37:04 - WARNING - [chapter_revision_logic:207] - Patching: `search_text` not found in original text. Skipping patch. Search: '"I saw something real... The Grid isn’t just harvesting energy. It’s taking lives."...'
2025-05-22 07:37:04 - WARNING - [chapter_revision_logic:207] - Patching: `search_text` not found in original text. Skipping patch. Search: '"Sága felt their stomach twist. The Hollow Expanse was no place for someone like them—someone who ha...'
2025-05-22 07:37:04 - WARNING - [chapter_revision_logic:207] - Patching: `search_text` not found in original text. Skipping patch. Search: '"The Grid isn’t just a machine—it’s a prison."...'
2025-05-22 07:37:04 - WARNING - [chapter_revision_logic:207] - Patching: `search_text` not found in original text. Skipping patch. Search: '"They were part of the system now."...'
2025-05-22 07:37:04 - WARNING - [chapter_revision_logic:207] - Patching: `search_text` not found in original text. Skipping patch. Search: '"Lira stood in the center of the room, her back to them, her fingers tracing patterns in the dust on...'
2025-05-22 07:37:04 - WARNING - [chapter_revision_logic:221] - 6/7 applicable patches could not be applied because their search_text was not found in the original chapter.
2025-05-22 07:37:04 - INFO - [chapter_revision_logic:231] - Applied patch: Replaced original text from 17000-17171 (len 171) with new text (len 2652). Snippet: '</think>

"They’re building something bigger… stro...'
2025-05-22 07:37:04 - INFO - [chapter_revision_logic:279] - Successfully applied 7 patches to Ch 3. Original len: 21118, Patched len: 23599.
2025-05-22 07:37:04 - INFO - [httpx:1740] - HTTP Request: POST http://127.0.0.1:11434/api/embeddings "HTTP/1.1 200 OK"
2025-05-22 07:37:04 - INFO - [chapter_revision_logic:296] - Patched text similarity score with original draft: 0.9848
2025-05-22 07:37:04 - INFO - [chapter_revision_logic:421] - Revision process for ch 3 produced a candidate text (Length: 23599 chars).
2025-05-22 07:37:04 - INFO - [novel_agent:186] - Revision attempted for ch 3. Re-evaluating revised draft (23599 chars)...
2025-05-22 07:37:04 - INFO - [chapter_evaluation_logic:281] - Evaluating chapter 3 draft (length: 23599 chars)...
2025-05-22 07:37:04 - INFO - [chapter_evaluation_logic:316] - Coherence score with previous chapter (2): 0.8018
2025-05-22 07:37:04 - INFO - [prompt_data_getters:298] - Fetching and formatting filtered character profiles as PLAIN TEXT up to chapter 2.
2025-05-22 07:37:04 - INFO - [prompt_data_getters:379] - Fetching and formatting filtered world data as PLAIN TEXT up to chapter 2.
2025-05-22 07:37:04 - WARNING - [prompt_data_getters:364] - World item 'category_updated_in_chapter_1' in category 'locations' is not a dict. Skipping.
2025-05-22 07:37:04 - WARNING - [prompt_data_getters:364] - World item 'category_updated_in_chapter_2' in category 'locations' is not a dict. Skipping.
2025-05-22 07:37:04 - WARNING - [prompt_data_getters:364] - World item 'category_updated_in_chapter_1' in category 'systems' is not a dict. Skipping.
2025-05-22 07:37:04 - WARNING - [prompt_data_getters:364] - World item 'category_updated_in_chapter_2' in category 'systems' is not a dict. Skipping.
2025-05-22 07:37:04 - WARNING - [prompt_data_getters:364] - World item 'category_updated_in_chapter_1' in category 'lore' is not a dict. Skipping.
2025-05-22 07:37:04 - WARNING - [prompt_data_getters:364] - World item 'category_updated_in_chapter_2' in category 'lore' is not a dict. Skipping.
2025-05-22 07:37:04 - WARNING - [prompt_data_getters:364] - World item 'category_updated_in_chapter_2' in category 'factions' is not a dict. Skipping.
2025-05-22 07:37:04 - INFO - [chapter_evaluation_logic:196] - Calling LLM (Qwen3-14B) for comprehensive (plain text) evaluation of chapter 3...
2025-05-22 07:38:55 - INFO - [httpx:1740] - HTTP Request: POST http://127.0.0.1:8080/v1/chat/completions "HTTP/1.1 200 OK"
2025-05-22 07:38:55 - INFO - [llm_interface:239] - Async: LLM ('Qwen3-14B') Usage - Prompt: 9352 tk, Comp: 2246 tk, Total: 11598 tk
2025-05-22 07:38:55 - INFO - [chapter_evaluation_logic:266] - Comprehensive (plain text) evaluation for Ch 3 complete. LLM output: '</think>

ISSUE CATEGORY: consistency
PROBLEM DESCRIPTION: The Grid's function is inconsistent with established lore. In Chapter 2, it was revealed that the Grid consumes souls, but in this chapter, i...'
2025-05-22 07:38:55 - WARNING - [chapter_evaluation_logic:60] - Parsed unknown issue category 'thematic_alignment' in block 3 for Ch 3. Defaulting to 'meta'. Block: ISSUE CATEGORY: thematic_alignment
PROBLEM DESCRIPTION: The theme of "the cost of power" is touched 
2025-05-22 07:38:55 - WARNING - [chapter_evaluation_logic:60] - Parsed unknown issue category 'narrative_depth_and_length' in block 4 for Ch 3. Defaulting to 'meta'. Block: ISSUE CATEGORY: narrative_depth_and_length
PROBLEM DESCRIPTION: The chapter lacks sufficient descrip
2025-05-22 07:38:55 - WARNING - [chapter_evaluation_logic:60] - Parsed unknown issue category 'thematic_alignment' in block 7 for Ch 3. Defaulting to 'meta'. Block: ISSUE CATEGORY: thematic_alignment
PROBLEM DESCRIPTION: The theme of "the cost of power" is not full
2025-05-22 07:38:55 - WARNING - [chapter_evaluation_logic:60] - Parsed unknown issue category 'narrative_depth_and_length' in block 8 for Ch 3. Defaulting to 'meta'. Block: ISSUE CATEGORY: narrative_depth_and_length
PROBLEM DESCRIPTION: The chapter lacks sufficient charact
2025-05-22 07:38:55 - WARNING - [chapter_evaluation_logic:60] - Parsed unknown issue category 'narrative_depth_and_length' in block 10 for Ch 3. Defaulting to 'meta'. Block: ISSUE CATEGORY: narrative_depth_and_length
PROBLEM DESCRIPTION: The dialogue between Sága and Tarnis
2025-05-22 07:38:55 - WARNING - [chapter_evaluation_logic:60] - Parsed unknown issue category 'narrative_depth_and_length' in block 11 for Ch 3. Defaulting to 'meta'. Block: ISSUE CATEGORY: narrative_depth_and_length
PROBLEM DESCRIPTION: The chapter’s ending is abrupt and l
2025-05-22 07:38:55 - WARNING - [chapter_evaluation_logic:60] - Parsed unknown issue category 'narrative_depth_and_length' in block 12 for Ch 3. Defaulting to 'meta'. Block: ISSUE CATEGORY: narrative_depth_and_length
PROBLEM DESCRIPTION: The chapter is too short for the amo
2025-05-22 07:38:55 - WARNING - [chapter_evaluation_logic:60] - Parsed unknown issue category 'narrative_depth_and_length' in block 13 for Ch 3. Defaulting to 'meta'. Block: ISSUE CATEGORY: narrative_depth_and_length
PROBLEM DESCRIPTION: The chapter lacks a strong emotional
2025-05-22 07:38:55 - WARNING - [chapter_evaluation_logic:60] - Parsed unknown issue category 'narrative_depth_and_length' in block 14 for Ch 3. Defaulting to 'meta'. Block: ISSUE CATEGORY: narrative_depth_and_length
PROBLEM DESCRIPTION: The dialogue between Sága and Lira i
2025-05-22 07:38:55 - WARNING - [chapter_evaluation_logic:60] - Parsed unknown issue category 'narrative_depth_and_length' in block 15 for Ch 3. Defaulting to 'meta'. Block: ISSUE CATEGORY: narrative_depth_and_length
PROBLEM DESCRIPTION: The chapter lacks sufficient pacing 
2025-05-22 07:38:55 - WARNING - [chapter_evaluation_logic:60] - Parsed unknown issue category 'narrative_depth_and_length' in block 16 for Ch 3. Defaulting to 'meta'. Block: ISSUE CATEGORY: narrative_depth_and_length
PROBLEM DESCRIPTION: The chapter is underdeveloped in ter
2025-05-22 07:38:55 - WARNING - [chapter_evaluation_logic:60] - Parsed unknown issue category 'narrative_depth_and_length' in block 17 for Ch 3. Defaulting to 'meta'. Block: ISSUE CATEGORY: narrative_depth_and_length
PROBLEM DESCRIPTION: The chapter lacks a clear emotional 
2025-05-22 07:38:55 - WARNING - [chapter_evaluation_logic:60] - Parsed unknown issue category 'narrative_depth_and_length' in block 18 for Ch 3. Defaulting to 'meta'. Block: ISSUE CATEGORY: narrative_depth_and_length
PROBLEM DESCRIPTION: The chapter’s length is insufficient
2025-05-22 07:38:55 - WARNING - [chapter_evaluation_logic:386] - Problem quote for Ch 3 NOT FOUND VERBATIM in chapter text: '"The Grid isn’t just failing—it’s growing, feeding...'. This may fail patching. Problem: The Grid's function is inconsistent with established lore. In Chapter 2, it was revealed that the Grid consumes souls, but in this chapter, it is described as a "prison for the dead" and "a prison for the souls," which implies containment rather than consumption. This contradicts earlier descriptions of the Grid as an active system that *takes* lives to fuel itself.
2025-05-22 07:38:55 - WARNING - [chapter_evaluation_logic:386] - Problem quote for Ch 3 NOT FOUND VERBATIM in chapter text: '"The Grid isn’t just failing—it’s growing, feeding...'. This may fail patching. Problem: The theme of "the cost of power" is touched upon but not deeply explored. Sága’s realization about the Grid consuming souls is present, but the emotional and philosophical weight of that revelation—what it means for their arc or for the world—is underdeveloped. The chapter lacks a moment where Sága reflects on the moral implications of the Grid’s power.
2025-05-22 07:38:55 - WARNING - [chapter_evaluation_logic:386] - Problem quote for Ch 3 NOT FOUND VERBATIM in chapter text: '"The Grid’s pulse was stronger here, more oppressi...'. This may fail patching. Problem: The chapter lacks sufficient descriptive detail in key scenes, particularly in the core chamber and during the confrontation with Tarnis. The emotional weight of Sága’s discoveries is underdeveloped, and the pacing feels rushed in critical moments. Additionally, the overall length falls short of the 15,000-character target.
2025-05-22 07:38:55 - WARNING - [chapter_evaluation_logic:386] - Problem quote for Ch 3 NOT FOUND VERBATIM in chapter text: '"I remember fragments... I thought I could change ...'. This may fail patching. Problem: The Free Scribes are described as a secretive group in Chapter 2, but Jorin reveals too much information about the Grid’s true nature in this chapter without sufficient justification or risk. This undermines the secrecy of the faction and may conflict with their established traits.
2025-05-22 07:38:55 - WARNING - [chapter_evaluation_logic:386] - Problem quote for Ch 3 NOT FOUND VERBATIM in chapter text: '"They were part of the system now. And so was the ...'. This may fail patching. Problem: The chapter ends on a cliffhanger with Sága being pulled into the Grid's system, but this moment lacks clarity and impact. It is not clearly established whether this is a vision, a physical transformation, or a symbolic step in their arc. This weakens the narrative momentum of Plot Point #3.
2025-05-22 07:38:55 - WARNING - [chapter_evaluation_logic:386] - Problem quote for Ch 3 NOT FOUND VERBATIM in chapter text: '"They would destroy the core, no matter what it co...'. This may fail patching. Problem: The theme of "the cost of power" is not fully realized in the chapter’s resolution. While Sága decides to destroy the Grid, there is no reflection on what that decision means for them personally or for the world. This weakens the thematic weight of their choice.
2025-05-22 07:38:55 - WARNING - [chapter_evaluation_logic:386] - Problem quote for Ch 3 NOT FOUND VERBATIM in chapter text: '"I’ve already paid too much."...'. This may fail patching. Problem: The chapter lacks sufficient character introspection for Sága. While they feel fear and resolve, there is no deep exploration of how these revelations impact their worldview or their arc of learning something important. This weakens the emotional depth of their journey.
2025-05-22 07:38:55 - WARNING - [chapter_evaluation_logic:386] - Problem quote for Ch 3 NOT FOUND VERBATIM in chapter text: '"The Grid isn’t just failing—it’s growing, feeding...'. This may fail patching. Problem: The Grid is described as a "prison for the dead" in this chapter, but earlier chapters suggest it consumes souls rather than traps them. This contradiction could confuse readers about the Grid’s true function.
2025-05-22 07:38:55 - WARNING - [chapter_evaluation_logic:386] - Problem quote for Ch 3 NOT FOUND VERBATIM in chapter text: '"They were part of the system now. And so was the ...'. This may fail patching. Problem: The chapter’s ending is abrupt and lacks closure for the current arc. While Sága makes a decision, there is no immediate consequence or emotional payoff that would satisfy readers or set up future chapters effectively.
2025-05-22 07:38:55 - WARNING - [chapter_evaluation_logic:386] - Problem quote for Ch 3 NOT FOUND VERBATIM in chapter text: '"The air was thick with dust and the scent of burn...'. This may fail patching. Problem: The chapter is too short for the amount of world-building and character development it attempts to cover. Key locations like the Hollow Expanse and the Citadel are only briefly described, which limits immersion and understanding of the setting.
2025-05-22 07:38:55 - WARNING - [chapter_evaluation_logic:386] - Problem quote for Ch 3 NOT FOUND VERBATIM in chapter text: '"They had come far, but now the Grid was coming fo...'. This may fail patching. Problem: The chapter lacks sufficient pacing variation. It moves too quickly through key moments, reducing the impact of revelations and character decisions. A more deliberate pace would enhance the horror elements and thematic resonance.
2025-05-22 07:38:55 - WARNING - [chapter_evaluation_logic:386] - Problem quote for Ch 3 NOT FOUND VERBATIM in chapter text: '"Jorin’s hand tightened on their shoulder."...'. This may fail patching. Problem: The chapter is underdeveloped in terms of character relationships. While Jorin and Lira are present, their interactions with Sága lack depth or progression, which weakens the sense of unity and shared purpose.
2025-05-22 07:38:55 - WARNING - [chapter_evaluation_logic:386] - Problem quote for Ch 3 NOT FOUND VERBATIM in chapter text: '"The Grid was speaking to them. Not just as a mach...'. This may fail patching. Problem: The chapter lacks a clear emotional payoff for the reader. While it introduces new information, it doesn’t fully immerse the reader in the stakes of Sága’s journey or their transformation.
2025-05-22 07:38:55 - INFO - [chapter_evaluation_logic:390] - Evaluation for Ch 3 complete. Needs revision: True. Summary reasons: Consistency issues identified by LLM.; Meta/Uncategorized issues identified by LLM.; Plot Arc deviation identified by LLM.. Detailed problems: 18
2025-05-22 07:38:55 - ERROR - [novel_agent:191] - Revised draft for ch 3 STILL FAILED evaluation. Reasons: Consistency issues identified by LLM.; Meta/Uncategorized issues identified by LLM.; Plot Arc deviation identified by LLM.
2025-05-22 07:38:55 - WARNING - [novel_agent:197] - Proceeding with revised draft (23599 chars) despite failing re-evaluation, as it's preferred over original (21118 chars) or original was too short.
2025-05-22 07:38:55 - INFO - [novel_agent:232] - Finalizing chapter 3 (From flawed draft: True). Text length: 23599.
2025-05-22 07:39:03 - INFO - [httpx:1740] - HTTP Request: POST http://127.0.0.1:8080/v1/chat/completions "HTTP/1.1 200 OK"
2025-05-22 07:39:03 - INFO - [llm_interface:239] - Async: LLM ('Qwen3-4B') Usage - Prompt: 5473 tk, Comp: 99 tk, Total: 5572 tk
2025-05-22 07:39:03 - INFO - [knowledge_management_logic:60] - Generated summary for ch 3: '</think>

Sága discovers that the Grid is not just a power source but a prison that consumes souls,...'
2025-05-22 07:39:03 - INFO - [state_manager:616] - Neo4j: Successfully saved chapter data (including embedding) for chapter 3.
2025-05-22 07:39:03 - INFO - [novel_agent:259] - Saved chapter text and raw LLM log files for ch 3.
2025-05-22 07:39:03 - INFO - [novel_agent:263] - Core finalization complete for ch 3.
2025-05-22 07:39:03 - INFO - [knowledge_management_logic:883] - Updating all knowledge bases for ch 3 (Source from flawed draft: True)...
2025-05-22 07:39:03 - INFO - [knowledge_management_logic:581] - Performing unified knowledge extraction (plain text) for Chapter 3...
2025-05-22 07:39:03 - INFO - [prompt_data_getters:298] - Fetching and formatting filtered character profiles as PLAIN TEXT up to chapter 2.
2025-05-22 07:39:03 - INFO - [prompt_data_getters:379] - Fetching and formatting filtered world data as PLAIN TEXT up to chapter 2.
2025-05-22 07:39:03 - WARNING - [prompt_data_getters:364] - World item 'category_updated_in_chapter_1' in category 'locations' is not a dict. Skipping.
2025-05-22 07:39:03 - WARNING - [prompt_data_getters:364] - World item 'category_updated_in_chapter_2' in category 'locations' is not a dict. Skipping.
2025-05-22 07:39:03 - WARNING - [prompt_data_getters:364] - World item 'category_updated_in_chapter_1' in category 'systems' is not a dict. Skipping.
2025-05-22 07:39:03 - WARNING - [prompt_data_getters:364] - World item 'category_updated_in_chapter_2' in category 'systems' is not a dict. Skipping.
2025-05-22 07:39:03 - WARNING - [prompt_data_getters:364] - World item 'category_updated_in_chapter_1' in category 'lore' is not a dict. Skipping.
2025-05-22 07:39:03 - WARNING - [prompt_data_getters:364] - World item 'category_updated_in_chapter_2' in category 'lore' is not a dict. Skipping.
2025-05-22 07:39:03 - WARNING - [prompt_data_getters:364] - World item 'category_updated_in_chapter_2' in category 'factions' is not a dict. Skipping.
2025-05-22 07:39:03 - INFO - [knowledge_management_logic:701] - Calling LLM (Qwen3-8B) for unified knowledge extraction (Ch 3).
2025-05-22 07:39:11 - INFO - [httpx:1740] - HTTP Request: POST http://127.0.0.1:8080/v1/chat/completions "HTTP/1.1 200 OK"
2025-05-22 07:39:40 - INFO - [llm_interface:239] - Async: Streamed LLM ('Qwen3-8B') Usage - Prompt: 9507 tk, Comp: 1150 tk, Total: 10657 tk
2025-05-22 07:39:40 - INFO - [knowledge_management_logic:740] - Unified knowledge extraction (plain text parsing) for Ch 3 complete. Char updates: 4, World updates categories: 4, KG Triples: 22.
2025-05-22 07:39:40 - INFO - [knowledge_management_logic:168] - Merging character profile updates for ch 3. Characters in update: ['Sága', 'Jorin', 'Lira', 'Tarnis']
2025-05-22 07:39:40 - INFO - [knowledge_management_logic:109] - Applied trait modifications for 'Sága'. New traits: ['Curious', 'Determined', 'Haunted', 'Inquisitive', 'Resolute', 'Resourceful', 'Unwavering']
2025-05-22 07:39:40 - INFO - [knowledge_management_logic:114] - Applied modification to 'status' for 'Jorin'. New value: 'Faced with imminent capture...'
2025-05-22 07:39:40 - INFO - [knowledge_management_logic:136] - Prepared new character profile for 'Lira'.
2025-05-22 07:39:40 - INFO - [knowledge_management_logic:109] - Applied trait modifications for 'Lira'. New traits: ['Determined', 'Intelligent', 'Resolute']
2025-05-22 07:39:40 - INFO - [knowledge_management_logic:136] - Prepared new character profile for 'Tarnis'.
2025-05-22 07:39:40 - INFO - [knowledge_management_logic:114] - Applied modification to 'status' for 'Tarnis'. New value: 'Confronting Sága in the Citadel...'
2025-05-22 07:39:40 - INFO - [knowledge_management_logic:199] - Character profile Python dict merge complete for ch 3. Updated: 2, New: 2.
2025-05-22 07:39:40 - INFO - [knowledge_management_logic:265] - Merging world-building updates for ch 3. Categories in update: ['systems', 'lore', 'locations', 'factions']
2025-05-22 07:39:40 - INFO - [knowledge_management_logic:114] - Applied modification to 'description' for 'systems.Aetheric Grid'. New value: 'Is a prison for the dead', MODIFY atmosphere: 'Now charged with magica...'
2025-05-22 07:39:40 - INFO - [knowledge_management_logic:114] - Applied modification to 'description' for 'lore.The Pact of Silence'. New value: 'Enables the Grid’s soul-harvesting function...'
2025-05-22 07:39:40 - INFO - [knowledge_management_logic:114] - Applied modification to 'atmosphere' for 'locations.The Hollow Expanse'. New value: 'Now feels like a place of memory and loss...'
2025-05-22 07:39:40 - INFO - [knowledge_management_logic:114] - Applied modification to 'goals' for 'factions.The Dominion Council'. New value: 'ADD 'Prevent any disruption of the Grid's operation...'
2025-05-22 07:39:40 - INFO - [knowledge_management_logic:305] - World-building Python dict merge complete for ch 3. Approx 4 items affected/added.
2025-05-22 07:39:40 - INFO - [knowledge_management_logic:921] - KG update from unified_extraction for ch 3: Added 22 triples, skipped 0.
2025-05-22 07:39:40 - INFO - [knowledge_management_logic:924] - Unified knowledge extraction processing complete for ch 3. In-memory dicts updated, KG triples sent to Neo4j.
2025-05-22 07:39:40 - INFO - [novel_agent:72] - Saving agent state (plot, characters, world) to Neo4j (decomposed)...
2025-05-22 07:39:40 - INFO - [state_manager:152] - Saving decomposed plot outline to Neo4j using MERGE...
2025-05-22 07:39:40 - INFO - [state_manager:251] - Saving decomposed character profiles to Neo4j using MERGE...
2025-05-22 07:39:40 - INFO - [state_manager:399] - Saving decomposed world building data to Neo4j using MERGE...
2025-05-22 07:39:40 - WARNING - [state_manager:444] - Skipping item 'category_updated_in_chapter_1' in world category 'locations' because its details_dict is not a dictionary (type: <class 'bool'>). Value: True
2025-05-22 07:39:40 - WARNING - [state_manager:444] - Skipping item 'category_updated_in_chapter_2' in world category 'locations' because its details_dict is not a dictionary (type: <class 'bool'>). Value: True
2025-05-22 07:39:40 - WARNING - [state_manager:444] - Skipping item 'category_updated_in_chapter_3' in world category 'locations' because its details_dict is not a dictionary (type: <class 'bool'>). Value: True
2025-05-22 07:39:40 - WARNING - [state_manager:444] - Skipping item 'category_updated_in_chapter_1' in world category 'systems' because its details_dict is not a dictionary (type: <class 'bool'>). Value: True
2025-05-22 07:39:40 - WARNING - [state_manager:444] - Skipping item 'category_updated_in_chapter_2' in world category 'systems' because its details_dict is not a dictionary (type: <class 'bool'>). Value: True
2025-05-22 07:39:40 - WARNING - [state_manager:444] - Skipping item 'category_updated_in_chapter_3' in world category 'systems' because its details_dict is not a dictionary (type: <class 'bool'>). Value: True
2025-05-22 07:39:40 - WARNING - [state_manager:444] - Skipping item 'category_updated_in_chapter_1' in world category 'lore' because its details_dict is not a dictionary (type: <class 'bool'>). Value: True
2025-05-22 07:39:40 - WARNING - [state_manager:444] - Skipping item 'category_updated_in_chapter_2' in world category 'lore' because its details_dict is not a dictionary (type: <class 'bool'>). Value: True
2025-05-22 07:39:40 - WARNING - [state_manager:444] - Skipping item 'category_updated_in_chapter_3' in world category 'lore' because its details_dict is not a dictionary (type: <class 'bool'>). Value: True
2025-05-22 07:39:40 - WARNING - [state_manager:444] - Skipping item 'category_updated_in_chapter_2' in world category 'factions' because its details_dict is not a dictionary (type: <class 'bool'>). Value: True
2025-05-22 07:39:40 - WARNING - [state_manager:444] - Skipping item 'category_updated_in_chapter_3' in world category 'factions' because its details_dict is not a dictionary (type: <class 'bool'>). Value: True
2025-05-22 07:39:40 - WARNING - [state_manager:433] - Skipping world category 'source' because its value is not a dictionary (type: <class 'str'>). Value: llm_generated
2025-05-22 07:39:40 - ERROR - [state_manager:90] - Error in Cypher batch execution: {code: Neo.ClientError.Statement.SyntaxError} {message: Invalid input '{': expected an identifier or '}' (line 2, column 57 (offset: 57))
"                                MATCH (we:WorldElement {{id: $we_id_val}})"
                                                         ^}. Rolling back.
neo4j.exceptions.GqlError: {gql_status: 42I06} {gql_status_description: error: syntax error or access rule violation - invalid input. Invalid input '{', expected: an identifier or '}'.} {message: 42I06: Invalid input '{', expected: an identifier or '}'.} {diagnostic_record: {'_classification': 'CLIENT_ERROR', '_position': {'column': 57, 'offset': 57, 'line': 2}, 'OPERATION': '', 'OPERATION_CODE': '0', 'CURRENT_SCHEMA': '/'}} {raw_classification: CLIENT_ERROR}

The above exception was the direct cause of the following exception:

Traceback (most recent call last):
  File "/home/dlewis3/Desktop/AI/saga/state_manager.py", line 86, in execute_cypher_batch
    await tx.run(query, params)
  File "/home/dlewis3/Desktop/AI/saga/.venv/lib/python3.13/site-packages/neo4j/_async/work/transaction.py", line 206, in run
    await result._tx_ready_run(query, parameters)
  File "/home/dlewis3/Desktop/AI/saga/.venv/lib/python3.13/site-packages/neo4j/_async/work/result.py", line 177, in _tx_ready_run
    await self._run(query, parameters, None, None, None, None, None, None)
  File "/home/dlewis3/Desktop/AI/saga/.venv/lib/python3.13/site-packages/neo4j/_async/work/result.py", line 236, in _run
    await self._attach()
  File "/home/dlewis3/Desktop/AI/saga/.venv/lib/python3.13/site-packages/neo4j/_async/work/result.py", line 430, in _attach
    await self._connection.fetch_message()
  File "/home/dlewis3/Desktop/AI/saga/.venv/lib/python3.13/site-packages/neo4j/_async/io/_common.py", line 195, in inner
    await coroutine_func(*args, **kwargs)
  File "/home/dlewis3/Desktop/AI/saga/.venv/lib/python3.13/site-packages/neo4j/_async/io/_bolt.py", line 864, in fetch_message
    res = await self._process_message(tag, fields)
          ^^^^^^^^^^^^^^^^^^^^^^^^^^^^^^^^^^^^^^^^
  File "/home/dlewis3/Desktop/AI/saga/.venv/lib/python3.13/site-packages/neo4j/_async/io/_bolt5.py", line 1208, in _process_message
    await response.on_failure(summary_metadata or {})
  File "/home/dlewis3/Desktop/AI/saga/.venv/lib/python3.13/site-packages/neo4j/_async/io/_common.py", line 254, in on_failure
    raise self._hydrate_error(metadata)
neo4j.exceptions.CypherSyntaxError: {code: Neo.ClientError.Statement.SyntaxError} {message: Invalid input '{': expected an identifier or '}' (line 2, column 57 (offset: 57))
"                                MATCH (we:WorldElement {{id: $we_id_val}})"
                                                         ^}
2025-05-22 07:39:40 - ERROR - [state_manager:504] - Error saving decomposed world building data with MERGE: {code: Neo.ClientError.Statement.SyntaxError} {message: Invalid input '{': expected an identifier or '}' (line 2, column 57 (offset: 57))
"                                MATCH (we:WorldElement {{id: $we_id_val}})"
                                                         ^}
neo4j.exceptions.GqlError: {gql_status: 42I06} {gql_status_description: error: syntax error or access rule violation - invalid input. Invalid input '{', expected: an identifier or '}'.} {message: 42I06: Invalid input '{', expected: an identifier or '}'.} {diagnostic_record: {'_classification': 'CLIENT_ERROR', '_position': {'column': 57, 'offset': 57, 'line': 2}, 'OPERATION': '', 'OPERATION_CODE': '0', 'CURRENT_SCHEMA': '/'}} {raw_classification: CLIENT_ERROR}

The above exception was the direct cause of the following exception:

Traceback (most recent call last):
  File "/home/dlewis3/Desktop/AI/saga/state_manager.py", line 498, in save_world_building
    await self.execute_cypher_batch(statements)
  File "/home/dlewis3/Desktop/AI/saga/state_manager.py", line 86, in execute_cypher_batch
    await tx.run(query, params)
  File "/home/dlewis3/Desktop/AI/saga/.venv/lib/python3.13/site-packages/neo4j/_async/work/transaction.py", line 206, in run
    await result._tx_ready_run(query, parameters)
  File "/home/dlewis3/Desktop/AI/saga/.venv/lib/python3.13/site-packages/neo4j/_async/work/result.py", line 177, in _tx_ready_run
    await self._run(query, parameters, None, None, None, None, None, None)
  File "/home/dlewis3/Desktop/AI/saga/.venv/lib/python3.13/site-packages/neo4j/_async/work/result.py", line 236, in _run
    await self._attach()
  File "/home/dlewis3/Desktop/AI/saga/.venv/lib/python3.13/site-packages/neo4j/_async/work/result.py", line 430, in _attach
    await self._connection.fetch_message()
  File "/home/dlewis3/Desktop/AI/saga/.venv/lib/python3.13/site-packages/neo4j/_async/io/_common.py", line 195, in inner
    await coroutine_func(*args, **kwargs)
  File "/home/dlewis3/Desktop/AI/saga/.venv/lib/python3.13/site-packages/neo4j/_async/io/_bolt.py", line 864, in fetch_message
    res = await self._process_message(tag, fields)
          ^^^^^^^^^^^^^^^^^^^^^^^^^^^^^^^^^^^^^^^^
  File "/home/dlewis3/Desktop/AI/saga/.venv/lib/python3.13/site-packages/neo4j/_async/io/_bolt5.py", line 1208, in _process_message
    await response.on_failure(summary_metadata or {})
  File "/home/dlewis3/Desktop/AI/saga/.venv/lib/python3.13/site-packages/neo4j/_async/io/_common.py", line 254, in on_failure
    raise self._hydrate_error(metadata)
neo4j.exceptions.CypherSyntaxError: {code: Neo.ClientError.Statement.SyntaxError} {message: Invalid input '{': expected an identifier or '}' (line 2, column 57 (offset: 57))
"                                MATCH (we:WorldElement {{id: $we_id_val}})"
                                                         ^}
2025-05-22 07:39:40 - INFO - [state_manager:88] - Successfully executed batch of 17 Cypher statements.
2025-05-22 07:39:40 - INFO - [state_manager:211] - Successfully saved decomposed plot outline to Neo4j using MERGE.
2025-05-22 07:39:40 - INFO - [state_manager:88] - Successfully executed batch of 40 Cypher statements.
2025-05-22 07:39:40 - INFO - [state_manager:331] - Successfully saved decomposed character profiles to Neo4j using MERGE.
2025-05-22 07:39:40 - INFO - [novel_agent:88] - Successfully saved plot_outline to Neo4j (decomposed).
2025-05-22 07:39:40 - INFO - [novel_agent:88] - Successfully saved character_profiles to Neo4j (decomposed).
2025-05-22 07:39:40 - WARNING - [novel_agent:90] - Unexpected return value from save_world_building (decomposed): False
2025-05-22 07:39:40 - WARNING - [novel_agent:95] - Only 2/3 state objects saved to Neo4j (decomposed) successfully.
2025-05-22 07:39:40 - INFO - [novel_agent:228] - === Finished Ch 3 With Flaws (Marked as flawed due to evaluation or length issues) ===
2025-05-22 07:39:40 - INFO - [state_manager:579] - Neo4j loaded chapter count: 3
2025-05-22 07:39:40 - INFO - [__main__:184] - --- Saga Novel Generation Run Finished. Final Neo4j chapter count: 3 ---
2025-05-22 07:39:40 - INFO - [state_manager:54] - Neo4j driver closed.
2025-05-22 07:39:40 - INFO - [__main__:188] - Neo4j driver successfully closed on application exit.
